---------------------------------------------------------------
[ 2018-04-01T23:25:59+08:00 ] 127.0.0.1 GET /public/index.php
[ info ] www.appnews.com/public/index.php [运行时间：3.222040s][吞吐率：0.31req/s] [内存消耗：1,299.30kb] [文件加载：45]
[ info ] [ LANG ] F:\appnews\thinkphp\lang\zh-cn.php
[ info ] [ ROUTE ] array (
  'type' => 'module',
  'module' => 
  array (
    0 => '',
    1 => NULL,
    2 => NULL,
  ),
)
[ info ] [ HEADER ] array (
  'cookie' => 'pgv_pvi=3343246336; Hm_lvt_080836300300be57b7f34f4b3e97d911=1515745273',
  'accept-language' => 'zh-CN,zh;q=0.9',
  'accept-encoding' => 'gzip, deflate',
  'accept' => 'text/html,application/xhtml+xml,application/xml;q=0.9,image/webp,image/apng,*/*;q=0.8',
  'user-agent' => 'Mozilla/5.0 (Windows NT 10.0; WOW64) AppleWebKit/537.36 (KHTML, like Gecko) Chrome/65.0.3325.181 Safari/537.36',
  'upgrade-insecure-requests' => '1',
  'connection' => 'close',
  'host' => 'www.appnews.com',
)
[ info ] [ PARAM ] array (
)
[ info ] [ RUN ] app\admin\controller\Index->index[ F:\appnews\application\admin\controller\Index.php ]
[ info ] [ VIEW ] F:\appnews\public/../application/admin\view\index\index.html [ array (
) ]
[ info ] [ SESSION ] INIT array (
  'id' => '',
  'var_session_id' => '',
  'prefix' => 'think',
  'type' => '',
  'auto_start' => true,
)
[ info ] [ LOG ] INIT File
---------------------------------------------------------------
[ 2018-04-01T23:25:59+08:00 ] 127.0.0.1 GET /public/index.php/admin/index/welcome.html
[ info ] www.appnews.com/public/index.php/admin/index/welcome.html [运行时间：0.239301s][吞吐率：4.18req/s] [内存消耗：1,251.50kb] [文件加载：44]
[ info ] [ LANG ] F:\appnews\thinkphp\lang\zh-cn.php
[ info ] [ ROUTE ] array (
  'type' => 'module',
  'module' => 
  array (
    0 => 'admin',
    1 => 'index',
    2 => 'welcome',
  ),
)
[ info ] [ HEADER ] array (
  'cookie' => 'pgv_pvi=3343246336; Hm_lvt_080836300300be57b7f34f4b3e97d911=1515745273; PHPSESSID=5ga2nu7k49lth5elvr7dg4bi01',
  'accept-language' => 'zh-CN,zh;q=0.9',
  'accept-encoding' => 'gzip, deflate',
  'referer' => 'http://www.appnews.com/public/index.php',
  'accept' => 'text/html,application/xhtml+xml,application/xml;q=0.9,image/webp,image/apng,*/*;q=0.8',
  'user-agent' => 'Mozilla/5.0 (Windows NT 10.0; WOW64) AppleWebKit/537.36 (KHTML, like Gecko) Chrome/65.0.3325.181 Safari/537.36',
  'upgrade-insecure-requests' => '1',
  'connection' => 'close',
  'host' => 'www.appnews.com',
)
[ info ] [ PARAM ] array (
)
[ info ] [ RUN ] app\admin\controller\Index->welcome[ F:\appnews\application\admin\controller\Index.php ]
[ info ] [ VIEW ] F:\appnews\public/../application/admin\view\index\welcome.html [ array (
) ]
[ info ] [ LOG ] INIT File
---------------------------------------------------------------
[ 2018-04-01T23:26:00+08:00 ] 127.0.0.1 GET /public/index.php/admin/index/lib/jquery/1.9.1/jquery.min.js
[ info ] www.appnews.com/public/index.php/admin/index/lib/jquery/1.9.1/jquery.min.js [运行时间：0.683150s][吞吐率：1.46req/s] [内存消耗：1,275.06kb] [文件加载：46]
[ info ] [ LANG ] F:\appnews\thinkphp\lang\zh-cn.php
[ info ] [ ROUTE ] array (
  'type' => 'module',
  'module' => 
  array (
    0 => 'admin',
    1 => 'index',
    2 => 'lib',
  ),
)
[ info ] [ HEADER ] array (
  'cookie' => 'pgv_pvi=3343246336; Hm_lvt_080836300300be57b7f34f4b3e97d911=1515745273; PHPSESSID=5ga2nu7k49lth5elvr7dg4bi01',
  'accept-language' => 'zh-CN,zh;q=0.9',
  'accept-encoding' => 'gzip, deflate',
  'referer' => 'http://www.appnews.com/public/index.php/admin/index/welcome.html',
  'accept' => '*/*',
  'user-agent' => 'Mozilla/5.0 (Windows NT 10.0; WOW64) AppleWebKit/537.36 (KHTML, like Gecko) Chrome/65.0.3325.181 Safari/537.36',
  'connection' => 'close',
  'host' => 'www.appnews.com',
)
[ info ] [ PARAM ] array (
  'jquery' => '1.9.1',
)
[ info ] [ LOG ] INIT File
---------------------------------------------------------------
[ 2018-04-01T23:26:00+08:00 ] 127.0.0.1 GET /public/index.php/admin/index/static/h-ui/js/H-ui.min.js
[ info ] www.appnews.com/public/index.php/admin/index/static/h-ui/js/H-ui.min.js [运行时间：0.084950s][吞吐率：11.77req/s] [内存消耗：1,275.05kb] [文件加载：46]
[ info ] [ LANG ] F:\appnews\thinkphp\lang\zh-cn.php
[ info ] [ ROUTE ] array (
  'type' => 'module',
  'module' => 
  array (
    0 => 'admin',
    1 => 'index',
    2 => 'static',
  ),
)
[ info ] [ HEADER ] array (
  'cookie' => 'pgv_pvi=3343246336; Hm_lvt_080836300300be57b7f34f4b3e97d911=1515745273; PHPSESSID=5ga2nu7k49lth5elvr7dg4bi01',
  'accept-language' => 'zh-CN,zh;q=0.9',
  'accept-encoding' => 'gzip, deflate',
  'referer' => 'http://www.appnews.com/public/index.php/admin/index/welcome.html',
  'accept' => '*/*',
  'user-agent' => 'Mozilla/5.0 (Windows NT 10.0; WOW64) AppleWebKit/537.36 (KHTML, like Gecko) Chrome/65.0.3325.181 Safari/537.36',
  'connection' => 'close',
  'host' => 'www.appnews.com',
)
[ info ] [ PARAM ] array (
  'ui' => 'js',
)
[ info ] [ LOG ] INIT File
---------------------------------------------------------------
[ 2018-04-01T23:26:17+08:00 ] 127.0.0.1 GET /public/index.php/login/login
[ info ] www.appnews.com/public/index.php/login/login [运行时间：0.114110s][吞吐率：8.76req/s] [内存消耗：1,074.01kb] [文件加载：38]
[ info ] [ LANG ] F:\appnews\thinkphp\lang\zh-cn.php
[ info ] [ ROUTE ] array (
  'type' => 'module',
  'module' => 
  array (
    0 => 'login',
    1 => 'login',
    2 => NULL,
  ),
)
[ info ] [ HEADER ] array (
  'cookie' => 'pgv_pvi=3343246336; Hm_lvt_080836300300be57b7f34f4b3e97d911=1515745273; PHPSESSID=5ga2nu7k49lth5elvr7dg4bi01',
  'accept-language' => 'zh-CN,zh;q=0.9',
  'accept-encoding' => 'gzip, deflate',
  'accept' => 'text/html,application/xhtml+xml,application/xml;q=0.9,image/webp,image/apng,*/*;q=0.8',
  'user-agent' => 'Mozilla/5.0 (Windows NT 10.0; WOW64) AppleWebKit/537.36 (KHTML, like Gecko) Chrome/65.0.3325.181 Safari/537.36',
  'upgrade-insecure-requests' => '1',
  'connection' => 'close',
  'host' => 'www.appnews.com',
)
[ info ] [ PARAM ] array (
)
[ info ] [ LOG ] INIT File
---------------------------------------------------------------
[ 2018-04-01T23:27:00+08:00 ] 127.0.0.1 GET /public/index.php/admin/login/login
[ info ] www.appnews.com/public/index.php/admin/login/login [运行时间：0.694818s][吞吐率：1.44req/s] [内存消耗：1,420.39kb] [文件加载：47]
[ info ] [ LANG ] F:\appnews\thinkphp\lang\zh-cn.php
[ info ] [ ROUTE ] array (
  'type' => 'module',
  'module' => 
  array (
    0 => 'admin',
    1 => 'login',
    2 => 'login',
  ),
)
[ info ] [ HEADER ] array (
  'cookie' => 'pgv_pvi=3343246336; Hm_lvt_080836300300be57b7f34f4b3e97d911=1515745273; PHPSESSID=5ga2nu7k49lth5elvr7dg4bi01',
  'accept-language' => 'zh-CN,zh;q=0.9',
  'accept-encoding' => 'gzip, deflate',
  'accept' => 'text/html,application/xhtml+xml,application/xml;q=0.9,image/webp,image/apng,*/*;q=0.8',
  'user-agent' => 'Mozilla/5.0 (Windows NT 10.0; WOW64) AppleWebKit/537.36 (KHTML, like Gecko) Chrome/65.0.3325.181 Safari/537.36',
  'upgrade-insecure-requests' => '1',
  'connection' => 'close',
  'host' => 'www.appnews.com',
)
[ info ] [ PARAM ] array (
)
[ info ] [ RUN ] app\admin\controller\Login->login[ F:\appnews\application\admin\controller\Login.php ]
[ info ] [ VIEW ] F:\appnews\public/../application/admin\view\login\login.html [ array (
) ]
[ info ] [ LOG ] INIT File
---------------------------------------------------------------
[ 2018-04-01T23:27:01+08:00 ] 127.0.0.1 GET /public/index.php/admin/login/show_captcha.html
[ info ] www.appnews.com/public/index.php/admin/login/show_captcha.html [运行时间：0.451559s][吞吐率：2.21req/s] [内存消耗：1,293.27kb] [文件加载：44]
[ info ] [ LANG ] F:\appnews\thinkphp\lang\zh-cn.php
[ info ] [ ROUTE ] array (
  'type' => 'module',
  'module' => 
  array (
    0 => 'admin',
    1 => 'login',
    2 => 'show_captcha',
  ),
)
[ info ] [ HEADER ] array (
  'cookie' => 'pgv_pvi=3343246336; Hm_lvt_080836300300be57b7f34f4b3e97d911=1515745273; PHPSESSID=5ga2nu7k49lth5elvr7dg4bi01',
  'accept-language' => 'zh-CN,zh;q=0.9',
  'accept-encoding' => 'gzip, deflate',
  'referer' => 'http://www.appnews.com/public/index.php/admin/login/login',
  'accept' => 'image/webp,image/apng,image/*,*/*;q=0.8',
  'user-agent' => 'Mozilla/5.0 (Windows NT 10.0; WOW64) AppleWebKit/537.36 (KHTML, like Gecko) Chrome/65.0.3325.181 Safari/537.36',
  'connection' => 'close',
  'host' => 'www.appnews.com',
)
[ info ] [ PARAM ] array (
)
[ info ] [ RUN ] app\admin\controller\Login->show_captcha[ F:\appnews\application\admin\controller\Login.php ]
[ info ] [ SESSION ] INIT array (
  'id' => '',
  'var_session_id' => '',
  'prefix' => 'think',
  'type' => '',
  'auto_start' => true,
)
[ info ] [ LOG ] INIT File
---------------------------------------------------------------
[ 2018-04-01T23:27:08+08:00 ] 127.0.0.1 GET /public/index.php/admin/login/show_captcha/id/%22+Math.random%28%29+++%22.html
[ info ] www.appnews.com/public/index.php/admin/login/show_captcha/id/%22+Math.random%28%29+++%22.html [运行时间：0.102211s][吞吐率：9.78req/s] [内存消耗：1,294.05kb] [文件加载：44]
[ info ] [ LANG ] F:\appnews\thinkphp\lang\zh-cn.php
[ info ] [ ROUTE ] array (
  'type' => 'module',
  'module' => 
  array (
    0 => 'admin',
    1 => 'login',
    2 => 'show_captcha',
  ),
)
[ info ] [ HEADER ] array (
  'cookie' => 'pgv_pvi=3343246336; Hm_lvt_080836300300be57b7f34f4b3e97d911=1515745273; PHPSESSID=5ga2nu7k49lth5elvr7dg4bi01',
  'accept-language' => 'zh-CN,zh;q=0.9',
  'accept-encoding' => 'gzip, deflate',
  'referer' => 'http://www.appnews.com/public/index.php/admin/login/login',
  'accept' => 'image/webp,image/apng,image/*,*/*;q=0.8',
  'user-agent' => 'Mozilla/5.0 (Windows NT 10.0; WOW64) AppleWebKit/537.36 (KHTML, like Gecko) Chrome/65.0.3325.181 Safari/537.36',
  'connection' => 'close',
  'host' => 'www.appnews.com',
)
[ info ] [ PARAM ] array (
  'id' => '"+Math.random()+++"',
)
[ info ] [ RUN ] app\admin\controller\Login->show_captcha[ F:\appnews\application\admin\controller\Login.php ]
[ info ] [ SESSION ] INIT array (
  'id' => '',
  'var_session_id' => '',
  'prefix' => 'think',
  'type' => '',
  'auto_start' => true,
)
[ info ] [ LOG ] INIT File
---------------------------------------------------------------
[ 2018-04-01T23:27:08+08:00 ] 127.0.0.1 GET /public/index.php/admin/login/show_captcha/id/%22+Math.random%28%29+++%22.html
[ info ] www.appnews.com/public/index.php/admin/login/show_captcha/id/%22+Math.random%28%29+++%22.html [运行时间：0.131994s][吞吐率：7.58req/s] [内存消耗：1,294.05kb] [文件加载：44]
[ info ] [ LANG ] F:\appnews\thinkphp\lang\zh-cn.php
[ info ] [ ROUTE ] array (
  'type' => 'module',
  'module' => 
  array (
    0 => 'admin',
    1 => 'login',
    2 => 'show_captcha',
  ),
)
[ info ] [ HEADER ] array (
  'cookie' => 'pgv_pvi=3343246336; Hm_lvt_080836300300be57b7f34f4b3e97d911=1515745273; PHPSESSID=5ga2nu7k49lth5elvr7dg4bi01',
  'accept-language' => 'zh-CN,zh;q=0.9',
  'accept-encoding' => 'gzip, deflate',
  'referer' => 'http://www.appnews.com/public/index.php/admin/login/login',
  'accept' => 'image/webp,image/apng,image/*,*/*;q=0.8',
  'user-agent' => 'Mozilla/5.0 (Windows NT 10.0; WOW64) AppleWebKit/537.36 (KHTML, like Gecko) Chrome/65.0.3325.181 Safari/537.36',
  'connection' => 'close',
  'host' => 'www.appnews.com',
)
[ info ] [ PARAM ] array (
  'id' => '"+Math.random()+++"',
)
[ info ] [ RUN ] app\admin\controller\Login->show_captcha[ F:\appnews\application\admin\controller\Login.php ]
[ info ] [ SESSION ] INIT array (
  'id' => '',
  'var_session_id' => '',
  'prefix' => 'think',
  'type' => '',
  'auto_start' => true,
)
[ info ] [ LOG ] INIT File
---------------------------------------------------------------
[ 2018-04-01T23:27:09+08:00 ] 127.0.0.1 GET /public/index.php/admin/login/show_captcha/id/%22+Math.random%28%29+++%22.html
[ info ] www.appnews.com/public/index.php/admin/login/show_captcha/id/%22+Math.random%28%29+++%22.html [运行时间：0.129191s][吞吐率：7.74req/s] [内存消耗：1,294.05kb] [文件加载：44]
[ info ] [ LANG ] F:\appnews\thinkphp\lang\zh-cn.php
[ info ] [ ROUTE ] array (
  'type' => 'module',
  'module' => 
  array (
    0 => 'admin',
    1 => 'login',
    2 => 'show_captcha',
  ),
)
[ info ] [ HEADER ] array (
  'cookie' => 'pgv_pvi=3343246336; Hm_lvt_080836300300be57b7f34f4b3e97d911=1515745273; PHPSESSID=5ga2nu7k49lth5elvr7dg4bi01',
  'accept-language' => 'zh-CN,zh;q=0.9',
  'accept-encoding' => 'gzip, deflate',
  'referer' => 'http://www.appnews.com/public/index.php/admin/login/login',
  'accept' => 'image/webp,image/apng,image/*,*/*;q=0.8',
  'user-agent' => 'Mozilla/5.0 (Windows NT 10.0; WOW64) AppleWebKit/537.36 (KHTML, like Gecko) Chrome/65.0.3325.181 Safari/537.36',
  'connection' => 'close',
  'host' => 'www.appnews.com',
)
[ info ] [ PARAM ] array (
  'id' => '"+Math.random()+++"',
)
[ info ] [ RUN ] app\admin\controller\Login->show_captcha[ F:\appnews\application\admin\controller\Login.php ]
[ info ] [ SESSION ] INIT array (
  'id' => '',
  'var_session_id' => '',
  'prefix' => 'think',
  'type' => '',
  'auto_start' => true,
)
[ info ] [ LOG ] INIT File
---------------------------------------------------------------
[ 2018-04-01T23:54:23+08:00 ] 127.0.0.1 GET /public/index.php/admin/login/login
[ info ] www.appnews.com/public/index.php/admin/login/login [运行时间：0.132708s][吞吐率：7.54req/s] [内存消耗：1,301.82kb] [文件加载：47]
[ info ] [ LANG ] F:\appnews\thinkphp\lang\zh-cn.php
[ info ] [ ROUTE ] array (
  'type' => 'module',
  'module' => 
  array (
    0 => 'admin',
    1 => 'login',
    2 => 'login',
  ),
)
[ info ] [ HEADER ] array (
  'cookie' => 'pgv_pvi=3343246336; Hm_lvt_080836300300be57b7f34f4b3e97d911=1515745273; PHPSESSID=5ga2nu7k49lth5elvr7dg4bi01',
  'accept-language' => 'zh-CN,zh;q=0.9',
  'accept-encoding' => 'gzip, deflate',
  'accept' => 'text/html,application/xhtml+xml,application/xml;q=0.9,image/webp,image/apng,*/*;q=0.8',
  'user-agent' => 'Mozilla/5.0 (Windows NT 10.0; WOW64) AppleWebKit/537.36 (KHTML, like Gecko) Chrome/65.0.3325.181 Safari/537.36',
  'upgrade-insecure-requests' => '1',
  'cache-control' => 'max-age=0',
  'connection' => 'close',
  'host' => 'www.appnews.com',
)
[ info ] [ PARAM ] array (
)
[ info ] [ RUN ] app\admin\controller\Login->login[ F:\appnews\application\admin\controller\Login.php ]
[ info ] [ VIEW ] F:\appnews\public/../application/admin\view\login\login.html [ array (
) ]
[ info ] [ LOG ] INIT File
---------------------------------------------------------------
[ 2018-04-01T23:54:23+08:00 ] 127.0.0.1 GET /public/index.php/admin/login/show_captcha.html
[ info ] www.appnews.com/public/index.php/admin/login/show_captcha.html [运行时间：0.104906s][吞吐率：9.53req/s] [内存消耗：1,299.47kb] [文件加载：46]
[ info ] [ LANG ] F:\appnews\thinkphp\lang\zh-cn.php
[ info ] [ ROUTE ] array (
  'type' => 'module',
  'module' => 
  array (
    0 => 'admin',
    1 => 'login',
    2 => 'show_captcha',
  ),
)
[ info ] [ HEADER ] array (
  'cookie' => 'pgv_pvi=3343246336; Hm_lvt_080836300300be57b7f34f4b3e97d911=1515745273; PHPSESSID=5ga2nu7k49lth5elvr7dg4bi01',
  'accept-language' => 'zh-CN,zh;q=0.9',
  'accept-encoding' => 'gzip, deflate',
  'referer' => 'http://www.appnews.com/public/index.php/admin/login/login',
  'accept' => 'image/webp,image/apng,image/*,*/*;q=0.8',
  'user-agent' => 'Mozilla/5.0 (Windows NT 10.0; WOW64) AppleWebKit/537.36 (KHTML, like Gecko) Chrome/65.0.3325.181 Safari/537.36',
  'connection' => 'close',
  'host' => 'www.appnews.com',
)
[ info ] [ PARAM ] array (
)
[ info ] [ RUN ] app\admin\controller\Login->show_captcha[ F:\appnews\application\admin\controller\Login.php ]
[ info ] [ SESSION ] INIT array (
  'id' => '',
  'var_session_id' => '',
  'prefix' => 'think',
  'type' => '',
  'auto_start' => true,
)
[ info ] [ LOG ] INIT File
---------------------------------------------------------------
[ 2018-04-01T23:54:34+08:00 ] 127.0.0.1 POST /public/index.php/admin/login/check.html
[ info ] www.appnews.com/public/index.php/admin/login/check.html [运行时间：0.176077s][吞吐率：5.68req/s] [内存消耗：1,341.29kb] [文件加载：52]
[ info ] [ LANG ] F:\appnews\thinkphp\lang\zh-cn.php
[ info ] [ ROUTE ] array (
  'type' => 'module',
  'module' => 
  array (
    0 => 'admin',
    1 => 'login',
    2 => 'check',
  ),
)
[ info ] [ HEADER ] array (
  'cookie' => 'pgv_pvi=3343246336; Hm_lvt_080836300300be57b7f34f4b3e97d911=1515745273; PHPSESSID=5ga2nu7k49lth5elvr7dg4bi01',
  'accept-language' => 'zh-CN,zh;q=0.9',
  'accept-encoding' => 'gzip, deflate',
  'referer' => 'http://www.appnews.com/public/index.php/admin/login/login',
  'content-type' => 'application/x-www-form-urlencoded; charset=UTF-8',
  'user-agent' => 'Mozilla/5.0 (Windows NT 10.0; WOW64) AppleWebKit/537.36 (KHTML, like Gecko) Chrome/65.0.3325.181 Safari/537.36',
  'x-requested-with' => 'XMLHttpRequest',
  'origin' => 'http://www.appnews.com',
  'accept' => 'application/json, text/javascript, */*; q=0.01',
  'content-length' => '38',
  'connection' => 'close',
  'host' => 'www.appnews.com',
)
[ info ] [ PARAM ] array (
  'username' => 'test',
  'password' => '12345',
  'code' => '4ndd',
)
[ info ] [ RUN ] app\admin\controller\Login->check[ F:\appnews\application\admin\controller\Login.php ]
[ info ] [ SESSION ] INIT array (
  'id' => '',
  'var_session_id' => '',
  'prefix' => 'think',
  'type' => '',
  'auto_start' => true,
)
[ info ] [ LOG ] INIT File
[ error ] [0]致命错误: Call to undefined method app\common\model\AdminUser::get()[F:\appnews\application\admin\controller\Login.php:79]
---------------------------------------------------------------
[ 2018-04-01T23:54:41+08:00 ] 127.0.0.1 POST /public/index.php/admin/login/check.html
[ info ] www.appnews.com/public/index.php/admin/login/check.html [运行时间：0.142043s][吞吐率：7.04req/s] [内存消耗：1,307.84kb] [文件加载：48]
[ info ] [ LANG ] F:\appnews\thinkphp\lang\zh-cn.php
[ info ] [ ROUTE ] array (
  'type' => 'module',
  'module' => 
  array (
    0 => 'admin',
    1 => 'login',
    2 => 'check',
  ),
)
[ info ] [ HEADER ] array (
  'cookie' => 'pgv_pvi=3343246336; Hm_lvt_080836300300be57b7f34f4b3e97d911=1515745273; PHPSESSID=5ga2nu7k49lth5elvr7dg4bi01',
  'accept-language' => 'zh-CN,zh;q=0.9',
  'accept-encoding' => 'gzip, deflate',
  'referer' => 'http://www.appnews.com/public/index.php/admin/login/login',
  'content-type' => 'application/x-www-form-urlencoded; charset=UTF-8',
  'user-agent' => 'Mozilla/5.0 (Windows NT 10.0; WOW64) AppleWebKit/537.36 (KHTML, like Gecko) Chrome/65.0.3325.181 Safari/537.36',
  'x-requested-with' => 'XMLHttpRequest',
  'origin' => 'http://www.appnews.com',
  'accept' => 'application/json, text/javascript, */*; q=0.01',
  'content-length' => '38',
  'connection' => 'close',
  'host' => 'www.appnews.com',
)
[ info ] [ PARAM ] array (
  'username' => 'test',
  'password' => '12345',
  'code' => '4ndd',
)
[ info ] [ RUN ] app\admin\controller\Login->check[ F:\appnews\application\admin\controller\Login.php ]
[ info ] [ SESSION ] INIT array (
  'id' => '',
  'var_session_id' => '',
  'prefix' => 'think',
  'type' => '',
  'auto_start' => true,
)
[ info ] [ LOG ] INIT File
---------------------------------------------------------------
[ 2018-04-01T23:54:43+08:00 ] 127.0.0.1 GET /public/index.php/admin/login/login
[ info ] www.appnews.com/public/index.php/admin/login/login [运行时间：0.102278s][吞吐率：9.78req/s] [内存消耗：1,302.05kb] [文件加载：47]
[ info ] [ LANG ] F:\appnews\thinkphp\lang\zh-cn.php
[ info ] [ ROUTE ] array (
  'type' => 'module',
  'module' => 
  array (
    0 => 'admin',
    1 => 'login',
    2 => 'login',
  ),
)
[ info ] [ HEADER ] array (
  'cookie' => 'pgv_pvi=3343246336; Hm_lvt_080836300300be57b7f34f4b3e97d911=1515745273; PHPSESSID=5ga2nu7k49lth5elvr7dg4bi01',
  'accept-language' => 'zh-CN,zh;q=0.9',
  'accept-encoding' => 'gzip, deflate',
  'referer' => 'http://www.appnews.com/public/index.php/admin/login/login',
  'accept' => 'text/html,application/xhtml+xml,application/xml;q=0.9,image/webp,image/apng,*/*;q=0.8',
  'user-agent' => 'Mozilla/5.0 (Windows NT 10.0; WOW64) AppleWebKit/537.36 (KHTML, like Gecko) Chrome/65.0.3325.181 Safari/537.36',
  'upgrade-insecure-requests' => '1',
  'cache-control' => 'max-age=0',
  'connection' => 'close',
  'host' => 'www.appnews.com',
)
[ info ] [ PARAM ] array (
)
[ info ] [ RUN ] app\admin\controller\Login->login[ F:\appnews\application\admin\controller\Login.php ]
[ info ] [ VIEW ] F:\appnews\public/../application/admin\view\login\login.html [ array (
) ]
[ info ] [ LOG ] INIT File
---------------------------------------------------------------
[ 2018-04-01T23:54:43+08:00 ] 127.0.0.1 GET /public/index.php/admin/login/show_captcha.html
[ info ] www.appnews.com/public/index.php/admin/login/show_captcha.html [运行时间：0.172946s][吞吐率：5.78req/s] [内存消耗：1,299.31kb] [文件加载：46]
[ info ] [ LANG ] F:\appnews\thinkphp\lang\zh-cn.php
[ info ] [ ROUTE ] array (
  'type' => 'module',
  'module' => 
  array (
    0 => 'admin',
    1 => 'login',
    2 => 'show_captcha',
  ),
)
[ info ] [ HEADER ] array (
  'cookie' => 'pgv_pvi=3343246336; Hm_lvt_080836300300be57b7f34f4b3e97d911=1515745273; PHPSESSID=5ga2nu7k49lth5elvr7dg4bi01',
  'accept-language' => 'zh-CN,zh;q=0.9',
  'accept-encoding' => 'gzip, deflate',
  'referer' => 'http://www.appnews.com/public/index.php/admin/login/login',
  'accept' => 'image/webp,image/apng,image/*,*/*;q=0.8',
  'user-agent' => 'Mozilla/5.0 (Windows NT 10.0; WOW64) AppleWebKit/537.36 (KHTML, like Gecko) Chrome/65.0.3325.181 Safari/537.36',
  'connection' => 'close',
  'host' => 'www.appnews.com',
)
[ info ] [ PARAM ] array (
)
[ info ] [ RUN ] app\admin\controller\Login->show_captcha[ F:\appnews\application\admin\controller\Login.php ]
[ info ] [ SESSION ] INIT array (
  'id' => '',
  'var_session_id' => '',
  'prefix' => 'think',
  'type' => '',
  'auto_start' => true,
)
[ info ] [ LOG ] INIT File
---------------------------------------------------------------
[ 2018-04-01T23:56:03+08:00 ] 127.0.0.1 GET /public/index.php/admin/login/login
[ info ] www.appnews.com/public/index.php/admin/login/login [运行时间：0.082568s][吞吐率：12.11req/s] [内存消耗：1,302.05kb] [文件加载：47]
[ info ] [ LANG ] F:\appnews\thinkphp\lang\zh-cn.php
[ info ] [ ROUTE ] array (
  'type' => 'module',
  'module' => 
  array (
    0 => 'admin',
    1 => 'login',
    2 => 'login',
  ),
)
[ info ] [ HEADER ] array (
  'cookie' => 'pgv_pvi=3343246336; Hm_lvt_080836300300be57b7f34f4b3e97d911=1515745273; PHPSESSID=5ga2nu7k49lth5elvr7dg4bi01',
  'accept-language' => 'zh-CN,zh;q=0.9',
  'accept-encoding' => 'gzip, deflate',
  'referer' => 'http://www.appnews.com/public/index.php/admin/login/login',
  'accept' => 'text/html,application/xhtml+xml,application/xml;q=0.9,image/webp,image/apng,*/*;q=0.8',
  'user-agent' => 'Mozilla/5.0 (Windows NT 10.0; WOW64) AppleWebKit/537.36 (KHTML, like Gecko) Chrome/65.0.3325.181 Safari/537.36',
  'upgrade-insecure-requests' => '1',
  'cache-control' => 'max-age=0',
  'connection' => 'close',
  'host' => 'www.appnews.com',
)
[ info ] [ PARAM ] array (
)
[ info ] [ RUN ] app\admin\controller\Login->login[ F:\appnews\application\admin\controller\Login.php ]
[ info ] [ VIEW ] F:\appnews\public/../application/admin\view\login\login.html [ array (
) ]
[ info ] [ LOG ] INIT File
---------------------------------------------------------------
[ 2018-04-01T23:56:03+08:00 ] 127.0.0.1 GET /public/index.php/admin/login/show_captcha.html
[ info ] www.appnews.com/public/index.php/admin/login/show_captcha.html [运行时间：0.102166s][吞吐率：9.79req/s] [内存消耗：1,299.47kb] [文件加载：46]
[ info ] [ LANG ] F:\appnews\thinkphp\lang\zh-cn.php
[ info ] [ ROUTE ] array (
  'type' => 'module',
  'module' => 
  array (
    0 => 'admin',
    1 => 'login',
    2 => 'show_captcha',
  ),
)
[ info ] [ HEADER ] array (
  'cookie' => 'pgv_pvi=3343246336; Hm_lvt_080836300300be57b7f34f4b3e97d911=1515745273; PHPSESSID=5ga2nu7k49lth5elvr7dg4bi01',
  'accept-language' => 'zh-CN,zh;q=0.9',
  'accept-encoding' => 'gzip, deflate',
  'referer' => 'http://www.appnews.com/public/index.php/admin/login/login',
  'accept' => 'image/webp,image/apng,image/*,*/*;q=0.8',
  'user-agent' => 'Mozilla/5.0 (Windows NT 10.0; WOW64) AppleWebKit/537.36 (KHTML, like Gecko) Chrome/65.0.3325.181 Safari/537.36',
  'connection' => 'close',
  'host' => 'www.appnews.com',
)
[ info ] [ PARAM ] array (
)
[ info ] [ RUN ] app\admin\controller\Login->show_captcha[ F:\appnews\application\admin\controller\Login.php ]
[ info ] [ SESSION ] INIT array (
  'id' => '',
  'var_session_id' => '',
  'prefix' => 'think',
  'type' => '',
  'auto_start' => true,
)
[ info ] [ LOG ] INIT File
---------------------------------------------------------------
[ 2018-04-01T23:56:16+08:00 ] 127.0.0.1 POST /public/index.php/admin/login/check.html
[ info ] www.appnews.com/public/index.php/admin/login/check.html [运行时间：0.082118s][吞吐率：12.18req/s] [内存消耗：1,341.29kb] [文件加载：52]
[ info ] [ LANG ] F:\appnews\thinkphp\lang\zh-cn.php
[ info ] [ ROUTE ] array (
  'type' => 'module',
  'module' => 
  array (
    0 => 'admin',
    1 => 'login',
    2 => 'check',
  ),
)
[ info ] [ HEADER ] array (
  'cookie' => 'pgv_pvi=3343246336; Hm_lvt_080836300300be57b7f34f4b3e97d911=1515745273; PHPSESSID=5ga2nu7k49lth5elvr7dg4bi01',
  'accept-language' => 'zh-CN,zh;q=0.9',
  'accept-encoding' => 'gzip, deflate',
  'referer' => 'http://www.appnews.com/public/index.php/admin/login/login',
  'content-type' => 'application/x-www-form-urlencoded; charset=UTF-8',
  'user-agent' => 'Mozilla/5.0 (Windows NT 10.0; WOW64) AppleWebKit/537.36 (KHTML, like Gecko) Chrome/65.0.3325.181 Safari/537.36',
  'x-requested-with' => 'XMLHttpRequest',
  'origin' => 'http://www.appnews.com',
  'accept' => 'application/json, text/javascript, */*; q=0.01',
  'content-length' => '38',
  'connection' => 'close',
  'host' => 'www.appnews.com',
)
[ info ] [ PARAM ] array (
  'username' => 'test',
  'password' => '12345',
  'code' => '5tjp',
)
[ info ] [ RUN ] app\admin\controller\Login->check[ F:\appnews\application\admin\controller\Login.php ]
[ info ] [ SESSION ] INIT array (
  'id' => '',
  'var_session_id' => '',
  'prefix' => 'think',
  'type' => '',
  'auto_start' => true,
)
[ info ] [ LOG ] INIT File
[ error ] [0]致命错误: Call to undefined method app\common\model\AdminUser::get()[F:\appnews\application\admin\controller\Login.php:79]
---------------------------------------------------------------
[ 2018-04-01T23:56:19+08:00 ] 127.0.0.1 POST /public/index.php/admin/login/check.html
[ info ] www.appnews.com/public/index.php/admin/login/check.html [运行时间：0.068606s][吞吐率：14.58req/s] [内存消耗：1,307.84kb] [文件加载：48]
[ info ] [ LANG ] F:\appnews\thinkphp\lang\zh-cn.php
[ info ] [ ROUTE ] array (
  'type' => 'module',
  'module' => 
  array (
    0 => 'admin',
    1 => 'login',
    2 => 'check',
  ),
)
[ info ] [ HEADER ] array (
  'cookie' => 'pgv_pvi=3343246336; Hm_lvt_080836300300be57b7f34f4b3e97d911=1515745273; PHPSESSID=5ga2nu7k49lth5elvr7dg4bi01',
  'accept-language' => 'zh-CN,zh;q=0.9',
  'accept-encoding' => 'gzip, deflate',
  'referer' => 'http://www.appnews.com/public/index.php/admin/login/login',
  'content-type' => 'application/x-www-form-urlencoded; charset=UTF-8',
  'user-agent' => 'Mozilla/5.0 (Windows NT 10.0; WOW64) AppleWebKit/537.36 (KHTML, like Gecko) Chrome/65.0.3325.181 Safari/537.36',
  'x-requested-with' => 'XMLHttpRequest',
  'origin' => 'http://www.appnews.com',
  'accept' => 'application/json, text/javascript, */*; q=0.01',
  'content-length' => '38',
  'connection' => 'close',
  'host' => 'www.appnews.com',
)
[ info ] [ PARAM ] array (
  'username' => 'test',
  'password' => '12345',
  'code' => '5tjp',
)
[ info ] [ RUN ] app\admin\controller\Login->check[ F:\appnews\application\admin\controller\Login.php ]
[ info ] [ SESSION ] INIT array (
  'id' => '',
  'var_session_id' => '',
  'prefix' => 'think',
  'type' => '',
  'auto_start' => true,
)
[ info ] [ LOG ] INIT File
---------------------------------------------------------------
[ 2018-04-01T23:56:21+08:00 ] 127.0.0.1 GET /public/index.php/admin/login/login
[ info ] www.appnews.com/public/index.php/admin/login/login [运行时间：0.086868s][吞吐率：11.51req/s] [内存消耗：1,302.05kb] [文件加载：47]
[ info ] [ LANG ] F:\appnews\thinkphp\lang\zh-cn.php
[ info ] [ ROUTE ] array (
  'type' => 'module',
  'module' => 
  array (
    0 => 'admin',
    1 => 'login',
    2 => 'login',
  ),
)
[ info ] [ HEADER ] array (
  'cookie' => 'pgv_pvi=3343246336; Hm_lvt_080836300300be57b7f34f4b3e97d911=1515745273; PHPSESSID=5ga2nu7k49lth5elvr7dg4bi01',
  'accept-language' => 'zh-CN,zh;q=0.9',
  'accept-encoding' => 'gzip, deflate',
  'referer' => 'http://www.appnews.com/public/index.php/admin/login/login',
  'accept' => 'text/html,application/xhtml+xml,application/xml;q=0.9,image/webp,image/apng,*/*;q=0.8',
  'user-agent' => 'Mozilla/5.0 (Windows NT 10.0; WOW64) AppleWebKit/537.36 (KHTML, like Gecko) Chrome/65.0.3325.181 Safari/537.36',
  'upgrade-insecure-requests' => '1',
  'cache-control' => 'max-age=0',
  'connection' => 'close',
  'host' => 'www.appnews.com',
)
[ info ] [ PARAM ] array (
)
[ info ] [ RUN ] app\admin\controller\Login->login[ F:\appnews\application\admin\controller\Login.php ]
[ info ] [ VIEW ] F:\appnews\public/../application/admin\view\login\login.html [ array (
) ]
[ info ] [ LOG ] INIT File
---------------------------------------------------------------
[ 2018-04-01T23:56:21+08:00 ] 127.0.0.1 GET /public/index.php/admin/login/show_captcha.html
[ info ] www.appnews.com/public/index.php/admin/login/show_captcha.html [运行时间：0.151074s][吞吐率：6.62req/s] [内存消耗：1,299.31kb] [文件加载：46]
[ info ] [ LANG ] F:\appnews\thinkphp\lang\zh-cn.php
[ info ] [ ROUTE ] array (
  'type' => 'module',
  'module' => 
  array (
    0 => 'admin',
    1 => 'login',
    2 => 'show_captcha',
  ),
)
[ info ] [ HEADER ] array (
  'cookie' => 'pgv_pvi=3343246336; Hm_lvt_080836300300be57b7f34f4b3e97d911=1515745273; PHPSESSID=5ga2nu7k49lth5elvr7dg4bi01',
  'accept-language' => 'zh-CN,zh;q=0.9',
  'accept-encoding' => 'gzip, deflate',
  'referer' => 'http://www.appnews.com/public/index.php/admin/login/login',
  'accept' => 'image/webp,image/apng,image/*,*/*;q=0.8',
  'user-agent' => 'Mozilla/5.0 (Windows NT 10.0; WOW64) AppleWebKit/537.36 (KHTML, like Gecko) Chrome/65.0.3325.181 Safari/537.36',
  'connection' => 'close',
  'host' => 'www.appnews.com',
)
[ info ] [ PARAM ] array (
)
[ info ] [ RUN ] app\admin\controller\Login->show_captcha[ F:\appnews\application\admin\controller\Login.php ]
[ info ] [ SESSION ] INIT array (
  'id' => '',
  'var_session_id' => '',
  'prefix' => 'think',
  'type' => '',
  'auto_start' => true,
)
[ info ] [ LOG ] INIT File
---------------------------------------------------------------
[ 2018-04-01T23:56:57+08:00 ] 127.0.0.1 GET /public/index.php/admin/login/login
[ info ] www.appnews.com/public/index.php/admin/login/login [运行时间：0.111821s][吞吐率：8.94req/s] [内存消耗：1,302.05kb] [文件加载：47]
[ info ] [ LANG ] F:\appnews\thinkphp\lang\zh-cn.php
[ info ] [ ROUTE ] array (
  'type' => 'module',
  'module' => 
  array (
    0 => 'admin',
    1 => 'login',
    2 => 'login',
  ),
)
[ info ] [ HEADER ] array (
  'cookie' => 'pgv_pvi=3343246336; Hm_lvt_080836300300be57b7f34f4b3e97d911=1515745273; PHPSESSID=5ga2nu7k49lth5elvr7dg4bi01',
  'accept-language' => 'zh-CN,zh;q=0.9',
  'accept-encoding' => 'gzip, deflate',
  'referer' => 'http://www.appnews.com/public/index.php/admin/login/login',
  'accept' => 'text/html,application/xhtml+xml,application/xml;q=0.9,image/webp,image/apng,*/*;q=0.8',
  'user-agent' => 'Mozilla/5.0 (Windows NT 10.0; WOW64) AppleWebKit/537.36 (KHTML, like Gecko) Chrome/65.0.3325.181 Safari/537.36',
  'upgrade-insecure-requests' => '1',
  'cache-control' => 'max-age=0',
  'connection' => 'close',
  'host' => 'www.appnews.com',
)
[ info ] [ PARAM ] array (
)
[ info ] [ RUN ] app\admin\controller\Login->login[ F:\appnews\application\admin\controller\Login.php ]
[ info ] [ VIEW ] F:\appnews\public/../application/admin\view\login\login.html [ array (
) ]
[ info ] [ LOG ] INIT File
---------------------------------------------------------------
[ 2018-04-01T23:56:57+08:00 ] 127.0.0.1 GET /public/index.php/admin/login/show_captcha.html
[ info ] www.appnews.com/public/index.php/admin/login/show_captcha.html [运行时间：0.104872s][吞吐率：9.54req/s] [内存消耗：1,299.47kb] [文件加载：46]
[ info ] [ LANG ] F:\appnews\thinkphp\lang\zh-cn.php
[ info ] [ ROUTE ] array (
  'type' => 'module',
  'module' => 
  array (
    0 => 'admin',
    1 => 'login',
    2 => 'show_captcha',
  ),
)
[ info ] [ HEADER ] array (
  'cookie' => 'pgv_pvi=3343246336; Hm_lvt_080836300300be57b7f34f4b3e97d911=1515745273; PHPSESSID=5ga2nu7k49lth5elvr7dg4bi01',
  'accept-language' => 'zh-CN,zh;q=0.9',
  'accept-encoding' => 'gzip, deflate',
  'referer' => 'http://www.appnews.com/public/index.php/admin/login/login',
  'accept' => 'image/webp,image/apng,image/*,*/*;q=0.8',
  'user-agent' => 'Mozilla/5.0 (Windows NT 10.0; WOW64) AppleWebKit/537.36 (KHTML, like Gecko) Chrome/65.0.3325.181 Safari/537.36',
  'connection' => 'close',
  'host' => 'www.appnews.com',
)
[ info ] [ PARAM ] array (
)
[ info ] [ RUN ] app\admin\controller\Login->show_captcha[ F:\appnews\application\admin\controller\Login.php ]
[ info ] [ SESSION ] INIT array (
  'id' => '',
  'var_session_id' => '',
  'prefix' => 'think',
  'type' => '',
  'auto_start' => true,
)
[ info ] [ LOG ] INIT File
---------------------------------------------------------------
[ 2018-04-01T23:56:59+08:00 ] 127.0.0.1 POST /public/index.php/admin/login/check.html
[ info ] www.appnews.com/public/index.php/admin/login/check.html [运行时间：0.068879s][吞吐率：14.52req/s] [内存消耗：1,258.53kb] [文件加载：47]
[ info ] [ LANG ] F:\appnews\thinkphp\lang\zh-cn.php
[ info ] [ ROUTE ] array (
  'type' => 'module',
  'module' => 
  array (
    0 => 'admin',
    1 => 'login',
    2 => 'check',
  ),
)
[ info ] [ HEADER ] array (
  'cookie' => 'pgv_pvi=3343246336; Hm_lvt_080836300300be57b7f34f4b3e97d911=1515745273; PHPSESSID=5ga2nu7k49lth5elvr7dg4bi01',
  'accept-language' => 'zh-CN,zh;q=0.9',
  'accept-encoding' => 'gzip, deflate',
  'referer' => 'http://www.appnews.com/public/index.php/admin/login/login',
  'content-type' => 'application/x-www-form-urlencoded; charset=UTF-8',
  'user-agent' => 'Mozilla/5.0 (Windows NT 10.0; WOW64) AppleWebKit/537.36 (KHTML, like Gecko) Chrome/65.0.3325.181 Safari/537.36',
  'x-requested-with' => 'XMLHttpRequest',
  'origin' => 'http://www.appnews.com',
  'accept' => 'application/json, text/javascript, */*; q=0.01',
  'content-length' => '25',
  'connection' => 'close',
  'host' => 'www.appnews.com',
)
[ info ] [ PARAM ] array (
  'username' => '',
  'password' => '',
  'code' => '',
)
[ info ] [ RUN ] app\admin\controller\Login->check[ F:\appnews\application\admin\controller\Login.php ]
[ info ] [ LOG ] INIT File
---------------------------------------------------------------
[ 2018-04-01T23:57:00+08:00 ] 127.0.0.1 GET /public/index.php/admin/login/login
[ info ] www.appnews.com/public/index.php/admin/login/login [运行时间：0.103094s][吞吐率：9.70req/s] [内存消耗：1,302.05kb] [文件加载：47]
[ info ] [ LANG ] F:\appnews\thinkphp\lang\zh-cn.php
[ info ] [ ROUTE ] array (
  'type' => 'module',
  'module' => 
  array (
    0 => 'admin',
    1 => 'login',
    2 => 'login',
  ),
)
[ info ] [ HEADER ] array (
  'cookie' => 'pgv_pvi=3343246336; Hm_lvt_080836300300be57b7f34f4b3e97d911=1515745273; PHPSESSID=5ga2nu7k49lth5elvr7dg4bi01',
  'accept-language' => 'zh-CN,zh;q=0.9',
  'accept-encoding' => 'gzip, deflate',
  'referer' => 'http://www.appnews.com/public/index.php/admin/login/login',
  'accept' => 'text/html,application/xhtml+xml,application/xml;q=0.9,image/webp,image/apng,*/*;q=0.8',
  'user-agent' => 'Mozilla/5.0 (Windows NT 10.0; WOW64) AppleWebKit/537.36 (KHTML, like Gecko) Chrome/65.0.3325.181 Safari/537.36',
  'upgrade-insecure-requests' => '1',
  'cache-control' => 'max-age=0',
  'connection' => 'close',
  'host' => 'www.appnews.com',
)
[ info ] [ PARAM ] array (
)
[ info ] [ RUN ] app\admin\controller\Login->login[ F:\appnews\application\admin\controller\Login.php ]
[ info ] [ VIEW ] F:\appnews\public/../application/admin\view\login\login.html [ array (
) ]
[ info ] [ LOG ] INIT File
---------------------------------------------------------------
[ 2018-04-01T23:57:00+08:00 ] 127.0.0.1 GET /public/index.php/admin/login/show_captcha.html
[ info ] www.appnews.com/public/index.php/admin/login/show_captcha.html [运行时间：0.147194s][吞吐率：6.79req/s] [内存消耗：1,299.47kb] [文件加载：46]
[ info ] [ LANG ] F:\appnews\thinkphp\lang\zh-cn.php
[ info ] [ ROUTE ] array (
  'type' => 'module',
  'module' => 
  array (
    0 => 'admin',
    1 => 'login',
    2 => 'show_captcha',
  ),
)
[ info ] [ HEADER ] array (
  'cookie' => 'pgv_pvi=3343246336; Hm_lvt_080836300300be57b7f34f4b3e97d911=1515745273; PHPSESSID=5ga2nu7k49lth5elvr7dg4bi01',
  'accept-language' => 'zh-CN,zh;q=0.9',
  'accept-encoding' => 'gzip, deflate',
  'referer' => 'http://www.appnews.com/public/index.php/admin/login/login',
  'accept' => 'image/webp,image/apng,image/*,*/*;q=0.8',
  'user-agent' => 'Mozilla/5.0 (Windows NT 10.0; WOW64) AppleWebKit/537.36 (KHTML, like Gecko) Chrome/65.0.3325.181 Safari/537.36',
  'connection' => 'close',
  'host' => 'www.appnews.com',
)
[ info ] [ PARAM ] array (
)
[ info ] [ RUN ] app\admin\controller\Login->show_captcha[ F:\appnews\application\admin\controller\Login.php ]
[ info ] [ SESSION ] INIT array (
  'id' => '',
  'var_session_id' => '',
  'prefix' => 'think',
  'type' => '',
  'auto_start' => true,
)
[ info ] [ LOG ] INIT File
---------------------------------------------------------------
[ 2018-04-01T23:58:17+08:00 ] 127.0.0.1 GET /public/index.php/admin/login/login
[ info ] www.appnews.com/public/index.php/admin/login/login [运行时间：0.206523s][吞吐率：4.84req/s] [内存消耗：1,426.97kb] [文件加载：49]
[ info ] [ LANG ] F:\appnews\thinkphp\lang\zh-cn.php
[ info ] [ ROUTE ] array (
  'type' => 'module',
  'module' => 
  array (
    0 => 'admin',
    1 => 'login',
    2 => 'login',
  ),
)
[ info ] [ HEADER ] array (
  'cookie' => 'pgv_pvi=3343246336; Hm_lvt_080836300300be57b7f34f4b3e97d911=1515745273; PHPSESSID=5ga2nu7k49lth5elvr7dg4bi01',
  'accept-language' => 'zh-CN,zh;q=0.9',
  'accept-encoding' => 'gzip, deflate',
  'referer' => 'http://www.appnews.com/public/index.php/admin/login/login',
  'accept' => 'text/html,application/xhtml+xml,application/xml;q=0.9,image/webp,image/apng,*/*;q=0.8',
  'user-agent' => 'Mozilla/5.0 (Windows NT 10.0; WOW64) AppleWebKit/537.36 (KHTML, like Gecko) Chrome/65.0.3325.181 Safari/537.36',
  'upgrade-insecure-requests' => '1',
  'cache-control' => 'max-age=0',
  'connection' => 'close',
  'host' => 'www.appnews.com',
)
[ info ] [ PARAM ] array (
)
[ info ] [ RUN ] app\admin\controller\Login->login[ F:\appnews\application\admin\controller\Login.php ]
[ info ] [ VIEW ] F:\appnews\public/../application/admin\view\login\login.html [ array (
) ]
[ info ] [ LOG ] INIT File
---------------------------------------------------------------
[ 2018-04-01T23:58:17+08:00 ] 127.0.0.1 GET /public/index.php/admin/login/show_captcha.html
[ info ] www.appnews.com/public/index.php/admin/login/show_captcha.html [运行时间：0.089330s][吞吐率：11.19req/s] [内存消耗：1,299.47kb] [文件加载：46]
[ info ] [ LANG ] F:\appnews\thinkphp\lang\zh-cn.php
[ info ] [ ROUTE ] array (
  'type' => 'module',
  'module' => 
  array (
    0 => 'admin',
    1 => 'login',
    2 => 'show_captcha',
  ),
)
[ info ] [ HEADER ] array (
  'cookie' => 'pgv_pvi=3343246336; Hm_lvt_080836300300be57b7f34f4b3e97d911=1515745273; PHPSESSID=5ga2nu7k49lth5elvr7dg4bi01',
  'accept-language' => 'zh-CN,zh;q=0.9',
  'accept-encoding' => 'gzip, deflate',
  'referer' => 'http://www.appnews.com/public/index.php/admin/login/login',
  'accept' => 'image/webp,image/apng,image/*,*/*;q=0.8',
  'user-agent' => 'Mozilla/5.0 (Windows NT 10.0; WOW64) AppleWebKit/537.36 (KHTML, like Gecko) Chrome/65.0.3325.181 Safari/537.36',
  'connection' => 'close',
  'host' => 'www.appnews.com',
)
[ info ] [ PARAM ] array (
)
[ info ] [ RUN ] app\admin\controller\Login->show_captcha[ F:\appnews\application\admin\controller\Login.php ]
[ info ] [ SESSION ] INIT array (
  'id' => '',
  'var_session_id' => '',
  'prefix' => 'think',
  'type' => '',
  'auto_start' => true,
)
[ info ] [ LOG ] INIT File
---------------------------------------------------------------
[ 2018-04-01T23:58:18+08:00 ] 127.0.0.1 GET /public/index.php/admin/login/login
[ info ] www.appnews.com/public/index.php/admin/login/login [运行时间：0.100545s][吞吐率：9.95req/s] [内存消耗：1,302.07kb] [文件加载：47]
[ info ] [ LANG ] F:\appnews\thinkphp\lang\zh-cn.php
[ info ] [ ROUTE ] array (
  'type' => 'module',
  'module' => 
  array (
    0 => 'admin',
    1 => 'login',
    2 => 'login',
  ),
)
[ info ] [ HEADER ] array (
  'cookie' => 'pgv_pvi=3343246336; Hm_lvt_080836300300be57b7f34f4b3e97d911=1515745273; PHPSESSID=5ga2nu7k49lth5elvr7dg4bi01',
  'accept-language' => 'zh-CN,zh;q=0.9',
  'accept-encoding' => 'gzip, deflate',
  'referer' => 'http://www.appnews.com/public/index.php/admin/login/login',
  'accept' => 'text/html,application/xhtml+xml,application/xml;q=0.9,image/webp,image/apng,*/*;q=0.8',
  'user-agent' => 'Mozilla/5.0 (Windows NT 10.0; WOW64) AppleWebKit/537.36 (KHTML, like Gecko) Chrome/65.0.3325.181 Safari/537.36',
  'upgrade-insecure-requests' => '1',
  'cache-control' => 'max-age=0',
  'connection' => 'close',
  'host' => 'www.appnews.com',
)
[ info ] [ PARAM ] array (
)
[ info ] [ RUN ] app\admin\controller\Login->login[ F:\appnews\application\admin\controller\Login.php ]
[ info ] [ VIEW ] F:\appnews\public/../application/admin\view\login\login.html [ array (
) ]
[ info ] [ LOG ] INIT File
---------------------------------------------------------------
[ 2018-04-01T23:58:18+08:00 ] 127.0.0.1 GET /public/index.php/admin/login/show_captcha.html
[ info ] www.appnews.com/public/index.php/admin/login/show_captcha.html [运行时间：0.147722s][吞吐率：6.77req/s] [内存消耗：1,299.47kb] [文件加载：46]
[ info ] [ LANG ] F:\appnews\thinkphp\lang\zh-cn.php
[ info ] [ ROUTE ] array (
  'type' => 'module',
  'module' => 
  array (
    0 => 'admin',
    1 => 'login',
    2 => 'show_captcha',
  ),
)
[ info ] [ HEADER ] array (
  'cookie' => 'pgv_pvi=3343246336; Hm_lvt_080836300300be57b7f34f4b3e97d911=1515745273; PHPSESSID=5ga2nu7k49lth5elvr7dg4bi01',
  'accept-language' => 'zh-CN,zh;q=0.9',
  'accept-encoding' => 'gzip, deflate',
  'referer' => 'http://www.appnews.com/public/index.php/admin/login/login',
  'accept' => 'image/webp,image/apng,image/*,*/*;q=0.8',
  'user-agent' => 'Mozilla/5.0 (Windows NT 10.0; WOW64) AppleWebKit/537.36 (KHTML, like Gecko) Chrome/65.0.3325.181 Safari/537.36',
  'connection' => 'close',
  'host' => 'www.appnews.com',
)
[ info ] [ PARAM ] array (
)
[ info ] [ RUN ] app\admin\controller\Login->show_captcha[ F:\appnews\application\admin\controller\Login.php ]
[ info ] [ SESSION ] INIT array (
  'id' => '',
  'var_session_id' => '',
  'prefix' => 'think',
  'type' => '',
  'auto_start' => true,
)
[ info ] [ LOG ] INIT File
---------------------------------------------------------------
[ 2018-04-01T23:58:28+08:00 ] 127.0.0.1 POST /public/index.php/admin/login/check.html
[ info ] www.appnews.com/public/index.php/admin/login/check.html [运行时间：0.106429s][吞吐率：9.40req/s] [内存消耗：1,341.29kb] [文件加载：52]
[ info ] [ LANG ] F:\appnews\thinkphp\lang\zh-cn.php
[ info ] [ ROUTE ] array (
  'type' => 'module',
  'module' => 
  array (
    0 => 'admin',
    1 => 'login',
    2 => 'check',
  ),
)
[ info ] [ HEADER ] array (
  'cookie' => 'pgv_pvi=3343246336; Hm_lvt_080836300300be57b7f34f4b3e97d911=1515745273; PHPSESSID=5ga2nu7k49lth5elvr7dg4bi01',
  'accept-language' => 'zh-CN,zh;q=0.9',
  'accept-encoding' => 'gzip, deflate',
  'referer' => 'http://www.appnews.com/public/index.php/admin/login/login',
  'content-type' => 'application/x-www-form-urlencoded; charset=UTF-8',
  'user-agent' => 'Mozilla/5.0 (Windows NT 10.0; WOW64) AppleWebKit/537.36 (KHTML, like Gecko) Chrome/65.0.3325.181 Safari/537.36',
  'x-requested-with' => 'XMLHttpRequest',
  'origin' => 'http://www.appnews.com',
  'accept' => 'application/json, text/javascript, */*; q=0.01',
  'content-length' => '38',
  'connection' => 'close',
  'host' => 'www.appnews.com',
)
[ info ] [ PARAM ] array (
  'username' => 'test',
  'password' => '12345',
  'code' => 'uqqx',
)
[ info ] [ RUN ] app\admin\controller\Login->check[ F:\appnews\application\admin\controller\Login.php ]
[ info ] [ SESSION ] INIT array (
  'id' => '',
  'var_session_id' => '',
  'prefix' => 'think',
  'type' => '',
  'auto_start' => true,
)
[ info ] [ LOG ] INIT File
[ error ] [0]致命错误: Call to undefined method app\common\model\AdminUser::get()[F:\appnews\application\admin\controller\Login.php:79]
---------------------------------------------------------------
[ 2018-04-01T23:58:30+08:00 ] 127.0.0.1 POST /public/index.php/admin/login/check.html
[ info ] www.appnews.com/public/index.php/admin/login/check.html [运行时间：0.079198s][吞吐率：12.63req/s] [内存消耗：1,307.84kb] [文件加载：48]
[ info ] [ LANG ] F:\appnews\thinkphp\lang\zh-cn.php
[ info ] [ ROUTE ] array (
  'type' => 'module',
  'module' => 
  array (
    0 => 'admin',
    1 => 'login',
    2 => 'check',
  ),
)
[ info ] [ HEADER ] array (
  'cookie' => 'pgv_pvi=3343246336; Hm_lvt_080836300300be57b7f34f4b3e97d911=1515745273; PHPSESSID=5ga2nu7k49lth5elvr7dg4bi01',
  'accept-language' => 'zh-CN,zh;q=0.9',
  'accept-encoding' => 'gzip, deflate',
  'referer' => 'http://www.appnews.com/public/index.php/admin/login/login',
  'content-type' => 'application/x-www-form-urlencoded; charset=UTF-8',
  'user-agent' => 'Mozilla/5.0 (Windows NT 10.0; WOW64) AppleWebKit/537.36 (KHTML, like Gecko) Chrome/65.0.3325.181 Safari/537.36',
  'x-requested-with' => 'XMLHttpRequest',
  'origin' => 'http://www.appnews.com',
  'accept' => 'application/json, text/javascript, */*; q=0.01',
  'content-length' => '38',
  'connection' => 'close',
  'host' => 'www.appnews.com',
)
[ info ] [ PARAM ] array (
  'username' => 'test',
  'password' => '12345',
  'code' => 'uqqx',
)
[ info ] [ RUN ] app\admin\controller\Login->check[ F:\appnews\application\admin\controller\Login.php ]
[ info ] [ SESSION ] INIT array (
  'id' => '',
  'var_session_id' => '',
  'prefix' => 'think',
  'type' => '',
  'auto_start' => true,
)
[ info ] [ LOG ] INIT File
---------------------------------------------------------------
[ 2018-04-01T23:58:32+08:00 ] 127.0.0.1 GET /public/index.php/admin/login/login
[ info ] www.appnews.com/public/index.php/admin/login/login [运行时间：0.092132s][吞吐率：10.85req/s] [内存消耗：1,302.07kb] [文件加载：47]
[ info ] [ LANG ] F:\appnews\thinkphp\lang\zh-cn.php
[ info ] [ ROUTE ] array (
  'type' => 'module',
  'module' => 
  array (
    0 => 'admin',
    1 => 'login',
    2 => 'login',
  ),
)
[ info ] [ HEADER ] array (
  'cookie' => 'pgv_pvi=3343246336; Hm_lvt_080836300300be57b7f34f4b3e97d911=1515745273; PHPSESSID=5ga2nu7k49lth5elvr7dg4bi01',
  'accept-language' => 'zh-CN,zh;q=0.9',
  'accept-encoding' => 'gzip, deflate',
  'referer' => 'http://www.appnews.com/public/index.php/admin/login/login',
  'accept' => 'text/html,application/xhtml+xml,application/xml;q=0.9,image/webp,image/apng,*/*;q=0.8',
  'user-agent' => 'Mozilla/5.0 (Windows NT 10.0; WOW64) AppleWebKit/537.36 (KHTML, like Gecko) Chrome/65.0.3325.181 Safari/537.36',
  'upgrade-insecure-requests' => '1',
  'cache-control' => 'max-age=0',
  'connection' => 'close',
  'host' => 'www.appnews.com',
)
[ info ] [ PARAM ] array (
)
[ info ] [ RUN ] app\admin\controller\Login->login[ F:\appnews\application\admin\controller\Login.php ]
[ info ] [ VIEW ] F:\appnews\public/../application/admin\view\login\login.html [ array (
) ]
[ info ] [ LOG ] INIT File
---------------------------------------------------------------
[ 2018-04-01T23:58:32+08:00 ] 127.0.0.1 GET /public/index.php/admin/login/show_captcha.html
[ info ] www.appnews.com/public/index.php/admin/login/show_captcha.html [运行时间：0.107988s][吞吐率：9.26req/s] [内存消耗：1,299.31kb] [文件加载：46]
[ info ] [ LANG ] F:\appnews\thinkphp\lang\zh-cn.php
[ info ] [ ROUTE ] array (
  'type' => 'module',
  'module' => 
  array (
    0 => 'admin',
    1 => 'login',
    2 => 'show_captcha',
  ),
)
[ info ] [ HEADER ] array (
  'cookie' => 'pgv_pvi=3343246336; Hm_lvt_080836300300be57b7f34f4b3e97d911=1515745273; PHPSESSID=5ga2nu7k49lth5elvr7dg4bi01',
  'accept-language' => 'zh-CN,zh;q=0.9',
  'accept-encoding' => 'gzip, deflate',
  'referer' => 'http://www.appnews.com/public/index.php/admin/login/login',
  'accept' => 'image/webp,image/apng,image/*,*/*;q=0.8',
  'user-agent' => 'Mozilla/5.0 (Windows NT 10.0; WOW64) AppleWebKit/537.36 (KHTML, like Gecko) Chrome/65.0.3325.181 Safari/537.36',
  'connection' => 'close',
  'host' => 'www.appnews.com',
)
[ info ] [ PARAM ] array (
)
[ info ] [ RUN ] app\admin\controller\Login->show_captcha[ F:\appnews\application\admin\controller\Login.php ]
[ info ] [ SESSION ] INIT array (
  'id' => '',
  'var_session_id' => '',
  'prefix' => 'think',
  'type' => '',
  'auto_start' => true,
)
[ info ] [ LOG ] INIT File
---------------------------------------------------------------
[ 2018-04-01T23:59:04+08:00 ] 127.0.0.1 GET /public/index.php/admin/login/login
[ info ] www.appnews.com/public/index.php/admin/login/login [运行时间：0.064407s][吞吐率：15.53req/s] [内存消耗：1,427.01kb] [文件加载：49]
[ info ] [ LANG ] F:\appnews\thinkphp\lang\zh-cn.php
[ info ] [ ROUTE ] array (
  'type' => 'module',
  'module' => 
  array (
    0 => 'admin',
    1 => 'login',
    2 => 'login',
  ),
)
[ info ] [ HEADER ] array (
  'cookie' => 'pgv_pvi=3343246336; Hm_lvt_080836300300be57b7f34f4b3e97d911=1515745273; PHPSESSID=5ga2nu7k49lth5elvr7dg4bi01',
  'accept-language' => 'zh-CN,zh;q=0.9',
  'accept-encoding' => 'gzip, deflate',
  'referer' => 'http://www.appnews.com/public/index.php/admin/login/login',
  'accept' => 'text/html,application/xhtml+xml,application/xml;q=0.9,image/webp,image/apng,*/*;q=0.8',
  'user-agent' => 'Mozilla/5.0 (Windows NT 10.0; WOW64) AppleWebKit/537.36 (KHTML, like Gecko) Chrome/65.0.3325.181 Safari/537.36',
  'upgrade-insecure-requests' => '1',
  'cache-control' => 'max-age=0',
  'connection' => 'close',
  'host' => 'www.appnews.com',
)
[ info ] [ PARAM ] array (
)
[ info ] [ RUN ] app\admin\controller\Login->login[ F:\appnews\application\admin\controller\Login.php ]
[ info ] [ VIEW ] F:\appnews\public/../application/admin\view\login\login.html [ array (
) ]
[ info ] [ LOG ] INIT File
---------------------------------------------------------------
[ 2018-04-01T23:59:04+08:00 ] 127.0.0.1 GET /public/index.php/admin/login/show_captcha.html
[ info ] www.appnews.com/public/index.php/admin/login/show_captcha.html [运行时间：0.032417s][吞吐率：30.85req/s] [内存消耗：1,299.47kb] [文件加载：46]
[ info ] [ LANG ] F:\appnews\thinkphp\lang\zh-cn.php
[ info ] [ ROUTE ] array (
  'type' => 'module',
  'module' => 
  array (
    0 => 'admin',
    1 => 'login',
    2 => 'show_captcha',
  ),
)
[ info ] [ HEADER ] array (
  'cookie' => 'pgv_pvi=3343246336; Hm_lvt_080836300300be57b7f34f4b3e97d911=1515745273; PHPSESSID=5ga2nu7k49lth5elvr7dg4bi01',
  'accept-language' => 'zh-CN,zh;q=0.9',
  'accept-encoding' => 'gzip, deflate',
  'referer' => 'http://www.appnews.com/public/index.php/admin/login/login',
  'accept' => 'image/webp,image/apng,image/*,*/*;q=0.8',
  'user-agent' => 'Mozilla/5.0 (Windows NT 10.0; WOW64) AppleWebKit/537.36 (KHTML, like Gecko) Chrome/65.0.3325.181 Safari/537.36',
  'connection' => 'close',
  'host' => 'www.appnews.com',
)
[ info ] [ PARAM ] array (
)
[ info ] [ RUN ] app\admin\controller\Login->show_captcha[ F:\appnews\application\admin\controller\Login.php ]
[ info ] [ SESSION ] INIT array (
  'id' => '',
  'var_session_id' => '',
  'prefix' => 'think',
  'type' => '',
  'auto_start' => true,
)
[ info ] [ LOG ] INIT File
---------------------------------------------------------------
[ 2018-04-01T23:59:12+08:00 ] 127.0.0.1 GET /public/index.php/admin/login/show_captcha/id/%22+Math.random%28%29+++%22.html
[ info ] www.appnews.com/public/index.php/admin/login/show_captcha/id/%22+Math.random%28%29+++%22.html [运行时间：0.097621s][吞吐率：10.24req/s] [内存消耗：1,300.10kb] [文件加载：46]
[ info ] [ LANG ] F:\appnews\thinkphp\lang\zh-cn.php
[ info ] [ ROUTE ] array (
  'type' => 'module',
  'module' => 
  array (
    0 => 'admin',
    1 => 'login',
    2 => 'show_captcha',
  ),
)
[ info ] [ HEADER ] array (
  'cookie' => 'pgv_pvi=3343246336; Hm_lvt_080836300300be57b7f34f4b3e97d911=1515745273; PHPSESSID=5ga2nu7k49lth5elvr7dg4bi01',
  'accept-language' => 'zh-CN,zh;q=0.9',
  'accept-encoding' => 'gzip, deflate',
  'referer' => 'http://www.appnews.com/public/index.php/admin/login/login',
  'accept' => 'image/webp,image/apng,image/*,*/*;q=0.8',
  'user-agent' => 'Mozilla/5.0 (Windows NT 10.0; WOW64) AppleWebKit/537.36 (KHTML, like Gecko) Chrome/65.0.3325.181 Safari/537.36',
  'connection' => 'close',
  'host' => 'www.appnews.com',
)
[ info ] [ PARAM ] array (
  'id' => '"+Math.random()+++"',
)
[ info ] [ RUN ] app\admin\controller\Login->show_captcha[ F:\appnews\application\admin\controller\Login.php ]
[ info ] [ SESSION ] INIT array (
  'id' => '',
  'var_session_id' => '',
  'prefix' => 'think',
  'type' => '',
  'auto_start' => true,
)
[ info ] [ LOG ] INIT File
---------------------------------------------------------------
[ 2018-04-01T23:59:15+08:00 ] 127.0.0.1 POST /public/index.php/admin/login/check.html
[ info ] www.appnews.com/public/index.php/admin/login/check.html [运行时间：0.094900s][吞吐率：10.54req/s] [内存消耗：1,341.29kb] [文件加载：52]
[ info ] [ LANG ] F:\appnews\thinkphp\lang\zh-cn.php
[ info ] [ ROUTE ] array (
  'type' => 'module',
  'module' => 
  array (
    0 => 'admin',
    1 => 'login',
    2 => 'check',
  ),
)
[ info ] [ HEADER ] array (
  'cookie' => 'pgv_pvi=3343246336; Hm_lvt_080836300300be57b7f34f4b3e97d911=1515745273; PHPSESSID=5ga2nu7k49lth5elvr7dg4bi01',
  'accept-language' => 'zh-CN,zh;q=0.9',
  'accept-encoding' => 'gzip, deflate',
  'referer' => 'http://www.appnews.com/public/index.php/admin/login/login',
  'content-type' => 'application/x-www-form-urlencoded; charset=UTF-8',
  'user-agent' => 'Mozilla/5.0 (Windows NT 10.0; WOW64) AppleWebKit/537.36 (KHTML, like Gecko) Chrome/65.0.3325.181 Safari/537.36',
  'x-requested-with' => 'XMLHttpRequest',
  'origin' => 'http://www.appnews.com',
  'accept' => 'application/json, text/javascript, */*; q=0.01',
  'content-length' => '38',
  'connection' => 'close',
  'host' => 'www.appnews.com',
)
[ info ] [ PARAM ] array (
  'username' => 'test',
  'password' => '12345',
  'code' => 'smaf',
)
[ info ] [ RUN ] app\admin\controller\Login->check[ F:\appnews\application\admin\controller\Login.php ]
[ info ] [ SESSION ] INIT array (
  'id' => '',
  'var_session_id' => '',
  'prefix' => 'think',
  'type' => '',
  'auto_start' => true,
)
[ info ] [ LOG ] INIT File
[ error ] [0]致命错误: Call to undefined method app\common\model\AdminUser::get()[F:\appnews\application\admin\controller\Login.php:79]
---------------------------------------------------------------
[ 2018-04-01T23:59:58+08:00 ] 127.0.0.1 GET /public/index.php/admin/login/login
[ info ] www.appnews.com/public/index.php/admin/login/login [运行时间：0.106136s][吞吐率：9.42req/s] [内存消耗：1,302.08kb] [文件加载：47]
[ info ] [ LANG ] F:\appnews\thinkphp\lang\zh-cn.php
[ info ] [ ROUTE ] array (
  'type' => 'module',
  'module' => 
  array (
    0 => 'admin',
    1 => 'login',
    2 => 'login',
  ),
)
[ info ] [ HEADER ] array (
  'cookie' => 'pgv_pvi=3343246336; Hm_lvt_080836300300be57b7f34f4b3e97d911=1515745273',
  'accept-language' => 'zh-CN,zh;q=0.9',
  'accept-encoding' => 'gzip, deflate',
  'referer' => 'http://www.appnews.com/public/index.php/admin/login/login',
  'accept' => 'text/html,application/xhtml+xml,application/xml;q=0.9,image/webp,image/apng,*/*;q=0.8',
  'user-agent' => 'Mozilla/5.0 (Windows NT 10.0; WOW64) AppleWebKit/537.36 (KHTML, like Gecko) Chrome/65.0.3325.181 Safari/537.36',
  'upgrade-insecure-requests' => '1',
  'cache-control' => 'max-age=0',
  'connection' => 'close',
  'host' => 'www.appnews.com',
)
[ info ] [ PARAM ] array (
)
[ info ] [ RUN ] app\admin\controller\Login->login[ F:\appnews\application\admin\controller\Login.php ]
[ info ] [ VIEW ] F:\appnews\public/../application/admin\view\login\login.html [ array (
) ]
[ info ] [ LOG ] INIT File
---------------------------------------------------------------
[ 2018-04-01T23:59:59+08:00 ] 127.0.0.1 GET /public/index.php/admin/login/show_captcha.html
[ info ] www.appnews.com/public/index.php/admin/login/show_captcha.html [运行时间：0.216428s][吞吐率：4.62req/s] [内存消耗：1,299.38kb] [文件加载：46]
[ info ] [ LANG ] F:\appnews\thinkphp\lang\zh-cn.php
[ info ] [ ROUTE ] array (
  'type' => 'module',
  'module' => 
  array (
    0 => 'admin',
    1 => 'login',
    2 => 'show_captcha',
  ),
)
[ info ] [ HEADER ] array (
  'cookie' => 'pgv_pvi=3343246336; Hm_lvt_080836300300be57b7f34f4b3e97d911=1515745273',
  'accept-language' => 'zh-CN,zh;q=0.9',
  'accept-encoding' => 'gzip, deflate',
  'referer' => 'http://www.appnews.com/public/index.php/admin/login/login',
  'accept' => 'image/webp,image/apng,image/*,*/*;q=0.8',
  'user-agent' => 'Mozilla/5.0 (Windows NT 10.0; WOW64) AppleWebKit/537.36 (KHTML, like Gecko) Chrome/65.0.3325.181 Safari/537.36',
  'connection' => 'close',
  'host' => 'www.appnews.com',
)
[ info ] [ PARAM ] array (
)
[ info ] [ RUN ] app\admin\controller\Login->show_captcha[ F:\appnews\application\admin\controller\Login.php ]
[ info ] [ SESSION ] INIT array (
  'id' => '',
  'var_session_id' => '',
  'prefix' => 'think',
  'type' => '',
  'auto_start' => true,
)
[ info ] [ LOG ] INIT File
