---------------------------------------------------------------
[ 2018-04-03T00:34:45+08:00 ] 127.0.0.1 GET /public/index.php/admin/index/index.html
[ info ] www.appnews.com/public/index.php/admin/index/index.html [运行时间：0.107297s][吞吐率：9.32req/s] [内存消耗：1,310.23kb] [文件加载：48]
[ info ] [ LANG ] F:\appnews\thinkphp\lang\zh-cn.php
[ info ] [ ROUTE ] array (
  'type' => 'module',
  'module' => 
  array (
    0 => 'admin',
    1 => 'index',
    2 => 'index',
  ),
)
[ info ] [ HEADER ] array (
  'cookie' => 'pgv_pvi=3343246336; Hm_lvt_080836300300be57b7f34f4b3e97d911=1515745273; PHPSESSID=0ll8lqc4timjuf2cv6ribf9n91',
  'accept-language' => 'zh-CN,zh;q=0.9',
  'accept-encoding' => 'gzip, deflate',
  'referer' => 'http://www.appnews.com/public/index.php/admin/login/login.html',
  'accept' => 'text/html,application/xhtml+xml,application/xml;q=0.9,image/webp,image/apng,*/*;q=0.8',
  'user-agent' => 'Mozilla/5.0 (Windows NT 10.0; WOW64) AppleWebKit/537.36 (KHTML, like Gecko) Chrome/65.0.3325.181 Safari/537.36',
  'upgrade-insecure-requests' => '1',
  'cache-control' => 'max-age=0',
  'connection' => 'close',
  'host' => 'www.appnews.com',
)
[ info ] [ PARAM ] array (
)
[ info ] [ SESSION ] INIT array (
  'id' => '',
  'var_session_id' => '',
  'prefix' => 'think',
  'type' => '',
  'auto_start' => true,
)
[ info ] [ RUN ] app\admin\controller\Index->index[ F:\appnews\application\admin\controller\Index.php ]
[ info ] [ VIEW ] F:\appnews\public/../application/admin\view\index\index.html [ array (
) ]
[ info ] [ LOG ] INIT File
---------------------------------------------------------------
[ 2018-04-03T00:34:45+08:00 ] 127.0.0.1 GET /public/index.php/admin/index/lib/jquery.contextmenu/jquery.contextmenu.r2.js
[ info ] www.appnews.com/public/index.php/admin/index/lib/jquery.contextmenu/jquery.contextmenu.r2.js [运行时间：0.111503s][吞吐率：8.97req/s] [内存消耗：1,285.31kb] [文件加载：49]
[ info ] [ LANG ] F:\appnews\thinkphp\lang\zh-cn.php
[ info ] [ ROUTE ] array (
  'type' => 'module',
  'module' => 
  array (
    0 => 'admin',
    1 => 'index',
    2 => 'lib',
  ),
)
[ info ] [ HEADER ] array (
  'cookie' => 'pgv_pvi=3343246336; Hm_lvt_080836300300be57b7f34f4b3e97d911=1515745273; PHPSESSID=0ll8lqc4timjuf2cv6ribf9n91',
  'accept-language' => 'zh-CN,zh;q=0.9',
  'accept-encoding' => 'gzip, deflate',
  'referer' => 'http://www.appnews.com/public/index.php/admin/index/index.html',
  'accept' => '*/*',
  'user-agent' => 'Mozilla/5.0 (Windows NT 10.0; WOW64) AppleWebKit/537.36 (KHTML, like Gecko) Chrome/65.0.3325.181 Safari/537.36',
  'connection' => 'close',
  'host' => 'www.appnews.com',
)
[ info ] [ PARAM ] array (
  'contextmenu' => 'jquery.contextmenu.r2.js',
)
[ info ] [ SESSION ] INIT array (
  'id' => '',
  'var_session_id' => '',
  'prefix' => 'think',
  'type' => '',
  'auto_start' => true,
)
[ info ] [ LOG ] INIT File
---------------------------------------------------------------
[ 2018-04-03T00:34:46+08:00 ] 127.0.0.1 GET /public/index.php/admin/index/welcome.html
[ info ] www.appnews.com/public/index.php/admin/index/welcome.html [运行时间：0.086380s][吞吐率：11.58req/s] [内存消耗：1,261.57kb] [文件加载：47]
[ info ] [ LANG ] F:\appnews\thinkphp\lang\zh-cn.php
[ info ] [ ROUTE ] array (
  'type' => 'module',
  'module' => 
  array (
    0 => 'admin',
    1 => 'index',
    2 => 'welcome',
  ),
)
[ info ] [ HEADER ] array (
  'cookie' => 'pgv_pvi=3343246336; Hm_lvt_080836300300be57b7f34f4b3e97d911=1515745273; PHPSESSID=0ll8lqc4timjuf2cv6ribf9n91',
  'accept-language' => 'zh-CN,zh;q=0.9',
  'accept-encoding' => 'gzip, deflate',
  'referer' => 'http://www.appnews.com/public/index.php/admin/index/index.html',
  'accept' => 'text/html,application/xhtml+xml,application/xml;q=0.9,image/webp,image/apng,*/*;q=0.8',
  'user-agent' => 'Mozilla/5.0 (Windows NT 10.0; WOW64) AppleWebKit/537.36 (KHTML, like Gecko) Chrome/65.0.3325.181 Safari/537.36',
  'upgrade-insecure-requests' => '1',
  'connection' => 'close',
  'host' => 'www.appnews.com',
)
[ info ] [ PARAM ] array (
)
[ info ] [ SESSION ] INIT array (
  'id' => '',
  'var_session_id' => '',
  'prefix' => 'think',
  'type' => '',
  'auto_start' => true,
)
[ info ] [ RUN ] app\admin\controller\Index->welcome[ F:\appnews\application\admin\controller\Index.php ]
[ info ] [ VIEW ] F:\appnews\public/../application/admin\view\index\welcome.html [ array (
) ]
[ info ] [ LOG ] INIT File
---------------------------------------------------------------
[ 2018-04-03T00:34:47+08:00 ] 127.0.0.1 GET /public/index.php/admin/index/lib/jquery/1.9.1/jquery.min.js
[ info ] www.appnews.com/public/index.php/admin/index/lib/jquery/1.9.1/jquery.min.js [运行时间：0.093365s][吞吐率：10.71req/s] [内存消耗：1,285.23kb] [文件加载：49]
[ info ] [ LANG ] F:\appnews\thinkphp\lang\zh-cn.php
[ info ] [ ROUTE ] array (
  'type' => 'module',
  'module' => 
  array (
    0 => 'admin',
    1 => 'index',
    2 => 'lib',
  ),
)
[ info ] [ HEADER ] array (
  'cookie' => 'pgv_pvi=3343246336; Hm_lvt_080836300300be57b7f34f4b3e97d911=1515745273; PHPSESSID=0ll8lqc4timjuf2cv6ribf9n91',
  'accept-language' => 'zh-CN,zh;q=0.9',
  'accept-encoding' => 'gzip, deflate',
  'referer' => 'http://www.appnews.com/public/index.php/admin/index/welcome.html',
  'accept' => '*/*',
  'user-agent' => 'Mozilla/5.0 (Windows NT 10.0; WOW64) AppleWebKit/537.36 (KHTML, like Gecko) Chrome/65.0.3325.181 Safari/537.36',
  'connection' => 'close',
  'host' => 'www.appnews.com',
)
[ info ] [ PARAM ] array (
  'jquery' => '1.9.1',
)
[ info ] [ SESSION ] INIT array (
  'id' => '',
  'var_session_id' => '',
  'prefix' => 'think',
  'type' => '',
  'auto_start' => true,
)
[ info ] [ LOG ] INIT File
---------------------------------------------------------------
[ 2018-04-03T00:34:48+08:00 ] 127.0.0.1 GET /public/index.php/admin/index/static/h-ui/js/H-ui.min.js
[ info ] www.appnews.com/public/index.php/admin/index/static/h-ui/js/H-ui.min.js [运行时间：0.089268s][吞吐率：11.20req/s] [内存消耗：1,285.22kb] [文件加载：49]
[ info ] [ LANG ] F:\appnews\thinkphp\lang\zh-cn.php
[ info ] [ ROUTE ] array (
  'type' => 'module',
  'module' => 
  array (
    0 => 'admin',
    1 => 'index',
    2 => 'static',
  ),
)
[ info ] [ HEADER ] array (
  'cookie' => 'pgv_pvi=3343246336; Hm_lvt_080836300300be57b7f34f4b3e97d911=1515745273; PHPSESSID=0ll8lqc4timjuf2cv6ribf9n91',
  'accept-language' => 'zh-CN,zh;q=0.9',
  'accept-encoding' => 'gzip, deflate',
  'referer' => 'http://www.appnews.com/public/index.php/admin/index/welcome.html',
  'accept' => '*/*',
  'user-agent' => 'Mozilla/5.0 (Windows NT 10.0; WOW64) AppleWebKit/537.36 (KHTML, like Gecko) Chrome/65.0.3325.181 Safari/537.36',
  'connection' => 'close',
  'host' => 'www.appnews.com',
)
[ info ] [ PARAM ] array (
  'ui' => 'js',
)
[ info ] [ SESSION ] INIT array (
  'id' => '',
  'var_session_id' => '',
  'prefix' => 'think',
  'type' => '',
  'auto_start' => true,
)
[ info ] [ LOG ] INIT File
---------------------------------------------------------------
[ 2018-04-03T00:34:52+08:00 ] 127.0.0.1 GET /public/index.php/admin/news/index.html
[ info ] www.appnews.com/public/index.php/admin/news/index.html [运行时间：1.146623s][吞吐率：0.87req/s] [内存消耗：2,124.25kb] [文件加载：56]
[ info ] [ LANG ] F:\appnews\thinkphp\lang\zh-cn.php
[ info ] [ ROUTE ] array (
  'type' => 'module',
  'module' => 
  array (
    0 => 'admin',
    1 => 'news',
    2 => 'index',
  ),
)
[ info ] [ HEADER ] array (
  'cookie' => 'pgv_pvi=3343246336; Hm_lvt_080836300300be57b7f34f4b3e97d911=1515745273; PHPSESSID=0ll8lqc4timjuf2cv6ribf9n91',
  'accept-language' => 'zh-CN,zh;q=0.9',
  'accept-encoding' => 'gzip, deflate',
  'referer' => 'http://www.appnews.com/public/index.php/admin/index/index.html',
  'accept' => 'text/html,application/xhtml+xml,application/xml;q=0.9,image/webp,image/apng,*/*;q=0.8',
  'user-agent' => 'Mozilla/5.0 (Windows NT 10.0; WOW64) AppleWebKit/537.36 (KHTML, like Gecko) Chrome/65.0.3325.181 Safari/537.36',
  'upgrade-insecure-requests' => '1',
  'connection' => 'close',
  'host' => 'www.appnews.com',
)
[ info ] [ PARAM ] array (
)
[ info ] [ SESSION ] INIT array (
  'id' => '',
  'var_session_id' => '',
  'prefix' => 'think',
  'type' => '',
  'auto_start' => true,
)
[ info ] [ RUN ] app\admin\controller\News->index[ F:\appnews\application\admin\controller\News.php ]
[ info ] [ DB ] INIT mysql
[ info ] [ LOG ] INIT File
[ sql ] [ DB ] CONNECT:[ UseTime:0.326103s ] mysql:host=111.231.143.243;port=3306;dbname=appnews;charset=utf8
[ sql ] [ SQL ] SHOW COLUMNS FROM `ent_news` [ RunTime:0.237637s ]
[ sql ] [ SQL ] SELECT `id`,`catid`,`image`,`title`,`read_count`,`status`,`is_position`,`update_time`,`create_time` FROM `ent_news` WHERE  `status` <> -1 ORDER BY `id`  desc LIMIT 0,5 [ RunTime:0.167864s ]
[ sql ] [ SQL ] SELECT COUNT(*) AS tp_count FROM `ent_news` WHERE  `status` <> -1 LIMIT 1 [ RunTime:0.216280s ]
---------------------------------------------------------------
[ 2018-04-03T00:35:25+08:00 ] 127.0.0.1 GET /public/index.php/admin/index/index.html
[ info ] www.appnews.com/public/index.php/admin/index/index.html [运行时间：0.058887s][吞吐率：16.98req/s] [内存消耗：1,310.23kb] [文件加载：48]
[ info ] [ LANG ] F:\appnews\thinkphp\lang\zh-cn.php
[ info ] [ ROUTE ] array (
  'type' => 'module',
  'module' => 
  array (
    0 => 'admin',
    1 => 'index',
    2 => 'index',
  ),
)
[ info ] [ HEADER ] array (
  'cookie' => 'pgv_pvi=3343246336; Hm_lvt_080836300300be57b7f34f4b3e97d911=1515745273; PHPSESSID=0ll8lqc4timjuf2cv6ribf9n91',
  'accept-language' => 'zh-CN,zh;q=0.9',
  'accept-encoding' => 'gzip, deflate',
  'referer' => 'http://www.appnews.com/public/index.php/admin/login/login.html',
  'accept' => 'text/html,application/xhtml+xml,application/xml;q=0.9,image/webp,image/apng,*/*;q=0.8',
  'user-agent' => 'Mozilla/5.0 (Windows NT 10.0; WOW64) AppleWebKit/537.36 (KHTML, like Gecko) Chrome/65.0.3325.181 Safari/537.36',
  'upgrade-insecure-requests' => '1',
  'cache-control' => 'max-age=0',
  'connection' => 'close',
  'host' => 'www.appnews.com',
)
[ info ] [ PARAM ] array (
)
[ info ] [ SESSION ] INIT array (
  'id' => '',
  'var_session_id' => '',
  'prefix' => 'think',
  'type' => '',
  'auto_start' => true,
)
[ info ] [ RUN ] app\admin\controller\Index->index[ F:\appnews\application\admin\controller\Index.php ]
[ info ] [ VIEW ] F:\appnews\public/../application/admin\view\index\index.html [ array (
) ]
[ info ] [ LOG ] INIT File
---------------------------------------------------------------
[ 2018-04-03T00:35:25+08:00 ] 127.0.0.1 GET /public/index.php/admin/index/lib/jquery.contextmenu/jquery.contextmenu.r2.js
[ info ] www.appnews.com/public/index.php/admin/index/lib/jquery.contextmenu/jquery.contextmenu.r2.js [运行时间：0.059800s][吞吐率：16.72req/s] [内存消耗：1,285.31kb] [文件加载：49]
[ info ] [ LANG ] F:\appnews\thinkphp\lang\zh-cn.php
[ info ] [ ROUTE ] array (
  'type' => 'module',
  'module' => 
  array (
    0 => 'admin',
    1 => 'index',
    2 => 'lib',
  ),
)
[ info ] [ HEADER ] array (
  'cookie' => 'pgv_pvi=3343246336; Hm_lvt_080836300300be57b7f34f4b3e97d911=1515745273; PHPSESSID=0ll8lqc4timjuf2cv6ribf9n91',
  'accept-language' => 'zh-CN,zh;q=0.9',
  'accept-encoding' => 'gzip, deflate',
  'referer' => 'http://www.appnews.com/public/index.php/admin/index/index.html',
  'accept' => '*/*',
  'user-agent' => 'Mozilla/5.0 (Windows NT 10.0; WOW64) AppleWebKit/537.36 (KHTML, like Gecko) Chrome/65.0.3325.181 Safari/537.36',
  'connection' => 'close',
  'host' => 'www.appnews.com',
)
[ info ] [ PARAM ] array (
  'contextmenu' => 'jquery.contextmenu.r2.js',
)
[ info ] [ SESSION ] INIT array (
  'id' => '',
  'var_session_id' => '',
  'prefix' => 'think',
  'type' => '',
  'auto_start' => true,
)
[ info ] [ LOG ] INIT File
---------------------------------------------------------------
[ 2018-04-03T00:35:25+08:00 ] 127.0.0.1 GET /public/index.php/admin/index/lib/jquery.contextmenu/jquery.contextmenu.r2.js
[ info ] www.appnews.com/public/index.php/admin/index/lib/jquery.contextmenu/jquery.contextmenu.r2.js [运行时间：0.062514s][吞吐率：16.00req/s] [内存消耗：1,285.31kb] [文件加载：49]
[ info ] [ LANG ] F:\appnews\thinkphp\lang\zh-cn.php
[ info ] [ ROUTE ] array (
  'type' => 'module',
  'module' => 
  array (
    0 => 'admin',
    1 => 'index',
    2 => 'lib',
  ),
)
[ info ] [ HEADER ] array (
  'cookie' => 'pgv_pvi=3343246336; Hm_lvt_080836300300be57b7f34f4b3e97d911=1515745273; PHPSESSID=0ll8lqc4timjuf2cv6ribf9n91',
  'accept-language' => 'zh-CN,zh;q=0.9',
  'accept-encoding' => 'gzip, deflate',
  'referer' => 'http://www.appnews.com/public/index.php/admin/index/index.html',
  'accept' => '*/*',
  'user-agent' => 'Mozilla/5.0 (Windows NT 10.0; WOW64) AppleWebKit/537.36 (KHTML, like Gecko) Chrome/65.0.3325.181 Safari/537.36',
  'connection' => 'close',
  'host' => 'www.appnews.com',
)
[ info ] [ PARAM ] array (
  'contextmenu' => 'jquery.contextmenu.r2.js',
)
[ info ] [ SESSION ] INIT array (
  'id' => '',
  'var_session_id' => '',
  'prefix' => 'think',
  'type' => '',
  'auto_start' => true,
)
[ info ] [ LOG ] INIT File
---------------------------------------------------------------
[ 2018-04-03T00:35:26+08:00 ] 127.0.0.1 GET /public/index.php/admin/index/welcome.html
[ info ] www.appnews.com/public/index.php/admin/index/welcome.html [运行时间：0.046033s][吞吐率：21.72req/s] [内存消耗：1,261.57kb] [文件加载：47]
[ info ] [ LANG ] F:\appnews\thinkphp\lang\zh-cn.php
[ info ] [ ROUTE ] array (
  'type' => 'module',
  'module' => 
  array (
    0 => 'admin',
    1 => 'index',
    2 => 'welcome',
  ),
)
[ info ] [ HEADER ] array (
  'cookie' => 'pgv_pvi=3343246336; Hm_lvt_080836300300be57b7f34f4b3e97d911=1515745273; PHPSESSID=0ll8lqc4timjuf2cv6ribf9n91',
  'accept-language' => 'zh-CN,zh;q=0.9',
  'accept-encoding' => 'gzip, deflate',
  'referer' => 'http://www.appnews.com/public/index.php/admin/index/index.html',
  'accept' => 'text/html,application/xhtml+xml,application/xml;q=0.9,image/webp,image/apng,*/*;q=0.8',
  'user-agent' => 'Mozilla/5.0 (Windows NT 10.0; WOW64) AppleWebKit/537.36 (KHTML, like Gecko) Chrome/65.0.3325.181 Safari/537.36',
  'upgrade-insecure-requests' => '1',
  'connection' => 'close',
  'host' => 'www.appnews.com',
)
[ info ] [ PARAM ] array (
)
[ info ] [ SESSION ] INIT array (
  'id' => '',
  'var_session_id' => '',
  'prefix' => 'think',
  'type' => '',
  'auto_start' => true,
)
[ info ] [ RUN ] app\admin\controller\Index->welcome[ F:\appnews\application\admin\controller\Index.php ]
[ info ] [ VIEW ] F:\appnews\public/../application/admin\view\index\welcome.html [ array (
) ]
[ info ] [ LOG ] INIT File
---------------------------------------------------------------
[ 2018-04-03T00:35:26+08:00 ] 127.0.0.1 GET /public/index.php/admin/index/lib/jquery/1.9.1/jquery.min.js
[ info ] www.appnews.com/public/index.php/admin/index/lib/jquery/1.9.1/jquery.min.js [运行时间：0.055126s][吞吐率：18.14req/s] [内存消耗：1,285.23kb] [文件加载：49]
[ info ] [ LANG ] F:\appnews\thinkphp\lang\zh-cn.php
[ info ] [ ROUTE ] array (
  'type' => 'module',
  'module' => 
  array (
    0 => 'admin',
    1 => 'index',
    2 => 'lib',
  ),
)
[ info ] [ HEADER ] array (
  'cookie' => 'pgv_pvi=3343246336; Hm_lvt_080836300300be57b7f34f4b3e97d911=1515745273; PHPSESSID=0ll8lqc4timjuf2cv6ribf9n91',
  'accept-language' => 'zh-CN,zh;q=0.9',
  'accept-encoding' => 'gzip, deflate',
  'referer' => 'http://www.appnews.com/public/index.php/admin/index/welcome.html',
  'accept' => '*/*',
  'user-agent' => 'Mozilla/5.0 (Windows NT 10.0; WOW64) AppleWebKit/537.36 (KHTML, like Gecko) Chrome/65.0.3325.181 Safari/537.36',
  'connection' => 'close',
  'host' => 'www.appnews.com',
)
[ info ] [ PARAM ] array (
  'jquery' => '1.9.1',
)
[ info ] [ SESSION ] INIT array (
  'id' => '',
  'var_session_id' => '',
  'prefix' => 'think',
  'type' => '',
  'auto_start' => true,
)
[ info ] [ LOG ] INIT File
---------------------------------------------------------------
[ 2018-04-03T00:35:27+08:00 ] 127.0.0.1 GET /public/index.php/admin/index/static/h-ui/js/H-ui.min.js
[ info ] www.appnews.com/public/index.php/admin/index/static/h-ui/js/H-ui.min.js [运行时间：0.047763s][吞吐率：20.94req/s] [内存消耗：1,285.22kb] [文件加载：49]
[ info ] [ LANG ] F:\appnews\thinkphp\lang\zh-cn.php
[ info ] [ ROUTE ] array (
  'type' => 'module',
  'module' => 
  array (
    0 => 'admin',
    1 => 'index',
    2 => 'static',
  ),
)
[ info ] [ HEADER ] array (
  'cookie' => 'pgv_pvi=3343246336; Hm_lvt_080836300300be57b7f34f4b3e97d911=1515745273; PHPSESSID=0ll8lqc4timjuf2cv6ribf9n91',
  'accept-language' => 'zh-CN,zh;q=0.9',
  'accept-encoding' => 'gzip, deflate',
  'referer' => 'http://www.appnews.com/public/index.php/admin/index/welcome.html',
  'accept' => '*/*',
  'user-agent' => 'Mozilla/5.0 (Windows NT 10.0; WOW64) AppleWebKit/537.36 (KHTML, like Gecko) Chrome/65.0.3325.181 Safari/537.36',
  'connection' => 'close',
  'host' => 'www.appnews.com',
)
[ info ] [ PARAM ] array (
  'ui' => 'js',
)
[ info ] [ SESSION ] INIT array (
  'id' => '',
  'var_session_id' => '',
  'prefix' => 'think',
  'type' => '',
  'auto_start' => true,
)
[ info ] [ LOG ] INIT File
---------------------------------------------------------------
[ 2018-04-03T00:35:28+08:00 ] 127.0.0.1 GET /public/index.php/admin/news/index.html
[ info ] www.appnews.com/public/index.php/admin/news/index.html [运行时间：0.852575s][吞吐率：1.17req/s] [内存消耗：2,124.18kb] [文件加载：56]
[ info ] [ LANG ] F:\appnews\thinkphp\lang\zh-cn.php
[ info ] [ ROUTE ] array (
  'type' => 'module',
  'module' => 
  array (
    0 => 'admin',
    1 => 'news',
    2 => 'index',
  ),
)
[ info ] [ HEADER ] array (
  'cookie' => 'pgv_pvi=3343246336; Hm_lvt_080836300300be57b7f34f4b3e97d911=1515745273; PHPSESSID=0ll8lqc4timjuf2cv6ribf9n91',
  'accept-language' => 'zh-CN,zh;q=0.9',
  'accept-encoding' => 'gzip, deflate',
  'referer' => 'http://www.appnews.com/public/index.php/admin/index/index.html',
  'accept' => 'text/html,application/xhtml+xml,application/xml;q=0.9,image/webp,image/apng,*/*;q=0.8',
  'user-agent' => 'Mozilla/5.0 (Windows NT 10.0; WOW64) AppleWebKit/537.36 (KHTML, like Gecko) Chrome/65.0.3325.181 Safari/537.36',
  'upgrade-insecure-requests' => '1',
  'connection' => 'close',
  'host' => 'www.appnews.com',
)
[ info ] [ PARAM ] array (
)
[ info ] [ SESSION ] INIT array (
  'id' => '',
  'var_session_id' => '',
  'prefix' => 'think',
  'type' => '',
  'auto_start' => true,
)
[ info ] [ RUN ] app\admin\controller\News->index[ F:\appnews\application\admin\controller\News.php ]
[ info ] [ DB ] INIT mysql
[ info ] [ LOG ] INIT File
[ sql ] [ DB ] CONNECT:[ UseTime:0.245773s ] mysql:host=111.231.143.243;port=3306;dbname=appnews;charset=utf8
[ sql ] [ SQL ] SHOW COLUMNS FROM `ent_news` [ RunTime:0.143301s ]
[ sql ] [ SQL ] SELECT `id`,`catid`,`image`,`title`,`read_count`,`status`,`is_position`,`update_time`,`create_time` FROM `ent_news` WHERE  `status` <> -1 ORDER BY `id`  desc LIMIT 0,5 [ RunTime:0.158769s ]
[ sql ] [ SQL ] SELECT COUNT(*) AS tp_count FROM `ent_news` WHERE  `status` <> -1 LIMIT 1 [ RunTime:0.158869s ]
---------------------------------------------------------------
[ 2018-04-03T00:35:42+08:00 ] 127.0.0.1 GET /public/index.php/admin/index/index.html
[ info ] www.appnews.com/public/index.php/admin/index/index.html [运行时间：0.088329s][吞吐率：11.32req/s] [内存消耗：1,310.23kb] [文件加载：48]
[ info ] [ LANG ] F:\appnews\thinkphp\lang\zh-cn.php
[ info ] [ ROUTE ] array (
  'type' => 'module',
  'module' => 
  array (
    0 => 'admin',
    1 => 'index',
    2 => 'index',
  ),
)
[ info ] [ HEADER ] array (
  'cookie' => 'pgv_pvi=3343246336; Hm_lvt_080836300300be57b7f34f4b3e97d911=1515745273; PHPSESSID=0ll8lqc4timjuf2cv6ribf9n91',
  'accept-language' => 'zh-CN,zh;q=0.9',
  'accept-encoding' => 'gzip, deflate',
  'referer' => 'http://www.appnews.com/public/index.php/admin/login/login.html',
  'accept' => 'text/html,application/xhtml+xml,application/xml;q=0.9,image/webp,image/apng,*/*;q=0.8',
  'user-agent' => 'Mozilla/5.0 (Windows NT 10.0; WOW64) AppleWebKit/537.36 (KHTML, like Gecko) Chrome/65.0.3325.181 Safari/537.36',
  'upgrade-insecure-requests' => '1',
  'cache-control' => 'max-age=0',
  'connection' => 'close',
  'host' => 'www.appnews.com',
)
[ info ] [ PARAM ] array (
)
[ info ] [ SESSION ] INIT array (
  'id' => '',
  'var_session_id' => '',
  'prefix' => 'think',
  'type' => '',
  'auto_start' => true,
)
[ info ] [ RUN ] app\admin\controller\Index->index[ F:\appnews\application\admin\controller\Index.php ]
[ info ] [ VIEW ] F:\appnews\public/../application/admin\view\index\index.html [ array (
) ]
[ info ] [ LOG ] INIT File
---------------------------------------------------------------
[ 2018-04-03T00:35:42+08:00 ] 127.0.0.1 GET /public/index.php/admin/index/lib/jquery.contextmenu/jquery.contextmenu.r2.js
[ info ] www.appnews.com/public/index.php/admin/index/lib/jquery.contextmenu/jquery.contextmenu.r2.js [运行时间：0.076218s][吞吐率：13.12req/s] [内存消耗：1,285.31kb] [文件加载：49]
[ info ] [ LANG ] F:\appnews\thinkphp\lang\zh-cn.php
[ info ] [ ROUTE ] array (
  'type' => 'module',
  'module' => 
  array (
    0 => 'admin',
    1 => 'index',
    2 => 'lib',
  ),
)
[ info ] [ HEADER ] array (
  'cookie' => 'pgv_pvi=3343246336; Hm_lvt_080836300300be57b7f34f4b3e97d911=1515745273; PHPSESSID=0ll8lqc4timjuf2cv6ribf9n91',
  'accept-language' => 'zh-CN,zh;q=0.9',
  'accept-encoding' => 'gzip, deflate',
  'referer' => 'http://www.appnews.com/public/index.php/admin/index/index.html',
  'accept' => '*/*',
  'user-agent' => 'Mozilla/5.0 (Windows NT 10.0; WOW64) AppleWebKit/537.36 (KHTML, like Gecko) Chrome/65.0.3325.181 Safari/537.36',
  'connection' => 'close',
  'host' => 'www.appnews.com',
)
[ info ] [ PARAM ] array (
  'contextmenu' => 'jquery.contextmenu.r2.js',
)
[ info ] [ SESSION ] INIT array (
  'id' => '',
  'var_session_id' => '',
  'prefix' => 'think',
  'type' => '',
  'auto_start' => true,
)
[ info ] [ LOG ] INIT File
---------------------------------------------------------------
[ 2018-04-03T00:35:43+08:00 ] 127.0.0.1 GET /public/index.php/admin/index/welcome.html
[ info ] www.appnews.com/public/index.php/admin/index/welcome.html [运行时间：0.045477s][吞吐率：21.99req/s] [内存消耗：1,261.57kb] [文件加载：47]
[ info ] [ LANG ] F:\appnews\thinkphp\lang\zh-cn.php
[ info ] [ ROUTE ] array (
  'type' => 'module',
  'module' => 
  array (
    0 => 'admin',
    1 => 'index',
    2 => 'welcome',
  ),
)
[ info ] [ HEADER ] array (
  'cookie' => 'pgv_pvi=3343246336; Hm_lvt_080836300300be57b7f34f4b3e97d911=1515745273; PHPSESSID=0ll8lqc4timjuf2cv6ribf9n91',
  'accept-language' => 'zh-CN,zh;q=0.9',
  'accept-encoding' => 'gzip, deflate',
  'referer' => 'http://www.appnews.com/public/index.php/admin/index/index.html',
  'accept' => 'text/html,application/xhtml+xml,application/xml;q=0.9,image/webp,image/apng,*/*;q=0.8',
  'user-agent' => 'Mozilla/5.0 (Windows NT 10.0; WOW64) AppleWebKit/537.36 (KHTML, like Gecko) Chrome/65.0.3325.181 Safari/537.36',
  'upgrade-insecure-requests' => '1',
  'connection' => 'close',
  'host' => 'www.appnews.com',
)
[ info ] [ PARAM ] array (
)
[ info ] [ SESSION ] INIT array (
  'id' => '',
  'var_session_id' => '',
  'prefix' => 'think',
  'type' => '',
  'auto_start' => true,
)
[ info ] [ RUN ] app\admin\controller\Index->welcome[ F:\appnews\application\admin\controller\Index.php ]
[ info ] [ VIEW ] F:\appnews\public/../application/admin\view\index\welcome.html [ array (
) ]
[ info ] [ LOG ] INIT File
---------------------------------------------------------------
[ 2018-04-03T00:35:43+08:00 ] 127.0.0.1 GET /public/index.php/admin/index/lib/jquery/1.9.1/jquery.min.js
[ info ] www.appnews.com/public/index.php/admin/index/lib/jquery/1.9.1/jquery.min.js [运行时间：0.055471s][吞吐率：18.03req/s] [内存消耗：1,285.23kb] [文件加载：49]
[ info ] [ LANG ] F:\appnews\thinkphp\lang\zh-cn.php
[ info ] [ ROUTE ] array (
  'type' => 'module',
  'module' => 
  array (
    0 => 'admin',
    1 => 'index',
    2 => 'lib',
  ),
)
[ info ] [ HEADER ] array (
  'cookie' => 'pgv_pvi=3343246336; Hm_lvt_080836300300be57b7f34f4b3e97d911=1515745273; PHPSESSID=0ll8lqc4timjuf2cv6ribf9n91',
  'accept-language' => 'zh-CN,zh;q=0.9',
  'accept-encoding' => 'gzip, deflate',
  'referer' => 'http://www.appnews.com/public/index.php/admin/index/welcome.html',
  'accept' => '*/*',
  'user-agent' => 'Mozilla/5.0 (Windows NT 10.0; WOW64) AppleWebKit/537.36 (KHTML, like Gecko) Chrome/65.0.3325.181 Safari/537.36',
  'connection' => 'close',
  'host' => 'www.appnews.com',
)
[ info ] [ PARAM ] array (
  'jquery' => '1.9.1',
)
[ info ] [ SESSION ] INIT array (
  'id' => '',
  'var_session_id' => '',
  'prefix' => 'think',
  'type' => '',
  'auto_start' => true,
)
[ info ] [ LOG ] INIT File
---------------------------------------------------------------
[ 2018-04-03T00:35:45+08:00 ] 127.0.0.1 GET /public/index.php/admin/news/index.html
[ info ] www.appnews.com/public/index.php/admin/news/index.html [运行时间：0.775078s][吞吐率：1.29req/s] [内存消耗：2,124.23kb] [文件加载：56]
[ info ] [ LANG ] F:\appnews\thinkphp\lang\zh-cn.php
[ info ] [ ROUTE ] array (
  'type' => 'module',
  'module' => 
  array (
    0 => 'admin',
    1 => 'news',
    2 => 'index',
  ),
)
[ info ] [ HEADER ] array (
  'cookie' => 'pgv_pvi=3343246336; Hm_lvt_080836300300be57b7f34f4b3e97d911=1515745273; PHPSESSID=0ll8lqc4timjuf2cv6ribf9n91',
  'accept-language' => 'zh-CN,zh;q=0.9',
  'accept-encoding' => 'gzip, deflate',
  'referer' => 'http://www.appnews.com/public/index.php/admin/index/index.html',
  'accept' => 'text/html,application/xhtml+xml,application/xml;q=0.9,image/webp,image/apng,*/*;q=0.8',
  'user-agent' => 'Mozilla/5.0 (Windows NT 10.0; WOW64) AppleWebKit/537.36 (KHTML, like Gecko) Chrome/65.0.3325.181 Safari/537.36',
  'upgrade-insecure-requests' => '1',
  'connection' => 'close',
  'host' => 'www.appnews.com',
)
[ info ] [ PARAM ] array (
)
[ info ] [ SESSION ] INIT array (
  'id' => '',
  'var_session_id' => '',
  'prefix' => 'think',
  'type' => '',
  'auto_start' => true,
)
[ info ] [ RUN ] app\admin\controller\News->index[ F:\appnews\application\admin\controller\News.php ]
[ info ] [ DB ] INIT mysql
[ info ] [ LOG ] INIT File
[ sql ] [ DB ] CONNECT:[ UseTime:0.227648s ] mysql:host=111.231.143.243;port=3306;dbname=appnews;charset=utf8
[ sql ] [ SQL ] SHOW COLUMNS FROM `ent_news` [ RunTime:0.154491s ]
[ sql ] [ SQL ] SELECT `id`,`catid`,`image`,`title`,`read_count`,`status`,`is_position`,`update_time`,`create_time` FROM `ent_news` WHERE  `status` <> -1 ORDER BY `id`  desc LIMIT 0,5 [ RunTime:0.164680s ]
[ sql ] [ SQL ] SELECT COUNT(*) AS tp_count FROM `ent_news` WHERE  `status` <> -1 LIMIT 1 [ RunTime:0.155608s ]
---------------------------------------------------------------
[ 2018-04-03T00:35:45+08:00 ] 127.0.0.1 GET /public/index.php/admin/index/static/h-ui/js/H-ui.min.js
[ info ] www.appnews.com/public/index.php/admin/index/static/h-ui/js/H-ui.min.js [运行时间：0.172413s][吞吐率：5.80req/s] [内存消耗：1,285.22kb] [文件加载：49]
[ info ] [ LANG ] F:\appnews\thinkphp\lang\zh-cn.php
[ info ] [ ROUTE ] array (
  'type' => 'module',
  'module' => 
  array (
    0 => 'admin',
    1 => 'index',
    2 => 'static',
  ),
)
[ info ] [ HEADER ] array (
  'cookie' => 'pgv_pvi=3343246336; Hm_lvt_080836300300be57b7f34f4b3e97d911=1515745273; PHPSESSID=0ll8lqc4timjuf2cv6ribf9n91',
  'accept-language' => 'zh-CN,zh;q=0.9',
  'accept-encoding' => 'gzip, deflate',
  'referer' => 'http://www.appnews.com/public/index.php/admin/index/welcome.html',
  'accept' => '*/*',
  'user-agent' => 'Mozilla/5.0 (Windows NT 10.0; WOW64) AppleWebKit/537.36 (KHTML, like Gecko) Chrome/65.0.3325.181 Safari/537.36',
  'connection' => 'close',
  'host' => 'www.appnews.com',
)
[ info ] [ PARAM ] array (
  'ui' => 'js',
)
[ info ] [ SESSION ] INIT array (
  'id' => '',
  'var_session_id' => '',
  'prefix' => 'think',
  'type' => '',
  'auto_start' => true,
)
[ info ] [ LOG ] INIT File
---------------------------------------------------------------
[ 2018-04-03T00:35:55+08:00 ] 127.0.0.1 GET /public/index.php/admin/news/index.html
[ info ] www.appnews.com/public/index.php/admin/news/index.html [运行时间：0.762297s][吞吐率：1.31req/s] [内存消耗：2,124.29kb] [文件加载：56]
[ info ] [ LANG ] F:\appnews\thinkphp\lang\zh-cn.php
[ info ] [ ROUTE ] array (
  'type' => 'module',
  'module' => 
  array (
    0 => 'admin',
    1 => 'news',
    2 => 'index',
  ),
)
[ info ] [ HEADER ] array (
  'cookie' => 'pgv_pvi=3343246336; Hm_lvt_080836300300be57b7f34f4b3e97d911=1515745273; PHPSESSID=0ll8lqc4timjuf2cv6ribf9n91',
  'accept-language' => 'zh-CN,zh;q=0.9',
  'accept-encoding' => 'gzip, deflate',
  'referer' => 'http://www.appnews.com/public/index.php/admin/index/index.html',
  'accept' => 'text/html,application/xhtml+xml,application/xml;q=0.9,image/webp,image/apng,*/*;q=0.8',
  'user-agent' => 'Mozilla/5.0 (Windows NT 10.0; WOW64) AppleWebKit/537.36 (KHTML, like Gecko) Chrome/65.0.3325.181 Safari/537.36',
  'upgrade-insecure-requests' => '1',
  'cache-control' => 'max-age=0',
  'connection' => 'close',
  'host' => 'www.appnews.com',
)
[ info ] [ PARAM ] array (
)
[ info ] [ SESSION ] INIT array (
  'id' => '',
  'var_session_id' => '',
  'prefix' => 'think',
  'type' => '',
  'auto_start' => true,
)
[ info ] [ RUN ] app\admin\controller\News->index[ F:\appnews\application\admin\controller\News.php ]
[ info ] [ DB ] INIT mysql
[ info ] [ LOG ] INIT File
[ sql ] [ DB ] CONNECT:[ UseTime:0.199933s ] mysql:host=111.231.143.243;port=3306;dbname=appnews;charset=utf8
[ sql ] [ SQL ] SHOW COLUMNS FROM `ent_news` [ RunTime:0.158934s ]
[ sql ] [ SQL ] SELECT `id`,`catid`,`image`,`title`,`read_count`,`status`,`is_position`,`update_time`,`create_time` FROM `ent_news` WHERE  `status` <> -1 ORDER BY `id`  desc LIMIT 0,5 [ RunTime:0.145832s ]
[ sql ] [ SQL ] SELECT COUNT(*) AS tp_count FROM `ent_news` WHERE  `status` <> -1 LIMIT 1 [ RunTime:0.156793s ]
---------------------------------------------------------------
[ 2018-04-03T00:35:57+08:00 ] 127.0.0.1 GET /public/index.php/admin/news/index.html
[ info ] www.appnews.com/public/index.php/admin/news/index.html [运行时间：0.576656s][吞吐率：1.73req/s] [内存消耗：2,123.78kb] [文件加载：56]
[ info ] [ LANG ] F:\appnews\thinkphp\lang\zh-cn.php
[ info ] [ ROUTE ] array (
  'type' => 'module',
  'module' => 
  array (
    0 => 'admin',
    1 => 'news',
    2 => 'index',
  ),
)
[ info ] [ HEADER ] array (
  'cookie' => 'pgv_pvi=3343246336; Hm_lvt_080836300300be57b7f34f4b3e97d911=1515745273; PHPSESSID=0ll8lqc4timjuf2cv6ribf9n91',
  'accept-language' => 'zh-CN,zh;q=0.9',
  'accept-encoding' => 'gzip, deflate',
  'accept' => 'text/html,application/xhtml+xml,application/xml;q=0.9,image/webp,image/apng,*/*;q=0.8',
  'user-agent' => 'Mozilla/5.0 (Windows NT 10.0; WOW64) AppleWebKit/537.36 (KHTML, like Gecko) Chrome/65.0.3325.181 Safari/537.36',
  'upgrade-insecure-requests' => '1',
  'connection' => 'close',
  'host' => 'www.appnews.com',
)
[ info ] [ PARAM ] array (
)
[ info ] [ SESSION ] INIT array (
  'id' => '',
  'var_session_id' => '',
  'prefix' => 'think',
  'type' => '',
  'auto_start' => true,
)
[ info ] [ RUN ] app\admin\controller\News->index[ F:\appnews\application\admin\controller\News.php ]
[ info ] [ DB ] INIT mysql
[ info ] [ LOG ] INIT File
[ sql ] [ DB ] CONNECT:[ UseTime:0.151519s ] mysql:host=111.231.143.243;port=3306;dbname=appnews;charset=utf8
[ sql ] [ SQL ] SHOW COLUMNS FROM `ent_news` [ RunTime:0.064615s ]
[ sql ] [ SQL ] SELECT `id`,`catid`,`image`,`title`,`read_count`,`status`,`is_position`,`update_time`,`create_time` FROM `ent_news` WHERE  `status` <> -1 ORDER BY `id`  desc LIMIT 0,5 [ RunTime:0.085404s ]
[ sql ] [ SQL ] SELECT COUNT(*) AS tp_count FROM `ent_news` WHERE  `status` <> -1 LIMIT 1 [ RunTime:0.077375s ]
---------------------------------------------------------------
[ 2018-04-03T00:39:13+08:00 ] 127.0.0.1 GET /public/index.php/admin/index/index.html
[ info ] www.appnews.com/public/index.php/admin/index/index.html [运行时间：0.117553s][吞吐率：8.51req/s] [内存消耗：1,310.23kb] [文件加载：48]
[ info ] [ LANG ] F:\appnews\thinkphp\lang\zh-cn.php
[ info ] [ ROUTE ] array (
  'type' => 'module',
  'module' => 
  array (
    0 => 'admin',
    1 => 'index',
    2 => 'index',
  ),
)
[ info ] [ HEADER ] array (
  'cookie' => 'pgv_pvi=3343246336; Hm_lvt_080836300300be57b7f34f4b3e97d911=1515745273; PHPSESSID=0ll8lqc4timjuf2cv6ribf9n91',
  'accept-language' => 'zh-CN,zh;q=0.9',
  'accept-encoding' => 'gzip, deflate',
  'referer' => 'http://www.appnews.com/public/index.php/admin/login/login.html',
  'accept' => 'text/html,application/xhtml+xml,application/xml;q=0.9,image/webp,image/apng,*/*;q=0.8',
  'user-agent' => 'Mozilla/5.0 (Windows NT 10.0; WOW64) AppleWebKit/537.36 (KHTML, like Gecko) Chrome/65.0.3325.181 Safari/537.36',
  'upgrade-insecure-requests' => '1',
  'cache-control' => 'max-age=0',
  'connection' => 'close',
  'host' => 'www.appnews.com',
)
[ info ] [ PARAM ] array (
)
[ info ] [ SESSION ] INIT array (
  'id' => '',
  'var_session_id' => '',
  'prefix' => 'think',
  'type' => '',
  'auto_start' => true,
)
[ info ] [ RUN ] app\admin\controller\Index->index[ F:\appnews\application\admin\controller\Index.php ]
[ info ] [ VIEW ] F:\appnews\public/../application/admin\view\index\index.html [ array (
) ]
[ info ] [ LOG ] INIT File
---------------------------------------------------------------
[ 2018-04-03T00:39:13+08:00 ] 127.0.0.1 GET /public/index.php/admin/index/lib/jquery.contextmenu/jquery.contextmenu.r2.js
[ info ] www.appnews.com/public/index.php/admin/index/lib/jquery.contextmenu/jquery.contextmenu.r2.js [运行时间：0.163437s][吞吐率：6.12req/s] [内存消耗：1,285.31kb] [文件加载：49]
[ info ] [ LANG ] F:\appnews\thinkphp\lang\zh-cn.php
[ info ] [ ROUTE ] array (
  'type' => 'module',
  'module' => 
  array (
    0 => 'admin',
    1 => 'index',
    2 => 'lib',
  ),
)
[ info ] [ HEADER ] array (
  'cookie' => 'pgv_pvi=3343246336; Hm_lvt_080836300300be57b7f34f4b3e97d911=1515745273; PHPSESSID=0ll8lqc4timjuf2cv6ribf9n91',
  'accept-language' => 'zh-CN,zh;q=0.9',
  'accept-encoding' => 'gzip, deflate',
  'referer' => 'http://www.appnews.com/public/index.php/admin/index/index.html',
  'accept' => '*/*',
  'user-agent' => 'Mozilla/5.0 (Windows NT 10.0; WOW64) AppleWebKit/537.36 (KHTML, like Gecko) Chrome/65.0.3325.181 Safari/537.36',
  'connection' => 'close',
  'host' => 'www.appnews.com',
)
[ info ] [ PARAM ] array (
  'contextmenu' => 'jquery.contextmenu.r2.js',
)
[ info ] [ SESSION ] INIT array (
  'id' => '',
  'var_session_id' => '',
  'prefix' => 'think',
  'type' => '',
  'auto_start' => true,
)
[ info ] [ LOG ] INIT File
---------------------------------------------------------------
[ 2018-04-03T00:39:13+08:00 ] 127.0.0.1 GET /public/index.php/admin/index/welcome.html
[ info ] www.appnews.com/public/index.php/admin/index/welcome.html [运行时间：0.215617s][吞吐率：4.64req/s] [内存消耗：1,261.57kb] [文件加载：47]
[ info ] [ LANG ] F:\appnews\thinkphp\lang\zh-cn.php
[ info ] [ ROUTE ] array (
  'type' => 'module',
  'module' => 
  array (
    0 => 'admin',
    1 => 'index',
    2 => 'welcome',
  ),
)
[ info ] [ HEADER ] array (
  'cookie' => 'pgv_pvi=3343246336; Hm_lvt_080836300300be57b7f34f4b3e97d911=1515745273; PHPSESSID=0ll8lqc4timjuf2cv6ribf9n91',
  'accept-language' => 'zh-CN,zh;q=0.9',
  'accept-encoding' => 'gzip, deflate',
  'referer' => 'http://www.appnews.com/public/index.php/admin/index/index.html',
  'accept' => 'text/html,application/xhtml+xml,application/xml;q=0.9,image/webp,image/apng,*/*;q=0.8',
  'user-agent' => 'Mozilla/5.0 (Windows NT 10.0; WOW64) AppleWebKit/537.36 (KHTML, like Gecko) Chrome/65.0.3325.181 Safari/537.36',
  'upgrade-insecure-requests' => '1',
  'connection' => 'close',
  'host' => 'www.appnews.com',
)
[ info ] [ PARAM ] array (
)
[ info ] [ SESSION ] INIT array (
  'id' => '',
  'var_session_id' => '',
  'prefix' => 'think',
  'type' => '',
  'auto_start' => true,
)
[ info ] [ RUN ] app\admin\controller\Index->welcome[ F:\appnews\application\admin\controller\Index.php ]
[ info ] [ VIEW ] F:\appnews\public/../application/admin\view\index\welcome.html [ array (
) ]
[ info ] [ LOG ] INIT File
---------------------------------------------------------------
[ 2018-04-03T00:39:13+08:00 ] 127.0.0.1 GET /public/index.php/admin/index/lib/jquery/1.9.1/jquery.min.js
[ info ] www.appnews.com/public/index.php/admin/index/lib/jquery/1.9.1/jquery.min.js [运行时间：0.088676s][吞吐率：11.28req/s] [内存消耗：1,285.23kb] [文件加载：49]
[ info ] [ LANG ] F:\appnews\thinkphp\lang\zh-cn.php
[ info ] [ ROUTE ] array (
  'type' => 'module',
  'module' => 
  array (
    0 => 'admin',
    1 => 'index',
    2 => 'lib',
  ),
)
[ info ] [ HEADER ] array (
  'cookie' => 'pgv_pvi=3343246336; Hm_lvt_080836300300be57b7f34f4b3e97d911=1515745273; PHPSESSID=0ll8lqc4timjuf2cv6ribf9n91',
  'accept-language' => 'zh-CN,zh;q=0.9',
  'accept-encoding' => 'gzip, deflate',
  'referer' => 'http://www.appnews.com/public/index.php/admin/index/welcome.html',
  'accept' => '*/*',
  'user-agent' => 'Mozilla/5.0 (Windows NT 10.0; WOW64) AppleWebKit/537.36 (KHTML, like Gecko) Chrome/65.0.3325.181 Safari/537.36',
  'connection' => 'close',
  'host' => 'www.appnews.com',
)
[ info ] [ PARAM ] array (
  'jquery' => '1.9.1',
)
[ info ] [ SESSION ] INIT array (
  'id' => '',
  'var_session_id' => '',
  'prefix' => 'think',
  'type' => '',
  'auto_start' => true,
)
[ info ] [ LOG ] INIT File
---------------------------------------------------------------
[ 2018-04-03T00:39:13+08:00 ] 127.0.0.1 GET /public/index.php/admin/index/static/h-ui/js/H-ui.min.js
[ info ] www.appnews.com/public/index.php/admin/index/static/h-ui/js/H-ui.min.js [运行时间：0.150957s][吞吐率：6.62req/s] [内存消耗：1,285.22kb] [文件加载：49]
[ info ] [ LANG ] F:\appnews\thinkphp\lang\zh-cn.php
[ info ] [ ROUTE ] array (
  'type' => 'module',
  'module' => 
  array (
    0 => 'admin',
    1 => 'index',
    2 => 'static',
  ),
)
[ info ] [ HEADER ] array (
  'cookie' => 'pgv_pvi=3343246336; Hm_lvt_080836300300be57b7f34f4b3e97d911=1515745273; PHPSESSID=0ll8lqc4timjuf2cv6ribf9n91',
  'accept-language' => 'zh-CN,zh;q=0.9',
  'accept-encoding' => 'gzip, deflate',
  'referer' => 'http://www.appnews.com/public/index.php/admin/index/welcome.html',
  'accept' => '*/*',
  'user-agent' => 'Mozilla/5.0 (Windows NT 10.0; WOW64) AppleWebKit/537.36 (KHTML, like Gecko) Chrome/65.0.3325.181 Safari/537.36',
  'connection' => 'close',
  'host' => 'www.appnews.com',
)
[ info ] [ PARAM ] array (
  'ui' => 'js',
)
[ info ] [ SESSION ] INIT array (
  'id' => '',
  'var_session_id' => '',
  'prefix' => 'think',
  'type' => '',
  'auto_start' => true,
)
[ info ] [ LOG ] INIT File
---------------------------------------------------------------
[ 2018-04-03T00:39:16+08:00 ] 127.0.0.1 GET /public/index.php/admin/news/index.html
[ info ] www.appnews.com/public/index.php/admin/news/index.html [运行时间：0.604100s][吞吐率：1.66req/s] [内存消耗：2,124.23kb] [文件加载：56]
[ info ] [ LANG ] F:\appnews\thinkphp\lang\zh-cn.php
[ info ] [ ROUTE ] array (
  'type' => 'module',
  'module' => 
  array (
    0 => 'admin',
    1 => 'news',
    2 => 'index',
  ),
)
[ info ] [ HEADER ] array (
  'cookie' => 'pgv_pvi=3343246336; Hm_lvt_080836300300be57b7f34f4b3e97d911=1515745273; PHPSESSID=0ll8lqc4timjuf2cv6ribf9n91',
  'accept-language' => 'zh-CN,zh;q=0.9',
  'accept-encoding' => 'gzip, deflate',
  'referer' => 'http://www.appnews.com/public/index.php/admin/index/index.html',
  'accept' => 'text/html,application/xhtml+xml,application/xml;q=0.9,image/webp,image/apng,*/*;q=0.8',
  'user-agent' => 'Mozilla/5.0 (Windows NT 10.0; WOW64) AppleWebKit/537.36 (KHTML, like Gecko) Chrome/65.0.3325.181 Safari/537.36',
  'upgrade-insecure-requests' => '1',
  'connection' => 'close',
  'host' => 'www.appnews.com',
)
[ info ] [ PARAM ] array (
)
[ info ] [ SESSION ] INIT array (
  'id' => '',
  'var_session_id' => '',
  'prefix' => 'think',
  'type' => '',
  'auto_start' => true,
)
[ info ] [ RUN ] app\admin\controller\News->index[ F:\appnews\application\admin\controller\News.php ]
[ info ] [ DB ] INIT mysql
[ info ] [ LOG ] INIT File
[ sql ] [ DB ] CONNECT:[ UseTime:0.131421s ] mysql:host=111.231.143.243;port=3306;dbname=appnews;charset=utf8
[ sql ] [ SQL ] SHOW COLUMNS FROM `ent_news` [ RunTime:0.108382s ]
[ sql ] [ SQL ] SELECT `id`,`catid`,`image`,`title`,`read_count`,`status`,`is_position`,`update_time`,`create_time` FROM `ent_news` WHERE  `status` <> -1 ORDER BY `id`  desc LIMIT 0,5 [ RunTime:0.081779s ]
[ sql ] [ SQL ] SELECT COUNT(*) AS tp_count FROM `ent_news` WHERE  `status` <> -1 LIMIT 1 [ RunTime:0.145533s ]
---------------------------------------------------------------
[ 2018-04-03T23:23:47+08:00 ] 127.0.0.1 GET /public/index.php/admin/index/index.html
[ info ] www.appnews.com/public/index.php/admin/index/index.html [运行时间：2.478355s][吞吐率：0.40req/s] [内存消耗：1,301.23kb] [文件加载：49]
[ info ] [ LANG ] F:\appnews\thinkphp\lang\zh-cn.php
[ info ] [ ROUTE ] array (
  'type' => 'module',
  'module' => 
  array (
    0 => 'admin',
    1 => 'index',
    2 => 'index',
  ),
)
[ info ] [ HEADER ] array (
  'cookie' => 'pgv_pvi=3343246336; Hm_lvt_080836300300be57b7f34f4b3e97d911=1515745273',
  'accept-language' => 'zh-CN,zh;q=0.9',
  'accept-encoding' => 'gzip, deflate',
  'accept' => 'text/html,application/xhtml+xml,application/xml;q=0.9,image/webp,image/apng,*/*;q=0.8',
  'user-agent' => 'Mozilla/5.0 (Windows NT 10.0; WOW64) AppleWebKit/537.36 (KHTML, like Gecko) Chrome/65.0.3325.181 Safari/537.36',
  'upgrade-insecure-requests' => '1',
  'connection' => 'close',
  'host' => 'www.appnews.com',
)
[ info ] [ PARAM ] array (
)
[ info ] [ SESSION ] INIT array (
  'id' => '',
  'var_session_id' => '',
  'prefix' => 'think',
  'type' => '',
  'auto_start' => true,
)
[ info ] [ RUN ] app\admin\controller\Index->index[ F:\appnews\application\admin\controller\Index.php ]
[ info ] [ VIEW ] F:\appnews\thinkphp\tpl\dispatch_jump.tpl [ array (
  0 => 'code',
  1 => 'msg',
  2 => 'data',
  3 => 'url',
  4 => 'wait',
) ]
[ info ] [ LOG ] INIT File
---------------------------------------------------------------
[ 2018-04-03T23:23:50+08:00 ] 127.0.0.1 GET /public/index.php/admin/login/login.html
[ info ] www.appnews.com/public/index.php/admin/login/login.html [运行时间：0.196604s][吞吐率：5.09req/s] [内存消耗：1,309.63kb] [文件加载：48]
[ info ] [ LANG ] F:\appnews\thinkphp\lang\zh-cn.php
[ info ] [ ROUTE ] array (
  'type' => 'module',
  'module' => 
  array (
    0 => 'admin',
    1 => 'login',
    2 => 'login',
  ),
)
[ info ] [ HEADER ] array (
  'cookie' => 'pgv_pvi=3343246336; Hm_lvt_080836300300be57b7f34f4b3e97d911=1515745273; PHPSESSID=69oia1mto8roqqmtt2o6pp6v50',
  'accept-language' => 'zh-CN,zh;q=0.9',
  'accept-encoding' => 'gzip, deflate',
  'referer' => 'http://www.appnews.com/public/index.php/admin/index/index.html',
  'accept' => 'text/html,application/xhtml+xml,application/xml;q=0.9,image/webp,image/apng,*/*;q=0.8',
  'user-agent' => 'Mozilla/5.0 (Windows NT 10.0; WOW64) AppleWebKit/537.36 (KHTML, like Gecko) Chrome/65.0.3325.181 Safari/537.36',
  'upgrade-insecure-requests' => '1',
  'connection' => 'close',
  'host' => 'www.appnews.com',
)
[ info ] [ PARAM ] array (
)
[ info ] [ SESSION ] INIT array (
  'id' => '',
  'var_session_id' => '',
  'prefix' => 'think',
  'type' => '',
  'auto_start' => true,
)
[ info ] [ RUN ] app\admin\controller\Login->login[ F:\appnews\application\admin\controller\Login.php ]
[ info ] [ VIEW ] F:\appnews\public/../application/admin\view\login\login.html [ array (
) ]
[ info ] [ LOG ] INIT File
---------------------------------------------------------------
[ 2018-04-03T23:23:51+08:00 ] 127.0.0.1 GET /public/index.php/admin/login/show_captcha.html
[ info ] www.appnews.com/public/index.php/admin/login/show_captcha.html [运行时间：0.305204s][吞吐率：3.28req/s] [内存消耗：1,306.28kb] [文件加载：47]
[ info ] [ LANG ] F:\appnews\thinkphp\lang\zh-cn.php
[ info ] [ ROUTE ] array (
  'type' => 'module',
  'module' => 
  array (
    0 => 'admin',
    1 => 'login',
    2 => 'show_captcha',
  ),
)
[ info ] [ HEADER ] array (
  'cookie' => 'pgv_pvi=3343246336; Hm_lvt_080836300300be57b7f34f4b3e97d911=1515745273; PHPSESSID=69oia1mto8roqqmtt2o6pp6v50',
  'accept-language' => 'zh-CN,zh;q=0.9',
  'accept-encoding' => 'gzip, deflate',
  'referer' => 'http://www.appnews.com/public/index.php/admin/login/login.html',
  'accept' => 'image/webp,image/apng,image/*,*/*;q=0.8',
  'user-agent' => 'Mozilla/5.0 (Windows NT 10.0; WOW64) AppleWebKit/537.36 (KHTML, like Gecko) Chrome/65.0.3325.181 Safari/537.36',
  'connection' => 'close',
  'host' => 'www.appnews.com',
)
[ info ] [ PARAM ] array (
)
[ info ] [ SESSION ] INIT array (
  'id' => '',
  'var_session_id' => '',
  'prefix' => 'think',
  'type' => '',
  'auto_start' => true,
)
[ info ] [ RUN ] app\admin\controller\Login->show_captcha[ F:\appnews\application\admin\controller\Login.php ]
[ info ] [ LOG ] INIT File
---------------------------------------------------------------
[ 2018-04-03T23:24:19+08:00 ] 127.0.0.1 POST /public/index.php/admin/login/check.html
[ info ] www.appnews.com/public/index.php/admin/login/check.html [运行时间：17.851833s][吞吐率：0.06req/s] [内存消耗：2,184.72kb] [文件加载：60]
[ info ] [ LANG ] F:\appnews\thinkphp\lang\zh-cn.php
[ info ] [ ROUTE ] array (
  'type' => 'module',
  'module' => 
  array (
    0 => 'admin',
    1 => 'login',
    2 => 'check',
  ),
)
[ info ] [ HEADER ] array (
  'cookie' => 'pgv_pvi=3343246336; Hm_lvt_080836300300be57b7f34f4b3e97d911=1515745273; PHPSESSID=69oia1mto8roqqmtt2o6pp6v50',
  'accept-language' => 'zh-CN,zh;q=0.9',
  'accept-encoding' => 'gzip, deflate',
  'referer' => 'http://www.appnews.com/public/index.php/admin/login/login.html',
  'content-type' => 'application/x-www-form-urlencoded; charset=UTF-8',
  'user-agent' => 'Mozilla/5.0 (Windows NT 10.0; WOW64) AppleWebKit/537.36 (KHTML, like Gecko) Chrome/65.0.3325.181 Safari/537.36',
  'x-requested-with' => 'XMLHttpRequest',
  'origin' => 'http://www.appnews.com',
  'accept' => 'application/json, text/javascript, */*; q=0.01',
  'content-length' => '38',
  'connection' => 'close',
  'host' => 'www.appnews.com',
)
[ info ] [ PARAM ] array (
  'username' => 'test',
  'password' => '12345',
  'code' => 'pl4d',
)
[ info ] [ SESSION ] INIT array (
  'id' => '',
  'var_session_id' => '',
  'prefix' => 'think',
  'type' => '',
  'auto_start' => true,
)
[ info ] [ RUN ] app\admin\controller\Login->check[ F:\appnews\application\admin\controller\Login.php ]
[ info ] [ DB ] INIT mysql
[ info ] [ LOG ] INIT File
[ sql ] [ DB ] CONNECT:[ UseTime:16.999588s ] mysql:host=111.231.143.243;port=3306;dbname=appnews;charset=utf8
[ sql ] [ SQL ] SHOW COLUMNS FROM `ent_admin_user` [ RunTime:0.070302s ]
[ sql ] [ SQL ] SELECT * FROM `ent_admin_user` WHERE  `username` = 'test' LIMIT 1 [ RunTime:0.130329s ]
---------------------------------------------------------------
[ 2018-04-03T23:24:19+08:00 ] 127.0.0.1 GET /public/index.php/admin/index/index.html
[ info ] www.appnews.com/public/index.php/admin/index/index.html [运行时间：0.171876s][吞吐率：5.82req/s] [内存消耗：1,309.67kb] [文件加载：48]
[ info ] [ LANG ] F:\appnews\thinkphp\lang\zh-cn.php
[ info ] [ ROUTE ] array (
  'type' => 'module',
  'module' => 
  array (
    0 => 'admin',
    1 => 'index',
    2 => 'index',
  ),
)
[ info ] [ HEADER ] array (
  'cookie' => 'pgv_pvi=3343246336; Hm_lvt_080836300300be57b7f34f4b3e97d911=1515745273; PHPSESSID=69oia1mto8roqqmtt2o6pp6v50',
  'accept-language' => 'zh-CN,zh;q=0.9',
  'accept-encoding' => 'gzip, deflate',
  'referer' => 'http://www.appnews.com/public/index.php/admin/login/login.html',
  'accept' => 'text/html,application/xhtml+xml,application/xml;q=0.9,image/webp,image/apng,*/*;q=0.8',
  'user-agent' => 'Mozilla/5.0 (Windows NT 10.0; WOW64) AppleWebKit/537.36 (KHTML, like Gecko) Chrome/65.0.3325.181 Safari/537.36',
  'upgrade-insecure-requests' => '1',
  'connection' => 'close',
  'host' => 'www.appnews.com',
)
[ info ] [ PARAM ] array (
)
[ info ] [ SESSION ] INIT array (
  'id' => '',
  'var_session_id' => '',
  'prefix' => 'think',
  'type' => '',
  'auto_start' => true,
)
[ info ] [ RUN ] app\admin\controller\Index->index[ F:\appnews\application\admin\controller\Index.php ]
[ info ] [ VIEW ] F:\appnews\public/../application/admin\view\index\index.html [ array (
) ]
[ info ] [ LOG ] INIT File
---------------------------------------------------------------
[ 2018-04-03T23:24:19+08:00 ] 127.0.0.1 GET /public/index.php/admin/index/lib/jquery.contextmenu/jquery.contextmenu.r2.js
[ info ] www.appnews.com/public/index.php/admin/index/lib/jquery.contextmenu/jquery.contextmenu.r2.js [运行时间：0.464829s][吞吐率：2.15req/s] [内存消耗：1,285.31kb] [文件加载：49]
[ info ] [ LANG ] F:\appnews\thinkphp\lang\zh-cn.php
[ info ] [ ROUTE ] array (
  'type' => 'module',
  'module' => 
  array (
    0 => 'admin',
    1 => 'index',
    2 => 'lib',
  ),
)
[ info ] [ HEADER ] array (
  'cookie' => 'pgv_pvi=3343246336; Hm_lvt_080836300300be57b7f34f4b3e97d911=1515745273; PHPSESSID=69oia1mto8roqqmtt2o6pp6v50',
  'accept-language' => 'zh-CN,zh;q=0.9',
  'accept-encoding' => 'gzip, deflate',
  'referer' => 'http://www.appnews.com/public/index.php/admin/index/index.html',
  'accept' => '*/*',
  'user-agent' => 'Mozilla/5.0 (Windows NT 10.0; WOW64) AppleWebKit/537.36 (KHTML, like Gecko) Chrome/65.0.3325.181 Safari/537.36',
  'connection' => 'close',
  'host' => 'www.appnews.com',
)
[ info ] [ PARAM ] array (
  'contextmenu' => 'jquery.contextmenu.r2.js',
)
[ info ] [ SESSION ] INIT array (
  'id' => '',
  'var_session_id' => '',
  'prefix' => 'think',
  'type' => '',
  'auto_start' => true,
)
[ info ] [ LOG ] INIT File
---------------------------------------------------------------
[ 2018-04-03T23:24:20+08:00 ] 127.0.0.1 GET /public/index.php/admin/index/welcome.html
[ info ] www.appnews.com/public/index.php/admin/index/welcome.html [运行时间：0.093353s][吞吐率：10.71req/s] [内存消耗：1,261.57kb] [文件加载：47]
[ info ] [ LANG ] F:\appnews\thinkphp\lang\zh-cn.php
[ info ] [ ROUTE ] array (
  'type' => 'module',
  'module' => 
  array (
    0 => 'admin',
    1 => 'index',
    2 => 'welcome',
  ),
)
[ info ] [ HEADER ] array (
  'cookie' => 'pgv_pvi=3343246336; Hm_lvt_080836300300be57b7f34f4b3e97d911=1515745273; PHPSESSID=69oia1mto8roqqmtt2o6pp6v50',
  'accept-language' => 'zh-CN,zh;q=0.9',
  'accept-encoding' => 'gzip, deflate',
  'referer' => 'http://www.appnews.com/public/index.php/admin/index/index.html',
  'accept' => 'text/html,application/xhtml+xml,application/xml;q=0.9,image/webp,image/apng,*/*;q=0.8',
  'user-agent' => 'Mozilla/5.0 (Windows NT 10.0; WOW64) AppleWebKit/537.36 (KHTML, like Gecko) Chrome/65.0.3325.181 Safari/537.36',
  'upgrade-insecure-requests' => '1',
  'connection' => 'close',
  'host' => 'www.appnews.com',
)
[ info ] [ PARAM ] array (
)
[ info ] [ SESSION ] INIT array (
  'id' => '',
  'var_session_id' => '',
  'prefix' => 'think',
  'type' => '',
  'auto_start' => true,
)
[ info ] [ RUN ] app\admin\controller\Index->welcome[ F:\appnews\application\admin\controller\Index.php ]
[ info ] [ VIEW ] F:\appnews\public/../application/admin\view\index\welcome.html [ array (
) ]
[ info ] [ LOG ] INIT File
---------------------------------------------------------------
[ 2018-04-03T23:24:20+08:00 ] 127.0.0.1 GET /public/index.php/admin/index/lib/jquery/1.9.1/jquery.min.js
[ info ] www.appnews.com/public/index.php/admin/index/lib/jquery/1.9.1/jquery.min.js [运行时间：0.082981s][吞吐率：12.05req/s] [内存消耗：1,285.23kb] [文件加载：49]
[ info ] [ LANG ] F:\appnews\thinkphp\lang\zh-cn.php
[ info ] [ ROUTE ] array (
  'type' => 'module',
  'module' => 
  array (
    0 => 'admin',
    1 => 'index',
    2 => 'lib',
  ),
)
[ info ] [ HEADER ] array (
  'cookie' => 'pgv_pvi=3343246336; Hm_lvt_080836300300be57b7f34f4b3e97d911=1515745273; PHPSESSID=69oia1mto8roqqmtt2o6pp6v50',
  'accept-language' => 'zh-CN,zh;q=0.9',
  'accept-encoding' => 'gzip, deflate',
  'referer' => 'http://www.appnews.com/public/index.php/admin/index/welcome.html',
  'accept' => '*/*',
  'user-agent' => 'Mozilla/5.0 (Windows NT 10.0; WOW64) AppleWebKit/537.36 (KHTML, like Gecko) Chrome/65.0.3325.181 Safari/537.36',
  'connection' => 'close',
  'host' => 'www.appnews.com',
)
[ info ] [ PARAM ] array (
  'jquery' => '1.9.1',
)
[ info ] [ SESSION ] INIT array (
  'id' => '',
  'var_session_id' => '',
  'prefix' => 'think',
  'type' => '',
  'auto_start' => true,
)
[ info ] [ LOG ] INIT File
---------------------------------------------------------------
[ 2018-04-03T23:24:21+08:00 ] 127.0.0.1 GET /public/index.php/admin/index/static/h-ui/js/H-ui.min.js
[ info ] www.appnews.com/public/index.php/admin/index/static/h-ui/js/H-ui.min.js [运行时间：0.076353s][吞吐率：13.10req/s] [内存消耗：1,285.22kb] [文件加载：49]
[ info ] [ LANG ] F:\appnews\thinkphp\lang\zh-cn.php
[ info ] [ ROUTE ] array (
  'type' => 'module',
  'module' => 
  array (
    0 => 'admin',
    1 => 'index',
    2 => 'static',
  ),
)
[ info ] [ HEADER ] array (
  'cookie' => 'pgv_pvi=3343246336; Hm_lvt_080836300300be57b7f34f4b3e97d911=1515745273; PHPSESSID=69oia1mto8roqqmtt2o6pp6v50',
  'accept-language' => 'zh-CN,zh;q=0.9',
  'accept-encoding' => 'gzip, deflate',
  'referer' => 'http://www.appnews.com/public/index.php/admin/index/welcome.html',
  'accept' => '*/*',
  'user-agent' => 'Mozilla/5.0 (Windows NT 10.0; WOW64) AppleWebKit/537.36 (KHTML, like Gecko) Chrome/65.0.3325.181 Safari/537.36',
  'connection' => 'close',
  'host' => 'www.appnews.com',
)
[ info ] [ PARAM ] array (
  'ui' => 'js',
)
[ info ] [ SESSION ] INIT array (
  'id' => '',
  'var_session_id' => '',
  'prefix' => 'think',
  'type' => '',
  'auto_start' => true,
)
[ info ] [ LOG ] INIT File
---------------------------------------------------------------
[ 2018-04-03T23:24:26+08:00 ] 127.0.0.1 GET /public/index.php/admin/news/index.html
[ info ] www.appnews.com/public/index.php/admin/news/index.html [运行时间：0.860443s][吞吐率：1.16req/s] [内存消耗：2,239.66kb] [文件加载：59]
[ info ] [ LANG ] F:\appnews\thinkphp\lang\zh-cn.php
[ info ] [ ROUTE ] array (
  'type' => 'module',
  'module' => 
  array (
    0 => 'admin',
    1 => 'news',
    2 => 'index',
  ),
)
[ info ] [ HEADER ] array (
  'cookie' => 'pgv_pvi=3343246336; Hm_lvt_080836300300be57b7f34f4b3e97d911=1515745273; PHPSESSID=69oia1mto8roqqmtt2o6pp6v50',
  'accept-language' => 'zh-CN,zh;q=0.9',
  'accept-encoding' => 'gzip, deflate',
  'referer' => 'http://www.appnews.com/public/index.php/admin/index/index.html',
  'accept' => 'text/html,application/xhtml+xml,application/xml;q=0.9,image/webp,image/apng,*/*;q=0.8',
  'user-agent' => 'Mozilla/5.0 (Windows NT 10.0; WOW64) AppleWebKit/537.36 (KHTML, like Gecko) Chrome/65.0.3325.181 Safari/537.36',
  'upgrade-insecure-requests' => '1',
  'connection' => 'close',
  'host' => 'www.appnews.com',
)
[ info ] [ PARAM ] array (
)
[ info ] [ SESSION ] INIT array (
  'id' => '',
  'var_session_id' => '',
  'prefix' => 'think',
  'type' => '',
  'auto_start' => true,
)
[ info ] [ RUN ] app\admin\controller\News->index[ F:\appnews\application\admin\controller\News.php ]
[ info ] [ DB ] INIT mysql
[ info ] [ VIEW ] F:\appnews\public/../application/admin\view\news\index.html [ array (
) ]
[ info ] [ LOG ] INIT File
[ sql ] [ DB ] CONNECT:[ UseTime:0.146592s ] mysql:host=111.231.143.243;port=3306;dbname=appnews;charset=utf8
[ sql ] [ SQL ] SHOW COLUMNS FROM `ent_news` [ RunTime:0.058936s ]
[ sql ] [ SQL ] SELECT `id`,`catid`,`image`,`title`,`read_count`,`status`,`is_position`,`update_time`,`create_time` FROM `ent_news` WHERE  `status` <> -1 ORDER BY `id`  desc LIMIT 0,5 [ RunTime:0.068214s ]
[ sql ] [ SQL ] SELECT COUNT(*) AS tp_count FROM `ent_news` WHERE  `status` <> -1 LIMIT 1 [ RunTime:0.114945s ]
---------------------------------------------------------------
[ 2018-04-03T23:37:32+08:00 ] 127.0.0.1 GET /public/index.php/admin/news/index.html
[ info ] www.appnews.com/public/index.php/admin/news/index.html [运行时间：0.520681s][吞吐率：1.92req/s] [内存消耗：2,288.24kb] [文件加载：61]
[ info ] [ LANG ] F:\appnews\thinkphp\lang\zh-cn.php
[ info ] [ ROUTE ] array (
  'type' => 'module',
  'module' => 
  array (
    0 => 'admin',
    1 => 'news',
    2 => 'index',
  ),
)
[ info ] [ HEADER ] array (
  'cookie' => 'pgv_pvi=3343246336; Hm_lvt_080836300300be57b7f34f4b3e97d911=1515745273; PHPSESSID=69oia1mto8roqqmtt2o6pp6v50',
  'accept-language' => 'zh-CN,zh;q=0.9',
  'accept-encoding' => 'gzip, deflate',
  'accept' => 'text/html,application/xhtml+xml,application/xml;q=0.9,image/webp,image/apng,*/*;q=0.8',
  'user-agent' => 'Mozilla/5.0 (Windows NT 10.0; WOW64) AppleWebKit/537.36 (KHTML, like Gecko) Chrome/65.0.3325.181 Safari/537.36',
  'upgrade-insecure-requests' => '1',
  'connection' => 'close',
  'host' => 'www.appnews.com',
)
[ info ] [ PARAM ] array (
)
[ info ] [ SESSION ] INIT array (
  'id' => '',
  'var_session_id' => '',
  'prefix' => 'think',
  'type' => '',
  'auto_start' => true,
)
[ info ] [ RUN ] app\admin\controller\News->index[ F:\appnews\application\admin\controller\News.php ]
[ info ] [ DB ] INIT mysql
[ info ] [ VIEW ] F:\appnews\public/../application/admin\view\news\index.html [ array (
  0 => 'cats',
  1 => 'catid',
) ]
[ info ] [ LOG ] INIT File
[ sql ] [ DB ] CONNECT:[ UseTime:0.158806s ] mysql:host=111.231.143.243;port=3306;dbname=appnews;charset=utf8
[ sql ] [ SQL ] SHOW COLUMNS FROM `ent_news` [ RunTime:0.060345s ]
[ sql ] [ SQL ] SELECT `id`,`catid`,`image`,`title`,`read_count`,`status`,`is_position`,`update_time`,`create_time` FROM `ent_news` WHERE  `status` <> -1 ORDER BY `id`  desc LIMIT 0,5 [ RunTime:0.080998s ]
[ sql ] [ SQL ] SELECT COUNT(*) AS tp_count FROM `ent_news` WHERE  `status` <> -1 LIMIT 1 [ RunTime:0.101727s ]
---------------------------------------------------------------
[ 2018-04-03T23:37:35+08:00 ] 127.0.0.1 GET /public/index.php/admin/news/index.html
[ info ] www.appnews.com/public/index.php/admin/news/index.html [运行时间：0.534258s][吞吐率：1.87req/s] [内存消耗：2,176.05kb] [文件加载：59]
[ info ] [ LANG ] F:\appnews\thinkphp\lang\zh-cn.php
[ info ] [ ROUTE ] array (
  'type' => 'module',
  'module' => 
  array (
    0 => 'admin',
    1 => 'news',
    2 => 'index',
  ),
)
[ info ] [ HEADER ] array (
  'cookie' => 'pgv_pvi=3343246336; Hm_lvt_080836300300be57b7f34f4b3e97d911=1515745273; PHPSESSID=69oia1mto8roqqmtt2o6pp6v50',
  'accept-language' => 'zh-CN,zh;q=0.9',
  'accept-encoding' => 'gzip, deflate',
  'referer' => 'http://www.appnews.com/public/index.php/admin/index/index.html',
  'accept' => 'text/html,application/xhtml+xml,application/xml;q=0.9,image/webp,image/apng,*/*;q=0.8',
  'user-agent' => 'Mozilla/5.0 (Windows NT 10.0; WOW64) AppleWebKit/537.36 (KHTML, like Gecko) Chrome/65.0.3325.181 Safari/537.36',
  'upgrade-insecure-requests' => '1',
  'cache-control' => 'max-age=0',
  'connection' => 'close',
  'host' => 'www.appnews.com',
)
[ info ] [ PARAM ] array (
)
[ info ] [ SESSION ] INIT array (
  'id' => '',
  'var_session_id' => '',
  'prefix' => 'think',
  'type' => '',
  'auto_start' => true,
)
[ info ] [ RUN ] app\admin\controller\News->index[ F:\appnews\application\admin\controller\News.php ]
[ info ] [ DB ] INIT mysql
[ info ] [ VIEW ] F:\appnews\public/../application/admin\view\news\index.html [ array (
  0 => 'cats',
  1 => 'catid',
) ]
[ info ] [ LOG ] INIT File
[ sql ] [ DB ] CONNECT:[ UseTime:0.121636s ] mysql:host=111.231.143.243;port=3306;dbname=appnews;charset=utf8
[ sql ] [ SQL ] SHOW COLUMNS FROM `ent_news` [ RunTime:0.129668s ]
[ sql ] [ SQL ] SELECT `id`,`catid`,`image`,`title`,`read_count`,`status`,`is_position`,`update_time`,`create_time` FROM `ent_news` WHERE  `status` <> -1 ORDER BY `id`  desc LIMIT 0,5 [ RunTime:0.095162s ]
[ sql ] [ SQL ] SELECT COUNT(*) AS tp_count FROM `ent_news` WHERE  `status` <> -1 LIMIT 1 [ RunTime:0.076654s ]
---------------------------------------------------------------
[ 2018-04-03T23:48:43+08:00 ] 127.0.0.1 GET /public/index.php/admin/news/index.html
[ info ] www.appnews.com/public/index.php/admin/news/index.html [运行时间：0.886570s][吞吐率：1.13req/s] [内存消耗：2,292.25kb] [文件加载：61]
[ info ] [ LANG ] F:\appnews\thinkphp\lang\zh-cn.php
[ info ] [ ROUTE ] array (
  'type' => 'module',
  'module' => 
  array (
    0 => 'admin',
    1 => 'news',
    2 => 'index',
  ),
)
[ info ] [ HEADER ] array (
  'cookie' => 'pgv_pvi=3343246336; Hm_lvt_080836300300be57b7f34f4b3e97d911=1515745273; PHPSESSID=69oia1mto8roqqmtt2o6pp6v50',
  'accept-language' => 'zh-CN,zh;q=0.9',
  'accept-encoding' => 'gzip, deflate',
  'referer' => 'http://www.appnews.com/public/index.php/admin/index/index.html',
  'accept' => 'text/html,application/xhtml+xml,application/xml;q=0.9,image/webp,image/apng,*/*;q=0.8',
  'user-agent' => 'Mozilla/5.0 (Windows NT 10.0; WOW64) AppleWebKit/537.36 (KHTML, like Gecko) Chrome/65.0.3325.181 Safari/537.36',
  'upgrade-insecure-requests' => '1',
  'cache-control' => 'max-age=0',
  'connection' => 'close',
  'host' => 'www.appnews.com',
)
[ info ] [ PARAM ] array (
)
[ info ] [ SESSION ] INIT array (
  'id' => '',
  'var_session_id' => '',
  'prefix' => 'think',
  'type' => '',
  'auto_start' => true,
)
[ info ] [ RUN ] app\admin\controller\News->index[ F:\appnews\application\admin\controller\News.php ]
[ info ] [ DB ] INIT mysql
[ info ] [ VIEW ] F:\appnews\public/../application/admin\view\news\index.html [ array (
  0 => 'cats',
  1 => 'catid',
  2 => 'title',
  3 => 'start_time',
  4 => 'end_time',
) ]
[ info ] [ LOG ] INIT File
[ sql ] [ DB ] CONNECT:[ UseTime:0.261428s ] mysql:host=111.231.143.243;port=3306;dbname=appnews;charset=utf8
[ sql ] [ SQL ] SHOW COLUMNS FROM `ent_news` [ RunTime:0.154315s ]
[ sql ] [ SQL ] SELECT `id`,`catid`,`image`,`title`,`read_count`,`status`,`is_position`,`update_time`,`create_time` FROM `ent_news` WHERE  `status` <> -1 ORDER BY `id`  desc LIMIT 0,5 [ RunTime:0.131063s ]
[ sql ] [ SQL ] SELECT COUNT(*) AS tp_count FROM `ent_news` WHERE  `status` <> -1 LIMIT 1 [ RunTime:0.156729s ]
---------------------------------------------------------------
[ 2018-04-03T23:59:48+08:00 ] 127.0.0.1 GET /public/index.php/admin/news/index.html
[ info ] www.appnews.com/public/index.php/admin/news/index.html [运行时间：1.037296s][吞吐率：0.96req/s] [内存消耗：2,292.25kb] [文件加载：61]
[ info ] [ LANG ] F:\appnews\thinkphp\lang\zh-cn.php
[ info ] [ ROUTE ] array (
  'type' => 'module',
  'module' => 
  array (
    0 => 'admin',
    1 => 'news',
    2 => 'index',
  ),
)
[ info ] [ HEADER ] array (
  'cookie' => 'pgv_pvi=3343246336; Hm_lvt_080836300300be57b7f34f4b3e97d911=1515745273; PHPSESSID=69oia1mto8roqqmtt2o6pp6v50',
  'accept-language' => 'zh-CN,zh;q=0.9',
  'accept-encoding' => 'gzip, deflate',
  'referer' => 'http://www.appnews.com/public/index.php/admin/index/index.html',
  'accept' => 'text/html,application/xhtml+xml,application/xml;q=0.9,image/webp,image/apng,*/*;q=0.8',
  'user-agent' => 'Mozilla/5.0 (Windows NT 10.0; WOW64) AppleWebKit/537.36 (KHTML, like Gecko) Chrome/65.0.3325.181 Safari/537.36',
  'upgrade-insecure-requests' => '1',
  'cache-control' => 'max-age=0',
  'connection' => 'close',
  'host' => 'www.appnews.com',
)
[ info ] [ PARAM ] array (
)
[ info ] [ SESSION ] INIT array (
  'id' => '',
  'var_session_id' => '',
  'prefix' => 'think',
  'type' => '',
  'auto_start' => true,
)
[ info ] [ RUN ] app\admin\controller\News->index[ F:\appnews\application\admin\controller\News.php ]
[ info ] [ DB ] INIT mysql
[ info ] [ VIEW ] F:\appnews\public/../application/admin\view\news\index.html [ array (
  0 => 'cats',
  1 => 'catid',
  2 => 'title',
  3 => 'start_time',
  4 => 'end_time',
) ]
[ info ] [ LOG ] INIT File
[ sql ] [ DB ] CONNECT:[ UseTime:0.311517s ] mysql:host=111.231.143.243;port=3306;dbname=appnews;charset=utf8
[ sql ] [ SQL ] SHOW COLUMNS FROM `ent_news` [ RunTime:0.158932s ]
[ sql ] [ SQL ] SELECT `id`,`catid`,`image`,`title`,`read_count`,`status`,`is_position`,`update_time`,`create_time` FROM `ent_news` WHERE  `status` <> -1 ORDER BY `id`  desc LIMIT 0,5 [ RunTime:0.162111s ]
[ sql ] [ SQL ] SELECT COUNT(*) AS tp_count FROM `ent_news` WHERE  `status` <> -1 LIMIT 1 [ RunTime:0.154373s ]
