---------------------------------------------------------------
[ 2018-04-04T00:01:11+08:00 ] 127.0.0.1 GET /public/index.php/admin/news/index.html
[ info ] www.appnews.com/public/index.php/admin/news/index.html [运行时间：0.895380s][吞吐率：1.12req/s] [内存消耗：2,292.37kb] [文件加载：61]
[ info ] [ LANG ] F:\appnews\thinkphp\lang\zh-cn.php
[ info ] [ ROUTE ] array (
  'type' => 'module',
  'module' => 
  array (
    0 => 'admin',
    1 => 'news',
    2 => 'index',
  ),
)
[ info ] [ HEADER ] array (
  'cookie' => 'pgv_pvi=3343246336; Hm_lvt_080836300300be57b7f34f4b3e97d911=1515745273; PHPSESSID=69oia1mto8roqqmtt2o6pp6v50',
  'accept-language' => 'zh-CN,zh;q=0.9',
  'accept-encoding' => 'gzip, deflate',
  'referer' => 'http://www.appnews.com/public/index.php/admin/index/index.html',
  'accept' => 'text/html,application/xhtml+xml,application/xml;q=0.9,image/webp,image/apng,*/*;q=0.8',
  'user-agent' => 'Mozilla/5.0 (Windows NT 10.0; WOW64) AppleWebKit/537.36 (KHTML, like Gecko) Chrome/65.0.3325.181 Safari/537.36',
  'upgrade-insecure-requests' => '1',
  'cache-control' => 'max-age=0',
  'connection' => 'close',
  'host' => 'www.appnews.com',
)
[ info ] [ PARAM ] array (
)
[ info ] [ SESSION ] INIT array (
  'id' => '',
  'var_session_id' => '',
  'prefix' => 'think',
  'type' => '',
  'auto_start' => true,
)
[ info ] [ RUN ] app\admin\controller\News->index[ F:\appnews\application\admin\controller\News.php ]
[ info ] [ DB ] INIT mysql
[ info ] [ VIEW ] F:\appnews\public/../application/admin\view\news\index.html [ array (
  0 => 'cats',
  1 => 'catid',
  2 => 'title',
  3 => 'start_time',
  4 => 'end_time',
) ]
[ info ] [ LOG ] INIT File
[ sql ] [ DB ] CONNECT:[ UseTime:0.250208s ] mysql:host=111.231.143.243;port=3306;dbname=appnews;charset=utf8
[ sql ] [ SQL ] SHOW COLUMNS FROM `ent_news` [ RunTime:0.148830s ]
[ sql ] [ SQL ] SELECT `id`,`catid`,`image`,`title`,`read_count`,`status`,`is_position`,`update_time`,`create_time` FROM `ent_news` WHERE  `status` <> -1 ORDER BY `id`  desc LIMIT 0,5 [ RunTime:0.159045s ]
[ sql ] [ SQL ] SELECT COUNT(*) AS tp_count FROM `ent_news` WHERE  `status` <> -1 LIMIT 1 [ RunTime:0.145009s ]
---------------------------------------------------------------
[ 2018-04-04T00:03:09+08:00 ] 127.0.0.1 GET /public/index.php/admin/news/index.html
[ info ] www.appnews.com/public/index.php/admin/news/index.html [运行时间：0.759845s][吞吐率：1.32req/s] [内存消耗：2,177.92kb] [文件加载：59]
[ info ] [ LANG ] F:\appnews\thinkphp\lang\zh-cn.php
[ info ] [ ROUTE ] array (
  'type' => 'module',
  'module' => 
  array (
    0 => 'admin',
    1 => 'news',
    2 => 'index',
  ),
)
[ info ] [ HEADER ] array (
  'cookie' => 'pgv_pvi=3343246336; Hm_lvt_080836300300be57b7f34f4b3e97d911=1515745273; PHPSESSID=69oia1mto8roqqmtt2o6pp6v50',
  'accept-language' => 'zh-CN,zh;q=0.9',
  'accept-encoding' => 'gzip, deflate',
  'referer' => 'http://www.appnews.com/public/index.php/admin/index/index.html',
  'accept' => 'text/html,application/xhtml+xml,application/xml;q=0.9,image/webp,image/apng,*/*;q=0.8',
  'user-agent' => 'Mozilla/5.0 (Windows NT 10.0; WOW64) AppleWebKit/537.36 (KHTML, like Gecko) Chrome/65.0.3325.181 Safari/537.36',
  'upgrade-insecure-requests' => '1',
  'cache-control' => 'max-age=0',
  'connection' => 'close',
  'host' => 'www.appnews.com',
)
[ info ] [ PARAM ] array (
)
[ info ] [ SESSION ] INIT array (
  'id' => '',
  'var_session_id' => '',
  'prefix' => 'think',
  'type' => '',
  'auto_start' => true,
)
[ info ] [ RUN ] app\admin\controller\News->index[ F:\appnews\application\admin\controller\News.php ]
[ info ] [ DB ] INIT mysql
[ info ] [ VIEW ] F:\appnews\public/../application/admin\view\news\index.html [ array (
  0 => 'cats',
  1 => 'catid',
  2 => 'title',
  3 => 'start_time',
  4 => 'end_time',
) ]
[ info ] [ LOG ] INIT File
[ sql ] [ DB ] CONNECT:[ UseTime:0.188087s ] mysql:host=111.231.143.243;port=3306;dbname=appnews;charset=utf8
[ sql ] [ SQL ] SHOW COLUMNS FROM `ent_news` [ RunTime:0.159698s ]
[ sql ] [ SQL ] SELECT `id`,`catid`,`image`,`title`,`read_count`,`status`,`is_position`,`update_time`,`create_time` FROM `ent_news` WHERE  `status` <> -1 ORDER BY `id`  desc LIMIT 0,5 [ RunTime:0.158264s ]
[ sql ] [ SQL ] SELECT COUNT(*) AS tp_count FROM `ent_news` WHERE  `status` <> -1 LIMIT 1 [ RunTime:0.117229s ]
---------------------------------------------------------------
[ 2018-04-04T00:06:09+08:00 ] 127.0.0.1 GET /public/index.php/admin/news/index.html
[ info ] www.appnews.com/public/index.php/admin/news/index.html [运行时间：0.933232s][吞吐率：1.07req/s] [内存消耗：2,292.38kb] [文件加载：61]
[ info ] [ LANG ] F:\appnews\thinkphp\lang\zh-cn.php
[ info ] [ ROUTE ] array (
  'type' => 'module',
  'module' => 
  array (
    0 => 'admin',
    1 => 'news',
    2 => 'index',
  ),
)
[ info ] [ HEADER ] array (
  'cookie' => 'pgv_pvi=3343246336; Hm_lvt_080836300300be57b7f34f4b3e97d911=1515745273; PHPSESSID=69oia1mto8roqqmtt2o6pp6v50',
  'accept-language' => 'zh-CN,zh;q=0.9',
  'accept-encoding' => 'gzip, deflate',
  'referer' => 'http://www.appnews.com/public/index.php/admin/index/index.html',
  'accept' => 'text/html,application/xhtml+xml,application/xml;q=0.9,image/webp,image/apng,*/*;q=0.8',
  'user-agent' => 'Mozilla/5.0 (Windows NT 10.0; WOW64) AppleWebKit/537.36 (KHTML, like Gecko) Chrome/65.0.3325.181 Safari/537.36',
  'upgrade-insecure-requests' => '1',
  'cache-control' => 'max-age=0',
  'connection' => 'close',
  'host' => 'www.appnews.com',
)
[ info ] [ PARAM ] array (
)
[ info ] [ SESSION ] INIT array (
  'id' => '',
  'var_session_id' => '',
  'prefix' => 'think',
  'type' => '',
  'auto_start' => true,
)
[ info ] [ RUN ] app\admin\controller\News->index[ F:\appnews\application\admin\controller\News.php ]
[ info ] [ DB ] INIT mysql
[ info ] [ VIEW ] F:\appnews\public/../application/admin\view\news\index.html [ array (
  0 => 'cats',
  1 => 'catid',
  2 => 'title',
  3 => 'start_time',
  4 => 'end_time',
) ]
[ info ] [ LOG ] INIT File
[ sql ] [ DB ] CONNECT:[ UseTime:0.251550s ] mysql:host=111.231.143.243;port=3306;dbname=appnews;charset=utf8
[ sql ] [ SQL ] SHOW COLUMNS FROM `ent_news` [ RunTime:0.158492s ]
[ sql ] [ SQL ] SELECT `id`,`catid`,`image`,`title`,`read_count`,`status`,`is_position`,`update_time`,`create_time` FROM `ent_news` WHERE  `status` <> -1 ORDER BY `id`  desc LIMIT 0,5 [ RunTime:0.167339s ]
[ sql ] [ SQL ] SELECT COUNT(*) AS tp_count FROM `ent_news` WHERE  `status` <> -1 LIMIT 1 [ RunTime:0.148505s ]
---------------------------------------------------------------
[ 2018-04-04T00:08:27+08:00 ] 127.0.0.1 GET /public/index.php/admin/news/index.html
[ info ] www.appnews.com/public/index.php/admin/news/index.html [运行时间：1.037699s][吞吐率：0.96req/s] [内存消耗：2,292.38kb] [文件加载：61]
[ info ] [ LANG ] F:\appnews\thinkphp\lang\zh-cn.php
[ info ] [ ROUTE ] array (
  'type' => 'module',
  'module' => 
  array (
    0 => 'admin',
    1 => 'news',
    2 => 'index',
  ),
)
[ info ] [ HEADER ] array (
  'cookie' => 'pgv_pvi=3343246336; Hm_lvt_080836300300be57b7f34f4b3e97d911=1515745273; PHPSESSID=69oia1mto8roqqmtt2o6pp6v50',
  'accept-language' => 'zh-CN,zh;q=0.9',
  'accept-encoding' => 'gzip, deflate',
  'referer' => 'http://www.appnews.com/public/index.php/admin/index/index.html',
  'accept' => 'text/html,application/xhtml+xml,application/xml;q=0.9,image/webp,image/apng,*/*;q=0.8',
  'user-agent' => 'Mozilla/5.0 (Windows NT 10.0; WOW64) AppleWebKit/537.36 (KHTML, like Gecko) Chrome/65.0.3325.181 Safari/537.36',
  'upgrade-insecure-requests' => '1',
  'cache-control' => 'max-age=0',
  'connection' => 'close',
  'host' => 'www.appnews.com',
)
[ info ] [ PARAM ] array (
)
[ info ] [ SESSION ] INIT array (
  'id' => '',
  'var_session_id' => '',
  'prefix' => 'think',
  'type' => '',
  'auto_start' => true,
)
[ info ] [ RUN ] app\admin\controller\News->index[ F:\appnews\application\admin\controller\News.php ]
[ info ] [ DB ] INIT mysql
[ info ] [ VIEW ] F:\appnews\public/../application/admin\view\news\index.html [ array (
  0 => 'cats',
  1 => 'catid',
  2 => 'title',
  3 => 'start_time',
  4 => 'end_time',
) ]
[ info ] [ LOG ] INIT File
[ sql ] [ DB ] CONNECT:[ UseTime:0.340533s ] mysql:host=111.231.143.243;port=3306;dbname=appnews;charset=utf8
[ sql ] [ SQL ] SHOW COLUMNS FROM `ent_news` [ RunTime:0.164372s ]
[ sql ] [ SQL ] SELECT `id`,`catid`,`image`,`title`,`read_count`,`status`,`is_position`,`update_time`,`create_time` FROM `ent_news` WHERE  `status` <> -1 ORDER BY `id`  desc LIMIT 0,5 [ RunTime:0.159624s ]
[ sql ] [ SQL ] SELECT COUNT(*) AS tp_count FROM `ent_news` WHERE  `status` <> -1 LIMIT 1 [ RunTime:0.161041s ]
---------------------------------------------------------------
[ 2018-04-04T00:09:00+08:00 ] 127.0.0.1 GET /public/index.php/admin/news/index.html
[ info ] www.appnews.com/public/index.php/admin/news/index.html [运行时间：0.817981s][吞吐率：1.22req/s] [内存消耗：2,177.92kb] [文件加载：59]
[ info ] [ LANG ] F:\appnews\thinkphp\lang\zh-cn.php
[ info ] [ ROUTE ] array (
  'type' => 'module',
  'module' => 
  array (
    0 => 'admin',
    1 => 'news',
    2 => 'index',
  ),
)
[ info ] [ HEADER ] array (
  'cookie' => 'pgv_pvi=3343246336; Hm_lvt_080836300300be57b7f34f4b3e97d911=1515745273; PHPSESSID=69oia1mto8roqqmtt2o6pp6v50',
  'accept-language' => 'zh-CN,zh;q=0.9',
  'accept-encoding' => 'gzip, deflate',
  'referer' => 'http://www.appnews.com/public/index.php/admin/index/index.html',
  'accept' => 'text/html,application/xhtml+xml,application/xml;q=0.9,image/webp,image/apng,*/*;q=0.8',
  'user-agent' => 'Mozilla/5.0 (Windows NT 10.0; WOW64) AppleWebKit/537.36 (KHTML, like Gecko) Chrome/65.0.3325.181 Safari/537.36',
  'upgrade-insecure-requests' => '1',
  'cache-control' => 'max-age=0',
  'connection' => 'close',
  'host' => 'www.appnews.com',
)
[ info ] [ PARAM ] array (
)
[ info ] [ SESSION ] INIT array (
  'id' => '',
  'var_session_id' => '',
  'prefix' => 'think',
  'type' => '',
  'auto_start' => true,
)
[ info ] [ RUN ] app\admin\controller\News->index[ F:\appnews\application\admin\controller\News.php ]
[ info ] [ DB ] INIT mysql
[ info ] [ VIEW ] F:\appnews\public/../application/admin\view\news\index.html [ array (
  0 => 'cats',
  1 => 'catid',
  2 => 'title',
  3 => 'start_time',
  4 => 'end_time',
) ]
[ info ] [ LOG ] INIT File
[ sql ] [ DB ] CONNECT:[ UseTime:0.263013s ] mysql:host=111.231.143.243;port=3306;dbname=appnews;charset=utf8
[ sql ] [ SQL ] SHOW COLUMNS FROM `ent_news` [ RunTime:0.162841s ]
[ sql ] [ SQL ] SELECT `id`,`catid`,`image`,`title`,`read_count`,`status`,`is_position`,`update_time`,`create_time` FROM `ent_news` WHERE  `status` <> -1 ORDER BY `id`  desc LIMIT 0,5 [ RunTime:0.157287s ]
[ sql ] [ SQL ] SELECT COUNT(*) AS tp_count FROM `ent_news` WHERE  `status` <> -1 LIMIT 1 [ RunTime:0.108982s ]
---------------------------------------------------------------
[ 2018-04-04T00:10:05+08:00 ] 127.0.0.1 GET /public/index.php/admin/news/index.html
[ info ] www.appnews.com/public/index.php/admin/news/index.html [运行时间：0.562889s][吞吐率：1.78req/s] [内存消耗：2,177.92kb] [文件加载：59]
[ info ] [ LANG ] F:\appnews\thinkphp\lang\zh-cn.php
[ info ] [ ROUTE ] array (
  'type' => 'module',
  'module' => 
  array (
    0 => 'admin',
    1 => 'news',
    2 => 'index',
  ),
)
[ info ] [ HEADER ] array (
  'cookie' => 'pgv_pvi=3343246336; Hm_lvt_080836300300be57b7f34f4b3e97d911=1515745273; PHPSESSID=69oia1mto8roqqmtt2o6pp6v50',
  'accept-language' => 'zh-CN,zh;q=0.9',
  'accept-encoding' => 'gzip, deflate',
  'referer' => 'http://www.appnews.com/public/index.php/admin/index/index.html',
  'accept' => 'text/html,application/xhtml+xml,application/xml;q=0.9,image/webp,image/apng,*/*;q=0.8',
  'user-agent' => 'Mozilla/5.0 (Windows NT 10.0; WOW64) AppleWebKit/537.36 (KHTML, like Gecko) Chrome/65.0.3325.181 Safari/537.36',
  'upgrade-insecure-requests' => '1',
  'cache-control' => 'max-age=0',
  'connection' => 'close',
  'host' => 'www.appnews.com',
)
[ info ] [ PARAM ] array (
)
[ info ] [ SESSION ] INIT array (
  'id' => '',
  'var_session_id' => '',
  'prefix' => 'think',
  'type' => '',
  'auto_start' => true,
)
[ info ] [ RUN ] app\admin\controller\News->index[ F:\appnews\application\admin\controller\News.php ]
[ info ] [ DB ] INIT mysql
[ info ] [ VIEW ] F:\appnews\public/../application/admin\view\news\index.html [ array (
  0 => 'cats',
  1 => 'catid',
  2 => 'title',
  3 => 'start_time',
  4 => 'end_time',
) ]
[ info ] [ LOG ] INIT File
[ sql ] [ DB ] CONNECT:[ UseTime:0.241575s ] mysql:host=111.231.143.243;port=3306;dbname=appnews;charset=utf8
[ sql ] [ SQL ] SHOW COLUMNS FROM `ent_news` [ RunTime:0.077071s ]
[ sql ] [ SQL ] SELECT `id`,`catid`,`image`,`title`,`read_count`,`status`,`is_position`,`update_time`,`create_time` FROM `ent_news` WHERE  `status` <> -1 ORDER BY `id`  desc LIMIT 0,5 [ RunTime:0.078784s ]
[ sql ] [ SQL ] SELECT COUNT(*) AS tp_count FROM `ent_news` WHERE  `status` <> -1 LIMIT 1 [ RunTime:0.081140s ]
---------------------------------------------------------------
[ 2018-04-04T00:10:36+08:00 ] 127.0.0.1 GET /public/index.php/admin/news/index.html
[ info ] www.appnews.com/public/index.php/admin/news/index.html [运行时间：0.807240s][吞吐率：1.24req/s] [内存消耗：2,177.92kb] [文件加载：59]
[ info ] [ LANG ] F:\appnews\thinkphp\lang\zh-cn.php
[ info ] [ ROUTE ] array (
  'type' => 'module',
  'module' => 
  array (
    0 => 'admin',
    1 => 'news',
    2 => 'index',
  ),
)
[ info ] [ HEADER ] array (
  'cookie' => 'pgv_pvi=3343246336; Hm_lvt_080836300300be57b7f34f4b3e97d911=1515745273; PHPSESSID=69oia1mto8roqqmtt2o6pp6v50',
  'accept-language' => 'zh-CN,zh;q=0.9',
  'accept-encoding' => 'gzip, deflate',
  'referer' => 'http://www.appnews.com/public/index.php/admin/index/index.html',
  'accept' => 'text/html,application/xhtml+xml,application/xml;q=0.9,image/webp,image/apng,*/*;q=0.8',
  'user-agent' => 'Mozilla/5.0 (Windows NT 10.0; WOW64) AppleWebKit/537.36 (KHTML, like Gecko) Chrome/65.0.3325.181 Safari/537.36',
  'upgrade-insecure-requests' => '1',
  'cache-control' => 'max-age=0',
  'connection' => 'close',
  'host' => 'www.appnews.com',
)
[ info ] [ PARAM ] array (
)
[ info ] [ SESSION ] INIT array (
  'id' => '',
  'var_session_id' => '',
  'prefix' => 'think',
  'type' => '',
  'auto_start' => true,
)
[ info ] [ RUN ] app\admin\controller\News->index[ F:\appnews\application\admin\controller\News.php ]
[ info ] [ DB ] INIT mysql
[ info ] [ VIEW ] F:\appnews\public/../application/admin\view\news\index.html [ array (
  0 => 'cats',
  1 => 'catid',
  2 => 'title',
  3 => 'start_time',
  4 => 'end_time',
) ]
[ info ] [ LOG ] INIT File
[ sql ] [ DB ] CONNECT:[ UseTime:0.257025s ] mysql:host=111.231.143.243;port=3306;dbname=appnews;charset=utf8
[ sql ] [ SQL ] SHOW COLUMNS FROM `ent_news` [ RunTime:0.160378s ]
[ sql ] [ SQL ] SELECT `id`,`catid`,`image`,`title`,`read_count`,`status`,`is_position`,`update_time`,`create_time` FROM `ent_news` WHERE  `status` <> -1 ORDER BY `id`  desc LIMIT 0,5 [ RunTime:0.121927s ]
[ sql ] [ SQL ] SELECT COUNT(*) AS tp_count FROM `ent_news` WHERE  `status` <> -1 LIMIT 1 [ RunTime:0.121627s ]
---------------------------------------------------------------
[ 2018-04-04T00:10:55+08:00 ] 127.0.0.1 GET /public/index.php/admin/news/index.html
[ info ] www.appnews.com/public/index.php/admin/news/index.html [运行时间：0.804705s][吞吐率：1.24req/s] [内存消耗：2,177.92kb] [文件加载：59]
[ info ] [ LANG ] F:\appnews\thinkphp\lang\zh-cn.php
[ info ] [ ROUTE ] array (
  'type' => 'module',
  'module' => 
  array (
    0 => 'admin',
    1 => 'news',
    2 => 'index',
  ),
)
[ info ] [ HEADER ] array (
  'cookie' => 'pgv_pvi=3343246336; Hm_lvt_080836300300be57b7f34f4b3e97d911=1515745273; PHPSESSID=69oia1mto8roqqmtt2o6pp6v50',
  'accept-language' => 'zh-CN,zh;q=0.9',
  'accept-encoding' => 'gzip, deflate',
  'referer' => 'http://www.appnews.com/public/index.php/admin/index/index.html',
  'accept' => 'text/html,application/xhtml+xml,application/xml;q=0.9,image/webp,image/apng,*/*;q=0.8',
  'user-agent' => 'Mozilla/5.0 (Windows NT 10.0; WOW64) AppleWebKit/537.36 (KHTML, like Gecko) Chrome/65.0.3325.181 Safari/537.36',
  'upgrade-insecure-requests' => '1',
  'cache-control' => 'max-age=0',
  'connection' => 'close',
  'host' => 'www.appnews.com',
)
[ info ] [ PARAM ] array (
)
[ info ] [ SESSION ] INIT array (
  'id' => '',
  'var_session_id' => '',
  'prefix' => 'think',
  'type' => '',
  'auto_start' => true,
)
[ info ] [ RUN ] app\admin\controller\News->index[ F:\appnews\application\admin\controller\News.php ]
[ info ] [ DB ] INIT mysql
[ info ] [ VIEW ] F:\appnews\public/../application/admin\view\news\index.html [ array (
  0 => 'cats',
  1 => 'catid',
  2 => 'title',
  3 => 'start_time',
  4 => 'end_time',
) ]
[ info ] [ LOG ] INIT File
[ sql ] [ DB ] CONNECT:[ UseTime:0.219380s ] mysql:host=111.231.143.243;port=3306;dbname=appnews;charset=utf8
[ sql ] [ SQL ] SHOW COLUMNS FROM `ent_news` [ RunTime:0.142380s ]
[ sql ] [ SQL ] SELECT `id`,`catid`,`image`,`title`,`read_count`,`status`,`is_position`,`update_time`,`create_time` FROM `ent_news` WHERE  `status` <> -1 ORDER BY `id`  desc LIMIT 0,5 [ RunTime:0.160675s ]
[ sql ] [ SQL ] SELECT COUNT(*) AS tp_count FROM `ent_news` WHERE  `status` <> -1 LIMIT 1 [ RunTime:0.154842s ]
---------------------------------------------------------------
[ 2018-04-04T00:11:18+08:00 ] 127.0.0.1 GET /public/index.php/admin/news/index.html
[ info ] www.appnews.com/public/index.php/admin/news/index.html [运行时间：1.079992s][吞吐率：0.93req/s] [内存消耗：2,177.16kb] [文件加载：59]
[ info ] [ LANG ] F:\appnews\thinkphp\lang\zh-cn.php
[ info ] [ ROUTE ] array (
  'type' => 'module',
  'module' => 
  array (
    0 => 'admin',
    1 => 'news',
    2 => 'index',
  ),
)
[ info ] [ HEADER ] array (
  'cookie' => 'pgv_pvi=3343246336; Hm_lvt_080836300300be57b7f34f4b3e97d911=1515745273; PHPSESSID=69oia1mto8roqqmtt2o6pp6v50',
  'accept-language' => 'zh-CN,zh;q=0.9',
  'accept-encoding' => 'gzip, deflate',
  'accept' => 'text/html,application/xhtml+xml,application/xml;q=0.9,image/webp,image/apng,*/*;q=0.8',
  'user-agent' => 'Mozilla/5.0 (Windows NT 10.0; WOW64) AppleWebKit/537.36 (KHTML, like Gecko) Chrome/65.0.3325.181 Safari/537.36',
  'upgrade-insecure-requests' => '1',
  'connection' => 'close',
  'host' => 'www.appnews.com',
)
[ info ] [ PARAM ] array (
)
[ info ] [ SESSION ] INIT array (
  'id' => '',
  'var_session_id' => '',
  'prefix' => 'think',
  'type' => '',
  'auto_start' => true,
)
[ info ] [ RUN ] app\admin\controller\News->index[ F:\appnews\application\admin\controller\News.php ]
[ info ] [ DB ] INIT mysql
[ info ] [ VIEW ] F:\appnews\public/../application/admin\view\news\index.html [ array (
  0 => 'cats',
  1 => 'catid',
  2 => 'title',
  3 => 'start_time',
  4 => 'end_time',
) ]
[ info ] [ LOG ] INIT File
[ sql ] [ DB ] CONNECT:[ UseTime:0.292629s ] mysql:host=111.231.143.243;port=3306;dbname=appnews;charset=utf8
[ sql ] [ SQL ] SHOW COLUMNS FROM `ent_news` [ RunTime:0.238901s ]
[ sql ] [ SQL ] SELECT `id`,`catid`,`image`,`title`,`read_count`,`status`,`is_position`,`update_time`,`create_time` FROM `ent_news` WHERE  `status` <> -1 ORDER BY `id`  desc LIMIT 0,5 [ RunTime:0.159228s ]
[ sql ] [ SQL ] SELECT COUNT(*) AS tp_count FROM `ent_news` WHERE  `status` <> -1 LIMIT 1 [ RunTime:0.198871s ]
---------------------------------------------------------------
[ 2018-04-04T00:11:30+08:00 ] 127.0.0.1 GET /public/index.php/admin/news/index.html
[ info ] www.appnews.com/public/index.php/admin/news/index.html [运行时间：0.784471s][吞吐率：1.27req/s] [内存消耗：2,177.92kb] [文件加载：59]
[ info ] [ LANG ] F:\appnews\thinkphp\lang\zh-cn.php
[ info ] [ ROUTE ] array (
  'type' => 'module',
  'module' => 
  array (
    0 => 'admin',
    1 => 'news',
    2 => 'index',
  ),
)
[ info ] [ HEADER ] array (
  'cookie' => 'pgv_pvi=3343246336; Hm_lvt_080836300300be57b7f34f4b3e97d911=1515745273; PHPSESSID=69oia1mto8roqqmtt2o6pp6v50',
  'accept-language' => 'zh-CN,zh;q=0.9',
  'accept-encoding' => 'gzip, deflate',
  'referer' => 'http://www.appnews.com/public/index.php/admin/index/index.html',
  'accept' => 'text/html,application/xhtml+xml,application/xml;q=0.9,image/webp,image/apng,*/*;q=0.8',
  'user-agent' => 'Mozilla/5.0 (Windows NT 10.0; WOW64) AppleWebKit/537.36 (KHTML, like Gecko) Chrome/65.0.3325.181 Safari/537.36',
  'upgrade-insecure-requests' => '1',
  'cache-control' => 'max-age=0',
  'connection' => 'close',
  'host' => 'www.appnews.com',
)
[ info ] [ PARAM ] array (
)
[ info ] [ SESSION ] INIT array (
  'id' => '',
  'var_session_id' => '',
  'prefix' => 'think',
  'type' => '',
  'auto_start' => true,
)
[ info ] [ RUN ] app\admin\controller\News->index[ F:\appnews\application\admin\controller\News.php ]
[ info ] [ DB ] INIT mysql
[ info ] [ VIEW ] F:\appnews\public/../application/admin\view\news\index.html [ array (
  0 => 'cats',
  1 => 'catid',
  2 => 'title',
  3 => 'start_time',
  4 => 'end_time',
) ]
[ info ] [ LOG ] INIT File
[ sql ] [ DB ] CONNECT:[ UseTime:0.239134s ] mysql:host=111.231.143.243;port=3306;dbname=appnews;charset=utf8
[ sql ] [ SQL ] SHOW COLUMNS FROM `ent_news` [ RunTime:0.149271s ]
[ sql ] [ SQL ] SELECT `id`,`catid`,`image`,`title`,`read_count`,`status`,`is_position`,`update_time`,`create_time` FROM `ent_news` WHERE  `status` <> -1 ORDER BY `id`  desc LIMIT 0,5 [ RunTime:0.167621s ]
[ sql ] [ SQL ] SELECT COUNT(*) AS tp_count FROM `ent_news` WHERE  `status` <> -1 LIMIT 1 [ RunTime:0.135827s ]
---------------------------------------------------------------
[ 2018-04-04T00:14:39+08:00 ] 127.0.0.1 GET /public/index.php/admin/news/index.html
[ info ] www.appnews.com/public/index.php/admin/news/index.html [运行时间：0.887267s][吞吐率：1.13req/s] [内存消耗：2,297.88kb] [文件加载：61]
[ info ] [ LANG ] F:\appnews\thinkphp\lang\zh-cn.php
[ info ] [ ROUTE ] array (
  'type' => 'module',
  'module' => 
  array (
    0 => 'admin',
    1 => 'news',
    2 => 'index',
  ),
)
[ info ] [ HEADER ] array (
  'cookie' => 'pgv_pvi=3343246336; Hm_lvt_080836300300be57b7f34f4b3e97d911=1515745273; PHPSESSID=69oia1mto8roqqmtt2o6pp6v50',
  'accept-language' => 'zh-CN,zh;q=0.9',
  'accept-encoding' => 'gzip, deflate',
  'referer' => 'http://www.appnews.com/public/index.php/admin/index/index.html',
  'accept' => 'text/html,application/xhtml+xml,application/xml;q=0.9,image/webp,image/apng,*/*;q=0.8',
  'user-agent' => 'Mozilla/5.0 (Windows NT 10.0; WOW64) AppleWebKit/537.36 (KHTML, like Gecko) Chrome/65.0.3325.181 Safari/537.36',
  'upgrade-insecure-requests' => '1',
  'cache-control' => 'max-age=0',
  'connection' => 'close',
  'host' => 'www.appnews.com',
)
[ info ] [ PARAM ] array (
)
[ info ] [ SESSION ] INIT array (
  'id' => '',
  'var_session_id' => '',
  'prefix' => 'think',
  'type' => '',
  'auto_start' => true,
)
[ info ] [ RUN ] app\admin\controller\News->index[ F:\appnews\application\admin\controller\News.php ]
[ info ] [ DB ] INIT mysql
[ info ] [ VIEW ] F:\appnews\public/../application/admin\view\news\index.html [ array (
  0 => 'cats',
  1 => 'catid',
  2 => 'title',
  3 => 'start_time',
  4 => 'end_time',
) ]
[ info ] [ LOG ] INIT File
[ sql ] [ DB ] CONNECT:[ UseTime:0.248280s ] mysql:host=111.231.143.243;port=3306;dbname=appnews;charset=utf8
[ sql ] [ SQL ] SHOW COLUMNS FROM `ent_news` [ RunTime:0.132494s ]
[ sql ] [ SQL ] SELECT `id`,`catid`,`image`,`title`,`read_count`,`status`,`is_position`,`update_time`,`create_time` FROM `ent_news` WHERE  `status` <> -1 ORDER BY `id`  desc LIMIT 0,5 [ RunTime:0.176079s ]
[ sql ] [ SQL ] SELECT COUNT(*) AS tp_count FROM `ent_news` WHERE  `status` <> -1 LIMIT 1 [ RunTime:0.120762s ]
---------------------------------------------------------------
[ 2018-04-04T00:15:12+08:00 ] 127.0.0.1 GET /public/index.php/admin/news/index.html
[ info ] www.appnews.com/public/index.php/admin/news/index.html [运行时间：0.998670s][吞吐率：1.00req/s] [内存消耗：2,297.63kb] [文件加载：61]
[ info ] [ LANG ] F:\appnews\thinkphp\lang\zh-cn.php
[ info ] [ ROUTE ] array (
  'type' => 'module',
  'module' => 
  array (
    0 => 'admin',
    1 => 'news',
    2 => 'index',
  ),
)
[ info ] [ HEADER ] array (
  'cookie' => 'pgv_pvi=3343246336; Hm_lvt_080836300300be57b7f34f4b3e97d911=1515745273; PHPSESSID=69oia1mto8roqqmtt2o6pp6v50',
  'accept-language' => 'zh-CN,zh;q=0.9',
  'accept-encoding' => 'gzip, deflate',
  'referer' => 'http://www.appnews.com/public/index.php/admin/index/index.html',
  'accept' => 'text/html,application/xhtml+xml,application/xml;q=0.9,image/webp,image/apng,*/*;q=0.8',
  'user-agent' => 'Mozilla/5.0 (Windows NT 10.0; WOW64) AppleWebKit/537.36 (KHTML, like Gecko) Chrome/65.0.3325.181 Safari/537.36',
  'upgrade-insecure-requests' => '1',
  'cache-control' => 'max-age=0',
  'connection' => 'close',
  'host' => 'www.appnews.com',
)
[ info ] [ PARAM ] array (
)
[ info ] [ SESSION ] INIT array (
  'id' => '',
  'var_session_id' => '',
  'prefix' => 'think',
  'type' => '',
  'auto_start' => true,
)
[ info ] [ RUN ] app\admin\controller\News->index[ F:\appnews\application\admin\controller\News.php ]
[ info ] [ DB ] INIT mysql
[ info ] [ VIEW ] F:\appnews\public/../application/admin\view\news\index.html [ array (
  0 => 'cats',
  1 => 'catid',
  2 => 'title',
  3 => 'start_time',
  4 => 'end_time',
) ]
[ info ] [ LOG ] INIT File
[ sql ] [ DB ] CONNECT:[ UseTime:0.320219s ] mysql:host=111.231.143.243;port=3306;dbname=appnews;charset=utf8
[ sql ] [ SQL ] SHOW COLUMNS FROM `ent_news` [ RunTime:0.156698s ]
[ sql ] [ SQL ] SELECT `id`,`catid`,`image`,`title`,`read_count`,`status`,`is_position`,`update_time`,`create_time` FROM `ent_news` WHERE  `status` <> -1 ORDER BY `id`  desc LIMIT 0,5 [ RunTime:0.153307s ]
[ sql ] [ SQL ] SELECT COUNT(*) AS tp_count FROM `ent_news` WHERE  `status` <> -1 LIMIT 1 [ RunTime:0.159271s ]
---------------------------------------------------------------
[ 2018-04-04T00:15:16+08:00 ] 127.0.0.1 GET /public/index.php/admin/news/index.html
[ info ] www.appnews.com/public/index.php/admin/news/index.html [运行时间：0.881859s][吞吐率：1.13req/s] [内存消耗：2,178.42kb] [文件加载：59]
[ info ] [ LANG ] F:\appnews\thinkphp\lang\zh-cn.php
[ info ] [ ROUTE ] array (
  'type' => 'module',
  'module' => 
  array (
    0 => 'admin',
    1 => 'news',
    2 => 'index',
  ),
)
[ info ] [ HEADER ] array (
  'cookie' => 'pgv_pvi=3343246336; Hm_lvt_080836300300be57b7f34f4b3e97d911=1515745273; PHPSESSID=69oia1mto8roqqmtt2o6pp6v50',
  'accept-language' => 'zh-CN,zh;q=0.9',
  'accept-encoding' => 'gzip, deflate',
  'referer' => 'http://www.appnews.com/public/index.php/admin/index/index.html',
  'accept' => 'text/html,application/xhtml+xml,application/xml;q=0.9,image/webp,image/apng,*/*;q=0.8',
  'user-agent' => 'Mozilla/5.0 (Windows NT 10.0; WOW64) AppleWebKit/537.36 (KHTML, like Gecko) Chrome/65.0.3325.181 Safari/537.36',
  'upgrade-insecure-requests' => '1',
  'cache-control' => 'max-age=0',
  'connection' => 'close',
  'host' => 'www.appnews.com',
)
[ info ] [ PARAM ] array (
)
[ info ] [ SESSION ] INIT array (
  'id' => '',
  'var_session_id' => '',
  'prefix' => 'think',
  'type' => '',
  'auto_start' => true,
)
[ info ] [ RUN ] app\admin\controller\News->index[ F:\appnews\application\admin\controller\News.php ]
[ info ] [ DB ] INIT mysql
[ info ] [ VIEW ] F:\appnews\public/../application/admin\view\news\index.html [ array (
  0 => 'cats',
  1 => 'catid',
  2 => 'title',
  3 => 'start_time',
  4 => 'end_time',
) ]
[ info ] [ LOG ] INIT File
[ sql ] [ DB ] CONNECT:[ UseTime:0.257181s ] mysql:host=111.231.143.243;port=3306;dbname=appnews;charset=utf8
[ sql ] [ SQL ] SHOW COLUMNS FROM `ent_news` [ RunTime:0.240927s ]
[ sql ] [ SQL ] SELECT `id`,`catid`,`image`,`title`,`read_count`,`status`,`is_position`,`update_time`,`create_time` FROM `ent_news` WHERE  `status` <> -1 ORDER BY `id`  desc LIMIT 0,5 [ RunTime:0.117483s ]
[ sql ] [ SQL ] SELECT COUNT(*) AS tp_count FROM `ent_news` WHERE  `status` <> -1 LIMIT 1 [ RunTime:0.158794s ]
---------------------------------------------------------------
[ 2018-04-04T00:15:57+08:00 ] 127.0.0.1 GET /public/index.php/admin/news/index.html
[ info ] www.appnews.com/public/index.php/admin/news/index.html [运行时间：0.919349s][吞吐率：1.09req/s] [内存消耗：2,297.88kb] [文件加载：61]
[ info ] [ LANG ] F:\appnews\thinkphp\lang\zh-cn.php
[ info ] [ ROUTE ] array (
  'type' => 'module',
  'module' => 
  array (
    0 => 'admin',
    1 => 'news',
    2 => 'index',
  ),
)
[ info ] [ HEADER ] array (
  'cookie' => 'pgv_pvi=3343246336; Hm_lvt_080836300300be57b7f34f4b3e97d911=1515745273; PHPSESSID=69oia1mto8roqqmtt2o6pp6v50',
  'accept-language' => 'zh-CN,zh;q=0.9',
  'accept-encoding' => 'gzip, deflate',
  'referer' => 'http://www.appnews.com/public/index.php/admin/index/index.html',
  'accept' => 'text/html,application/xhtml+xml,application/xml;q=0.9,image/webp,image/apng,*/*;q=0.8',
  'user-agent' => 'Mozilla/5.0 (Windows NT 10.0; WOW64) AppleWebKit/537.36 (KHTML, like Gecko) Chrome/65.0.3325.181 Safari/537.36',
  'upgrade-insecure-requests' => '1',
  'cache-control' => 'max-age=0',
  'connection' => 'close',
  'host' => 'www.appnews.com',
)
[ info ] [ PARAM ] array (
)
[ info ] [ SESSION ] INIT array (
  'id' => '',
  'var_session_id' => '',
  'prefix' => 'think',
  'type' => '',
  'auto_start' => true,
)
[ info ] [ RUN ] app\admin\controller\News->index[ F:\appnews\application\admin\controller\News.php ]
[ info ] [ DB ] INIT mysql
[ info ] [ VIEW ] F:\appnews\public/../application/admin\view\news\index.html [ array (
  0 => 'cats',
  1 => 'catid',
  2 => 'title',
  3 => 'start_time',
  4 => 'end_time',
) ]
[ info ] [ LOG ] INIT File
[ sql ] [ DB ] CONNECT:[ UseTime:0.250225s ] mysql:host=111.231.143.243;port=3306;dbname=appnews;charset=utf8
[ sql ] [ SQL ] SHOW COLUMNS FROM `ent_news` [ RunTime:0.162298s ]
[ sql ] [ SQL ] SELECT `id`,`catid`,`image`,`title`,`read_count`,`status`,`is_position`,`update_time`,`create_time` FROM `ent_news` WHERE  `status` <> -1 ORDER BY `id`  desc LIMIT 0,5 [ RunTime:0.165803s ]
[ sql ] [ SQL ] SELECT COUNT(*) AS tp_count FROM `ent_news` WHERE  `status` <> -1 LIMIT 1 [ RunTime:0.148825s ]
---------------------------------------------------------------
[ 2018-04-04T00:42:11+08:00 ] 127.0.0.1 GET /public/index.php/admin/news/index.html
[ info ] www.appnews.com/public/index.php/admin/news/index.html [运行时间：0.761056s][吞吐率：1.31req/s] [内存消耗：2,345.74kb] [文件加载：64]
[ info ] [ LANG ] F:\appnews\thinkphp\lang\zh-cn.php
[ info ] [ ROUTE ] array (
  'type' => 'module',
  'module' => 
  array (
    0 => 'admin',
    1 => 'news',
    2 => 'index',
  ),
)
[ info ] [ HEADER ] array (
  'cookie' => 'pgv_pvi=3343246336; Hm_lvt_080836300300be57b7f34f4b3e97d911=1515745273; PHPSESSID=69oia1mto8roqqmtt2o6pp6v50',
  'accept-language' => 'zh-CN,zh;q=0.9',
  'accept-encoding' => 'gzip, deflate',
  'referer' => 'http://www.appnews.com/public/index.php/admin/index/index.html',
  'accept' => 'text/html,application/xhtml+xml,application/xml;q=0.9,image/webp,image/apng,*/*;q=0.8',
  'user-agent' => 'Mozilla/5.0 (Windows NT 10.0; WOW64) AppleWebKit/537.36 (KHTML, like Gecko) Chrome/65.0.3325.181 Safari/537.36',
  'upgrade-insecure-requests' => '1',
  'cache-control' => 'max-age=0',
  'connection' => 'close',
  'host' => 'www.appnews.com',
)
[ info ] [ PARAM ] array (
)
[ info ] [ SESSION ] INIT array (
  'id' => '',
  'var_session_id' => '',
  'prefix' => 'think',
  'type' => '',
  'auto_start' => true,
)
[ info ] [ RUN ] app\admin\controller\News->index[ F:\appnews\application\admin\controller\News.php ]
[ info ] [ DB ] INIT mysql
[ info ] [ VIEW ] F:\appnews\public/../application/admin\view\news\index.html [ array (
  0 => 'cats',
  1 => 'catid',
  2 => 'title',
  3 => 'start_time',
  4 => 'end_time',
  5 => 'news',
) ]
[ info ] [ LOG ] INIT File
[ sql ] [ DB ] CONNECT:[ UseTime:0.196332s ] mysql:host=111.231.143.243;port=3306;dbname=appnews;charset=utf8
[ sql ] [ SQL ] SHOW COLUMNS FROM `ent_news` [ RunTime:0.098176s ]
[ sql ] [ SQL ] SELECT `id`,`catid`,`image`,`title`,`read_count`,`status`,`is_position`,`update_time`,`create_time` FROM `ent_news` WHERE  `status` <> -1 ORDER BY `id`  desc LIMIT 0,5 [ RunTime:0.079094s ]
[ sql ] [ SQL ] SELECT COUNT(*) AS tp_count FROM `ent_news` WHERE  `status` <> -1 LIMIT 1 [ RunTime:0.088792s ]
[ error ] [0]致命错误: Call to undefined function status()[F:\appnews\runtime\temp\fce7612abd7af695ebae2b62f6c12ec6.php:69]
---------------------------------------------------------------
[ 2018-04-04T00:42:42+08:00 ] 127.0.0.1 GET /public/index.php/admin/news/index.html
[ info ] www.appnews.com/public/index.php/admin/news/index.html [运行时间：0.549810s][吞吐率：1.82req/s] [内存消耗：2,310.82kb] [文件加载：61]
[ info ] [ LANG ] F:\appnews\thinkphp\lang\zh-cn.php
[ info ] [ ROUTE ] array (
  'type' => 'module',
  'module' => 
  array (
    0 => 'admin',
    1 => 'news',
    2 => 'index',
  ),
)
[ info ] [ HEADER ] array (
  'cookie' => 'pgv_pvi=3343246336; Hm_lvt_080836300300be57b7f34f4b3e97d911=1515745273; PHPSESSID=69oia1mto8roqqmtt2o6pp6v50',
  'accept-language' => 'zh-CN,zh;q=0.9',
  'accept-encoding' => 'gzip, deflate',
  'referer' => 'http://www.appnews.com/public/index.php/admin/index/index.html',
  'accept' => 'text/html,application/xhtml+xml,application/xml;q=0.9,image/webp,image/apng,*/*;q=0.8',
  'user-agent' => 'Mozilla/5.0 (Windows NT 10.0; WOW64) AppleWebKit/537.36 (KHTML, like Gecko) Chrome/65.0.3325.181 Safari/537.36',
  'upgrade-insecure-requests' => '1',
  'cache-control' => 'max-age=0',
  'connection' => 'close',
  'host' => 'www.appnews.com',
)
[ info ] [ PARAM ] array (
)
[ info ] [ SESSION ] INIT array (
  'id' => '',
  'var_session_id' => '',
  'prefix' => 'think',
  'type' => '',
  'auto_start' => true,
)
[ info ] [ RUN ] app\admin\controller\News->index[ F:\appnews\application\admin\controller\News.php ]
[ info ] [ DB ] INIT mysql
[ info ] [ VIEW ] F:\appnews\public/../application/admin\view\news\index.html [ array (
  0 => 'cats',
  1 => 'catid',
  2 => 'title',
  3 => 'start_time',
  4 => 'end_time',
  5 => 'news',
) ]
[ info ] [ LOG ] INIT File
[ sql ] [ DB ] CONNECT:[ UseTime:0.114918s ] mysql:host=111.231.143.243;port=3306;dbname=appnews;charset=utf8
[ sql ] [ SQL ] SHOW COLUMNS FROM `ent_news` [ RunTime:0.057201s ]
[ sql ] [ SQL ] SELECT `id`,`catid`,`image`,`title`,`read_count`,`status`,`is_position`,`update_time`,`create_time` FROM `ent_news` WHERE  `status` <> -1 ORDER BY `id`  desc LIMIT 0,5 [ RunTime:0.072747s ]
[ sql ] [ SQL ] SELECT COUNT(*) AS tp_count FROM `ent_news` WHERE  `status` <> -1 LIMIT 1 [ RunTime:0.059894s ]
---------------------------------------------------------------
[ 2018-04-04T00:43:43+08:00 ] 127.0.0.1 GET /public/index.php/admin/news/index.html
[ info ] www.appnews.com/public/index.php/admin/news/index.html [运行时间：0.868564s][吞吐率：1.15req/s] [内存消耗：2,310.82kb] [文件加载：61]
[ info ] [ LANG ] F:\appnews\thinkphp\lang\zh-cn.php
[ info ] [ ROUTE ] array (
  'type' => 'module',
  'module' => 
  array (
    0 => 'admin',
    1 => 'news',
    2 => 'index',
  ),
)
[ info ] [ HEADER ] array (
  'cookie' => 'pgv_pvi=3343246336; Hm_lvt_080836300300be57b7f34f4b3e97d911=1515745273; PHPSESSID=69oia1mto8roqqmtt2o6pp6v50',
  'accept-language' => 'zh-CN,zh;q=0.9',
  'accept-encoding' => 'gzip, deflate',
  'referer' => 'http://www.appnews.com/public/index.php/admin/index/index.html',
  'accept' => 'text/html,application/xhtml+xml,application/xml;q=0.9,image/webp,image/apng,*/*;q=0.8',
  'user-agent' => 'Mozilla/5.0 (Windows NT 10.0; WOW64) AppleWebKit/537.36 (KHTML, like Gecko) Chrome/65.0.3325.181 Safari/537.36',
  'upgrade-insecure-requests' => '1',
  'cache-control' => 'max-age=0',
  'connection' => 'close',
  'host' => 'www.appnews.com',
)
[ info ] [ PARAM ] array (
)
[ info ] [ SESSION ] INIT array (
  'id' => '',
  'var_session_id' => '',
  'prefix' => 'think',
  'type' => '',
  'auto_start' => true,
)
[ info ] [ RUN ] app\admin\controller\News->index[ F:\appnews\application\admin\controller\News.php ]
[ info ] [ DB ] INIT mysql
[ info ] [ VIEW ] F:\appnews\public/../application/admin\view\news\index.html [ array (
  0 => 'cats',
  1 => 'catid',
  2 => 'title',
  3 => 'start_time',
  4 => 'end_time',
  5 => 'news',
) ]
[ info ] [ LOG ] INIT File
[ sql ] [ DB ] CONNECT:[ UseTime:0.238171s ] mysql:host=111.231.143.243;port=3306;dbname=appnews;charset=utf8
[ sql ] [ SQL ] SHOW COLUMNS FROM `ent_news` [ RunTime:0.159144s ]
[ sql ] [ SQL ] SELECT `id`,`catid`,`image`,`title`,`read_count`,`status`,`is_position`,`update_time`,`create_time` FROM `ent_news` WHERE  `status` <> -1 ORDER BY `id`  desc LIMIT 0,5 [ RunTime:0.146366s ]
[ sql ] [ SQL ] SELECT COUNT(*) AS tp_count FROM `ent_news` WHERE  `status` <> -1 LIMIT 1 [ RunTime:0.158896s ]
---------------------------------------------------------------
[ 2018-04-04T00:46:58+08:00 ] 127.0.0.1 GET /public/index.php/admin/news/index.html
[ info ] www.appnews.com/public/index.php/admin/news/index.html [运行时间：0.850227s][吞吐率：1.18req/s] [内存消耗：2,315.39kb] [文件加载：61]
[ info ] [ LANG ] F:\appnews\thinkphp\lang\zh-cn.php
[ info ] [ ROUTE ] array (
  'type' => 'module',
  'module' => 
  array (
    0 => 'admin',
    1 => 'news',
    2 => 'index',
  ),
)
[ info ] [ HEADER ] array (
  'cookie' => 'pgv_pvi=3343246336; Hm_lvt_080836300300be57b7f34f4b3e97d911=1515745273; PHPSESSID=69oia1mto8roqqmtt2o6pp6v50',
  'accept-language' => 'zh-CN,zh;q=0.9',
  'accept-encoding' => 'gzip, deflate',
  'referer' => 'http://www.appnews.com/public/index.php/admin/index/index.html',
  'accept' => 'text/html,application/xhtml+xml,application/xml;q=0.9,image/webp,image/apng,*/*;q=0.8',
  'user-agent' => 'Mozilla/5.0 (Windows NT 10.0; WOW64) AppleWebKit/537.36 (KHTML, like Gecko) Chrome/65.0.3325.181 Safari/537.36',
  'upgrade-insecure-requests' => '1',
  'cache-control' => 'max-age=0',
  'connection' => 'close',
  'host' => 'www.appnews.com',
)
[ info ] [ PARAM ] array (
)
[ info ] [ SESSION ] INIT array (
  'id' => '',
  'var_session_id' => '',
  'prefix' => 'think',
  'type' => '',
  'auto_start' => true,
)
[ info ] [ RUN ] app\admin\controller\News->index[ F:\appnews\application\admin\controller\News.php ]
[ info ] [ DB ] INIT mysql
[ info ] [ VIEW ] F:\appnews\public/../application/admin\view\news\index.html [ array (
  0 => 'cats',
  1 => 'catid',
  2 => 'title',
  3 => 'start_time',
  4 => 'end_time',
  5 => 'news',
) ]
[ info ] [ LOG ] INIT File
[ sql ] [ DB ] CONNECT:[ UseTime:0.226010s ] mysql:host=111.231.143.243;port=3306;dbname=appnews;charset=utf8
[ sql ] [ SQL ] SHOW COLUMNS FROM `ent_news` [ RunTime:0.118586s ]
[ sql ] [ SQL ] SELECT `id`,`catid`,`image`,`title`,`read_count`,`status`,`is_position`,`update_time`,`create_time` FROM `ent_news` WHERE  `status` <> -1 ORDER BY `id`  desc LIMIT 0,5 [ RunTime:0.090458s ]
[ sql ] [ SQL ] SELECT COUNT(*) AS tp_count FROM `ent_news` WHERE  `status` <> -1 LIMIT 1 [ RunTime:0.133714s ]
