---------------------------------------------------------------
[ 2018-04-08T00:00:15+08:00 ] 127.0.0.1 GET /public/index.php/admin/news/add.html
[ info ] www.appnews.com/public/index.php/admin/news/add.html [运行时间：0.184563s][吞吐率：5.42req/s] [内存消耗：1,453.35kb] [文件加载：51]
[ info ] [ LANG ] F:\appnews\thinkphp\lang\zh-cn.php
[ info ] [ ROUTE ] array (
  'type' => 'module',
  'module' => 
  array (
    0 => 'admin',
    1 => 'news',
    2 => 'add',
  ),
)
[ info ] [ HEADER ] array (
  'cookie' => 'pgv_pvi=3343246336; Hm_lvt_080836300300be57b7f34f4b3e97d911=1515745273; PHPSESSID=2kuurbqbfo4a849rgbbijmkp64',
  'accept-language' => 'zh-CN,zh;q=0.9',
  'accept-encoding' => 'gzip, deflate',
  'referer' => 'http://www.appnews.com/public/index.php/admin/index/index.html',
  'accept' => 'text/html,application/xhtml+xml,application/xml;q=0.9,image/webp,image/apng,*/*;q=0.8',
  'user-agent' => 'Mozilla/5.0 (Windows NT 10.0; WOW64) AppleWebKit/537.36 (KHTML, like Gecko) Chrome/65.0.3325.181 Safari/537.36',
  'upgrade-insecure-requests' => '1',
  'connection' => 'close',
  'host' => 'www.appnews.com',
)
[ info ] [ PARAM ] array (
)
[ info ] [ SESSION ] INIT array (
  'id' => '',
  'var_session_id' => '',
  'prefix' => 'think',
  'type' => '',
  'auto_start' => true,
)
[ info ] [ RUN ] app\admin\controller\News->add[ F:\appnews\application\admin\controller\News.php ]
[ info ] [ VIEW ] F:\appnews\public/../application/admin\view\news\add.html [ array (
  0 => 'cats',
) ]
[ info ] [ LOG ] INIT File
