---------------------------------------------------------------
[ 2018-04-17T00:11:49+08:00 ] 127.0.0.1 GET /public/index.php/api/v1/cat
[ info ] www.appnews.com/public/index.php/api/v1/cat [运行时间：0.096357s][吞吐率：10.38req/s] [内存消耗：1,336.68kb] [文件加载：53]
[ info ] [ LANG ] F:\appnews\thinkphp\lang\zh-cn.php
[ info ] [ ROUTE ] array (
  'type' => 'module',
  'module' => 
  array (
    0 => 'api',
    1 => 'v1.cat',
    2 => 'read',
  ),
  'convert' => false,
)
[ info ] [ HEADER ] array (
  'accept-language' => 'zh-CN,zh;q=0.9',
  'accept-encoding' => 'gzip, deflate',
  'accept' => '*/*',
  'version' => '1.0',
  'sign' => 'HeWn+pqm/5/Tt1nK68c/iUpmNDdHaXVFYVNxb2RDYldmVzZzV0JQZXpJaUZxOFhZS2FMRVVaMkhkV3BMV3ljOVA3ZDNRQ0lMdFFURHJ4alo=',
  'postman-token' => '84d63bb1-b110-ca05-0038-e4254452d487',
  'cache-control' => 'no-cache',
  'did' => '12345dg',
  'content-type' => 'application/x-www-form-urlencoded',
  'user-agent' => 'Mozilla/5.0 (Windows NT 10.0; WOW64) AppleWebKit/537.36 (KHTML, like Gecko) Chrome/65.0.3325.181 Safari/537.36',
  'model' => 'xiaomi5',
  'connection' => 'close',
  'host' => 'www.appnews.com',
)
[ info ] [ PARAM ] array (
  'ver' => 'v1',
)
[ info ] [ RUN ] app\api\controller\v1\Cat->read[ F:\appnews\application\api\controller\v1\Cat.php ]
[ info ] [ LOG ] INIT File
[ error ] [0]错误！[F:\appnews\application\api\controller\v1\Cat.php:25]
---------------------------------------------------------------
[ 2018-04-17T00:12:18+08:00 ] 127.0.0.1 GET /public/index.php/api/v1/cat
[ info ] www.appnews.com/public/index.php/api/v1/cat [运行时间：0.125085s][吞吐率：7.99req/s] [内存消耗：1,336.69kb] [文件加载：53]
[ info ] [ LANG ] F:\appnews\thinkphp\lang\zh-cn.php
[ info ] [ ROUTE ] array (
  'type' => 'module',
  'module' => 
  array (
    0 => 'api',
    1 => 'v1.cat',
    2 => 'read',
  ),
  'convert' => false,
)
[ info ] [ HEADER ] array (
  'accept-language' => 'zh-CN,zh;q=0.9',
  'accept-encoding' => 'gzip, deflate',
  'accept' => '*/*',
  'version' => '1.0',
  'sign' => 'HeWn+pqm/5/Tt1nK68c/iUpmNDdHaXVFYVNxb2RDYldmVzZzV0JQZXpJaUZxOFhZS2FMRVVaMkhkV3BMV3ljOVA3ZDNRQ0lMdFFURHJ4alo=',
  'postman-token' => 'b2a0afe0-98e8-0bc4-3b5a-e8d2635d2cb9',
  'cache-control' => 'no-cache',
  'did' => '12345dg',
  'content-type' => 'application/x-www-form-urlencoded',
  'user-agent' => 'Mozilla/5.0 (Windows NT 10.0; WOW64) AppleWebKit/537.36 (KHTML, like Gecko) Chrome/65.0.3325.181 Safari/537.36',
  'model' => 'xiaomi5',
  'connection' => 'close',
  'host' => 'www.appnews.com',
)
[ info ] [ PARAM ] array (
  'ver' => 'v1',
)
[ info ] [ RUN ] app\api\controller\v1\Cat->read[ F:\appnews\application\api\controller\v1\Cat.php ]
[ info ] [ LOG ] INIT File
[ error ] [0]错误！[F:\appnews\application\api\controller\v1\Cat.php:25]
---------------------------------------------------------------
[ 2018-04-17T00:12:23+08:00 ] 127.0.0.1 GET /public/index.php/api/v1/cat
[ error ] [0]错误！
---------------------------------------------------------------
[ 2018-04-17T00:15:55+08:00 ] 127.0.0.1 GET /public/index.php/api/v1/cat
[ error ] [0]错误！
---------------------------------------------------------------
[ 2018-04-17T00:17:07+08:00 ] 127.0.0.1 GET /public/index.php/api/v1/cat
[ error ] [0]错误！
---------------------------------------------------------------
[ 2018-04-17T00:31:27+08:00 ] 127.0.0.1 GET /public/index.php/api/v1/cat
[ error ] [0]错误！
---------------------------------------------------------------
[ 2018-04-17T00:33:52+08:00 ] 127.0.0.1 GET /public/index.php/api/v1/cat
[ error ] [0]错误！
---------------------------------------------------------------
[ 2018-04-17T23:06:42+08:00 ] 127.0.0.1 GET /public/index.php/api/v1/cat
[ error ] [0]错误！
