---------------------------------------------------------------
[ 2018-03-31T12:34:43+08:00 ] 127.0.0.1 GET /public/index.php
[ info ] www.appnews.com/public/index.php [运行时间：2.592902s][吞吐率：0.39req/s] [内存消耗：1,431.33kb] [文件加载：47]
[ info ] [ LANG ] F:\appnews\thinkphp\lang\zh-cn.php
[ info ] [ ROUTE ] array (
  'type' => 'module',
  'module' => 
  array (
    0 => '',
    1 => NULL,
    2 => NULL,
  ),
)
[ info ] [ HEADER ] array (
  'cookie' => 'pgv_pvi=3343246336; Hm_lvt_080836300300be57b7f34f4b3e97d911=1515745273',
  'accept-language' => 'zh-CN,zh;q=0.9',
  'accept-encoding' => 'gzip, deflate',
  'accept' => 'text/html,application/xhtml+xml,application/xml;q=0.9,image/webp,image/apng,*/*;q=0.8',
  'user-agent' => 'Mozilla/5.0 (Windows NT 10.0; WOW64) AppleWebKit/537.36 (KHTML, like Gecko) Chrome/65.0.3325.181 Safari/537.36',
  'upgrade-insecure-requests' => '1',
  'connection' => 'close',
  'host' => 'www.appnews.com',
)
[ info ] [ PARAM ] array (
)
[ info ] [ RUN ] app\admin\controller\Index->index[ F:\appnews\application\admin\controller\Index.php ]
[ info ] [ VIEW ] F:\appnews\public/../application/admin\view\index\index.html [ array (
) ]
[ info ] [ SESSION ] INIT array (
  'id' => '',
  'var_session_id' => '',
  'prefix' => 'think',
  'type' => '',
  'auto_start' => true,
)
[ info ] [ LOG ] INIT File
---------------------------------------------------------------
[ 2018-03-31T12:34:45+08:00 ] 127.0.0.1 GET /public/index.php/admin/index/welcome.html
[ info ] www.appnews.com/public/index.php/admin/index/welcome.html [运行时间：0.195015s][吞吐率：5.13req/s] [内存消耗：1,376.42kb] [文件加载：46]
[ info ] [ LANG ] F:\appnews\thinkphp\lang\zh-cn.php
[ info ] [ ROUTE ] array (
  'type' => 'module',
  'module' => 
  array (
    0 => 'admin',
    1 => 'index',
    2 => 'welcome',
  ),
)
[ info ] [ HEADER ] array (
  'cookie' => 'pgv_pvi=3343246336; Hm_lvt_080836300300be57b7f34f4b3e97d911=1515745273; PHPSESSID=7n6c8naivkhsn2rqa21lp6a7c0',
  'accept-language' => 'zh-CN,zh;q=0.9',
  'accept-encoding' => 'gzip, deflate',
  'referer' => 'http://www.appnews.com/public/index.php',
  'accept' => 'text/html,application/xhtml+xml,application/xml;q=0.9,image/webp,image/apng,*/*;q=0.8',
  'user-agent' => 'Mozilla/5.0 (Windows NT 10.0; WOW64) AppleWebKit/537.36 (KHTML, like Gecko) Chrome/65.0.3325.181 Safari/537.36',
  'upgrade-insecure-requests' => '1',
  'connection' => 'close',
  'host' => 'www.appnews.com',
)
[ info ] [ PARAM ] array (
)
[ info ] [ RUN ] app\admin\controller\Index->welcome[ F:\appnews\application\admin\controller\Index.php ]
[ info ] [ VIEW ] F:\appnews\public/../application/admin\view\index\welcome.html [ array (
) ]
[ info ] [ LOG ] INIT File
---------------------------------------------------------------
[ 2018-03-31T12:34:45+08:00 ] 127.0.0.1 GET /public/index.php/admin/index/lib/jquery/1.9.1/jquery.min.js
[ info ] www.appnews.com/public/index.php/admin/index/lib/jquery/1.9.1/jquery.min.js [运行时间：0.455948s][吞吐率：2.19req/s] [内存消耗：1,275.06kb] [文件加载：46]
[ info ] [ LANG ] F:\appnews\thinkphp\lang\zh-cn.php
[ info ] [ ROUTE ] array (
  'type' => 'module',
  'module' => 
  array (
    0 => 'admin',
    1 => 'index',
    2 => 'lib',
  ),
)
[ info ] [ HEADER ] array (
  'cookie' => 'pgv_pvi=3343246336; Hm_lvt_080836300300be57b7f34f4b3e97d911=1515745273; PHPSESSID=7n6c8naivkhsn2rqa21lp6a7c0',
  'accept-language' => 'zh-CN,zh;q=0.9',
  'accept-encoding' => 'gzip, deflate',
  'referer' => 'http://www.appnews.com/public/index.php/admin/index/welcome.html',
  'accept' => '*/*',
  'user-agent' => 'Mozilla/5.0 (Windows NT 10.0; WOW64) AppleWebKit/537.36 (KHTML, like Gecko) Chrome/65.0.3325.181 Safari/537.36',
  'connection' => 'close',
  'host' => 'www.appnews.com',
)
[ info ] [ PARAM ] array (
  'jquery' => '1.9.1',
)
[ info ] [ LOG ] INIT File
---------------------------------------------------------------
[ 2018-03-31T12:34:46+08:00 ] 127.0.0.1 GET /public/index.php/admin/index/static/h-ui/js/H-ui.min.js
[ info ] www.appnews.com/public/index.php/admin/index/static/h-ui/js/H-ui.min.js [运行时间：0.075069s][吞吐率：13.32req/s] [内存消耗：1,275.05kb] [文件加载：46]
[ info ] [ LANG ] F:\appnews\thinkphp\lang\zh-cn.php
[ info ] [ ROUTE ] array (
  'type' => 'module',
  'module' => 
  array (
    0 => 'admin',
    1 => 'index',
    2 => 'static',
  ),
)
[ info ] [ HEADER ] array (
  'cookie' => 'pgv_pvi=3343246336; Hm_lvt_080836300300be57b7f34f4b3e97d911=1515745273; PHPSESSID=7n6c8naivkhsn2rqa21lp6a7c0',
  'accept-language' => 'zh-CN,zh;q=0.9',
  'accept-encoding' => 'gzip, deflate',
  'referer' => 'http://www.appnews.com/public/index.php/admin/index/welcome.html',
  'accept' => '*/*',
  'user-agent' => 'Mozilla/5.0 (Windows NT 10.0; WOW64) AppleWebKit/537.36 (KHTML, like Gecko) Chrome/65.0.3325.181 Safari/537.36',
  'connection' => 'close',
  'host' => 'www.appnews.com',
)
[ info ] [ PARAM ] array (
  'ui' => 'js',
)
[ info ] [ LOG ] INIT File
